[0.713s] Invoking command in '/home/sema/Desktop/drone_ws/src/kontrol': PYTHONPATH=/home/sema/Desktop/drone_ws/build/kontrol/prefix_override:/home/sema/Desktop/drone_ws/install/kontrol/lib/python3.10/site-packages:${PYTHONPATH} /usr/bin/python3 setup.py egg_info --egg-base ../../build/kontrol build --build-base /home/sema/Desktop/drone_ws/build/kontrol/build install --record /home/sema/Desktop/drone_ws/build/kontrol/install.log --single-version-externally-managed
[0.927s] running egg_info
[0.928s] writing ../../build/kontrol/kontrol.egg-info/PKG-INFO
[0.928s] writing dependency_links to ../../build/kontrol/kontrol.egg-info/dependency_links.txt
[0.928s] writing entry points to ../../build/kontrol/kontrol.egg-info/entry_points.txt
[0.928s] writing requirements to ../../build/kontrol/kontrol.egg-info/requires.txt
[0.928s] writing top-level names to ../../build/kontrol/kontrol.egg-info/top_level.txt
[0.930s] reading manifest file '../../build/kontrol/kontrol.egg-info/SOURCES.txt'
[0.995s] adding license file 'LICENSE'
[0.995s] writing manifest file '../../build/kontrol/kontrol.egg-info/SOURCES.txt'
[0.995s] running build
[0.995s] running build_py
[0.995s] copying kontrol/kumanda.py -> /home/sema/Desktop/drone_ws/build/kontrol/build/lib/kontrol
[0.996s] copying kontrol/alici.py -> /home/sema/Desktop/drone_ws/build/kontrol/build/lib/kontrol
[0.996s] running install
[0.996s] /usr/lib/python3/dist-packages/setuptools/command/install.py:34: SetuptoolsDeprecationWarning: setup.py install is deprecated. Use build and pip and other standards-based tools.
[0.996s]   warnings.warn(
[0.996s] running install_lib
[0.997s] copying /home/sema/Desktop/drone_ws/build/kontrol/build/lib/kontrol/kumanda.py -> /home/sema/Desktop/drone_ws/install/kontrol/lib/python3.10/site-packages/kontrol
[0.997s] copying /home/sema/Desktop/drone_ws/build/kontrol/build/lib/kontrol/alici.py -> /home/sema/Desktop/drone_ws/install/kontrol/lib/python3.10/site-packages/kontrol
[0.998s] byte-compiling /home/sema/Desktop/drone_ws/install/kontrol/lib/python3.10/site-packages/kontrol/kumanda.py to kumanda.cpython-310.pyc
[0.998s] byte-compiling /home/sema/Desktop/drone_ws/install/kontrol/lib/python3.10/site-packages/kontrol/alici.py to alici.cpython-310.pyc
[0.999s] running install_data
[0.999s] running install_egg_info
[1.000s] removing '/home/sema/Desktop/drone_ws/install/kontrol/lib/python3.10/site-packages/kontrol-0.0.0-py3.10.egg-info' (and everything under it)
[1.001s] Copying ../../build/kontrol/kontrol.egg-info to /home/sema/Desktop/drone_ws/install/kontrol/lib/python3.10/site-packages/kontrol-0.0.0-py3.10.egg-info
[1.001s] running install_scripts
[1.020s] Installing alici script to /home/sema/Desktop/drone_ws/install/kontrol/lib/kontrol
[1.020s] Installing kumanda script to /home/sema/Desktop/drone_ws/install/kontrol/lib/kontrol
[1.021s] writing list of installed files to '/home/sema/Desktop/drone_ws/build/kontrol/install.log'
[1.046s] Invoked command in '/home/sema/Desktop/drone_ws/src/kontrol' returned '0': PYTHONPATH=/home/sema/Desktop/drone_ws/build/kontrol/prefix_override:/home/sema/Desktop/drone_ws/install/kontrol/lib/python3.10/site-packages:${PYTHONPATH} /usr/bin/python3 setup.py egg_info --egg-base ../../build/kontrol build --build-base /home/sema/Desktop/drone_ws/build/kontrol/build install --record /home/sema/Desktop/drone_ws/build/kontrol/install.log --single-version-externally-managed
