[1.012s] Invoking command in '/home/sema/Desktop/drone_ws/src/packets/kontrol': PYTHONPATH=/home/sema/Desktop/drone_ws/build/kontrol/prefix_override:/home/sema/Desktop/drone_ws/install/kontrol/lib/python3.10/site-packages:${PYTHONPATH} /usr/bin/python3 setup.py egg_info --egg-base ../../../build/kontrol build --build-base /home/sema/Desktop/drone_ws/build/kontrol/build install --record /home/sema/Desktop/drone_ws/build/kontrol/install.log --single-version-externally-managed
[1.288s] running egg_info
[1.304s] writing ../../../build/kontrol/kontrol.egg-info/PKG-INFO
[1.304s] writing dependency_links to ../../../build/kontrol/kontrol.egg-info/dependency_links.txt
[1.305s] writing entry points to ../../../build/kontrol/kontrol.egg-info/entry_points.txt
[1.305s] writing requirements to ../../../build/kontrol/kontrol.egg-info/requires.txt
[1.305s] writing top-level names to ../../../build/kontrol/kontrol.egg-info/top_level.txt
[1.349s] reading manifest file '../../../build/kontrol/kontrol.egg-info/SOURCES.txt'
[1.349s] adding license file 'LICENSE'
[1.350s] writing manifest file '../../../build/kontrol/kontrol.egg-info/SOURCES.txt'
[1.350s] running build
[1.350s] running build_py
[1.351s] copying kontrol/__init__.py -> /home/sema/Desktop/drone_ws/build/kontrol/build/lib/kontrol
[1.351s] copying kontrol/kumanda.py -> /home/sema/Desktop/drone_ws/build/kontrol/build/lib/kontrol
[1.352s] copying kontrol/alici.py -> /home/sema/Desktop/drone_ws/build/kontrol/build/lib/kontrol
[1.353s] copying kontrol/takeoff.py -> /home/sema/Desktop/drone_ws/build/kontrol/build/lib/kontrol
[1.353s] running install
[1.354s] /home/sema/.local/lib/python3.10/site-packages/setuptools/_distutils/cmd.py:66: SetuptoolsDeprecationWarning: setup.py install is deprecated.
[1.354s] !!
[1.354s] 
[1.354s]         ********************************************************************************
[1.354s]         Please avoid running ``setup.py`` directly.
[1.354s]         Instead, use pypa/build, pypa/installer or other
[1.354s]         standards-based tools.
[1.354s] 
[1.354s]         See https://blog.ganssle.io/articles/2021/10/setup-py-deprecated.html for details.
[1.354s]         ********************************************************************************
[1.354s] 
[1.354s] !!
[1.355s]   self.initialize_options()
[1.362s] running install_lib
[1.379s] running install_data
[1.394s] copying resource/kontrol -> /home/sema/Desktop/drone_ws/install/kontrol/share/ament_index/resource_index/packages
[1.394s] copying package.xml -> /home/sema/Desktop/drone_ws/install/kontrol/share/kontrol
[1.394s] running install_egg_info
[1.415s] removing '/home/sema/Desktop/drone_ws/install/kontrol/lib/python3.10/site-packages/kontrol-0.0.0-py3.10.egg-info' (and everything under it)
[1.416s] Copying ../../../build/kontrol/kontrol.egg-info to /home/sema/Desktop/drone_ws/install/kontrol/lib/python3.10/site-packages/kontrol-0.0.0-py3.10.egg-info
[1.417s] running install_scripts
[1.594s] Installing alici script to /home/sema/Desktop/drone_ws/install/kontrol/lib/kontrol
[1.595s] Installing kumanda script to /home/sema/Desktop/drone_ws/install/kontrol/lib/kontrol
[1.595s] Installing takeoff script to /home/sema/Desktop/drone_ws/install/kontrol/lib/kontrol
[1.595s] writing list of installed files to '/home/sema/Desktop/drone_ws/build/kontrol/install.log'
[1.640s] Invoked command in '/home/sema/Desktop/drone_ws/src/packets/kontrol' returned '0': PYTHONPATH=/home/sema/Desktop/drone_ws/build/kontrol/prefix_override:/home/sema/Desktop/drone_ws/install/kontrol/lib/python3.10/site-packages:${PYTHONPATH} /usr/bin/python3 setup.py egg_info --egg-base ../../../build/kontrol build --build-base /home/sema/Desktop/drone_ws/build/kontrol/build install --record /home/sema/Desktop/drone_ws/build/kontrol/install.log --single-version-externally-managed
