[0.624s] Invoking command in '/home/sema/Desktop/drone_ws/src/kontrol': PYTHONPATH=/home/sema/Desktop/drone_ws/build/kontrol/prefix_override:/home/sema/Desktop/drone_ws/install/kontrol/lib/python3.10/site-packages:${PYTHONPATH} /usr/bin/python3 setup.py egg_info --egg-base ../../build/kontrol build --build-base /home/sema/Desktop/drone_ws/build/kontrol/build install --record /home/sema/Desktop/drone_ws/build/kontrol/install.log --single-version-externally-managed
[0.825s] running egg_info
[0.826s] writing ../../build/kontrol/kontrol.egg-info/PKG-INFO
[0.826s] writing dependency_links to ../../build/kontrol/kontrol.egg-info/dependency_links.txt
[0.826s] writing entry points to ../../build/kontrol/kontrol.egg-info/entry_points.txt
[0.826s] writing requirements to ../../build/kontrol/kontrol.egg-info/requires.txt
[0.827s] writing top-level names to ../../build/kontrol/kontrol.egg-info/top_level.txt
[0.828s] reading manifest file '../../build/kontrol/kontrol.egg-info/SOURCES.txt'
[0.857s] adding license file 'LICENSE'
[0.859s] writing manifest file '../../build/kontrol/kontrol.egg-info/SOURCES.txt'
[0.859s] running build
[0.859s] running build_py
[0.860s] running install
[0.860s] /usr/lib/python3/dist-packages/setuptools/command/install.py:34: SetuptoolsDeprecationWarning: setup.py install is deprecated. Use build and pip and other standards-based tools.
[0.860s]   warnings.warn(
[0.860s] running install_lib
[0.863s] running install_data
[0.864s] running install_egg_info
[0.867s] removing '/home/sema/Desktop/drone_ws/install/kontrol/lib/python3.10/site-packages/kontrol-0.0.0-py3.10.egg-info' (and everything under it)
[0.868s] Copying ../../build/kontrol/kontrol.egg-info to /home/sema/Desktop/drone_ws/install/kontrol/lib/python3.10/site-packages/kontrol-0.0.0-py3.10.egg-info
[0.869s] running install_scripts
[0.896s] Installing alici script to /home/sema/Desktop/drone_ws/install/kontrol/lib/kontrol
[0.896s] Installing kumanda script to /home/sema/Desktop/drone_ws/install/kontrol/lib/kontrol
[0.896s] writing list of installed files to '/home/sema/Desktop/drone_ws/build/kontrol/install.log'
[0.915s] Invoked command in '/home/sema/Desktop/drone_ws/src/kontrol' returned '0': PYTHONPATH=/home/sema/Desktop/drone_ws/build/kontrol/prefix_override:/home/sema/Desktop/drone_ws/install/kontrol/lib/python3.10/site-packages:${PYTHONPATH} /usr/bin/python3 setup.py egg_info --egg-base ../../build/kontrol build --build-base /home/sema/Desktop/drone_ws/build/kontrol/build install --record /home/sema/Desktop/drone_ws/build/kontrol/install.log --single-version-externally-managed
