[6.187s] DEBUG:colcon:Command line arguments: ['/usr/bin/colcon', 'build']
[6.187s] DEBUG:colcon:Parsed command line arguments: Namespace(log_base=None, log_level=None, verb_name='build', build_base='build', install_base='install', merge_install=False, symlink_install=False, test_result_base=None, continue_on_error=False, executor='parallel', parallel_workers=12, event_handlers=None, ignore_user_meta=False, metas=['./colcon.meta'], base_paths=['.'], packages_ignore=None, packages_ignore_regex=None, paths=None, packages_up_to=None, packages_up_to_regex=None, packages_above=None, packages_above_and_dependencies=None, packages_above_depth=None, packages_select_by_dep=None, packages_skip_by_dep=None, packages_skip_up_to=None, packages_select_build_failed=False, packages_skip_build_finished=False, packages_select_test_failures=False, packages_skip_test_passed=False, packages_select=None, packages_skip=None, packages_select_regex=None, packages_skip_regex=None, packages_start=None, packages_end=None, allow_overriding=[], cmake_args=None, cmake_target=None, cmake_target_skip_unavailable=False, cmake_clean_cache=False, cmake_clean_first=False, cmake_force_configure=False, ament_cmake_args=None, catkin_cmake_args=None, catkin_skip_building_tests=False, verb_parser=<colcon_defaults.argument_parser.defaults.DefaultArgumentsDecorator object at 0x7f3a7ee30220>, verb_extension=<colcon_core.verb.build.BuildVerb object at 0x7f3a7f7f7400>, main=<bound method BuildVerb.main of <colcon_core.verb.build.BuildVerb object at 0x7f3a7f7f7400>>)
[6.503s] Level 1:colcon.colcon_core.package_discovery:discover_packages(colcon_meta) check parameters
[6.503s] Level 1:colcon.colcon_core.package_discovery:discover_packages(recursive) check parameters
[6.503s] Level 1:colcon.colcon_core.package_discovery:discover_packages(ignore) check parameters
[6.503s] Level 1:colcon.colcon_core.package_discovery:discover_packages(path) check parameters
[6.503s] Level 1:colcon.colcon_core.package_discovery:discover_packages(colcon_meta) discover
[6.503s] Level 1:colcon.colcon_core.package_discovery:discover_packages(recursive) discover
[6.503s] INFO:colcon.colcon_core.package_discovery:Crawling recursively for packages in '/home/sema/Desktop/drone_ws'
[6.503s] Level 1:colcon.colcon_core.package_identification:_identify(.) by extensions ['ignore', 'ignore_ament_install']
[6.503s] Level 1:colcon.colcon_core.package_identification:_identify(.) by extension 'ignore'
[6.503s] Level 1:colcon.colcon_core.package_identification:_identify(.) by extension 'ignore_ament_install'
[6.503s] Level 1:colcon.colcon_core.package_identification:_identify(.) by extensions ['colcon_pkg']
[6.503s] Level 1:colcon.colcon_core.package_identification:_identify(.) by extension 'colcon_pkg'
[6.503s] Level 1:colcon.colcon_core.package_identification:_identify(.) by extensions ['colcon_meta']
[6.503s] Level 1:colcon.colcon_core.package_identification:_identify(.) by extension 'colcon_meta'
[6.503s] Level 1:colcon.colcon_core.package_identification:_identify(.) by extensions ['ros']
[6.503s] Level 1:colcon.colcon_core.package_identification:_identify(.) by extension 'ros'
[6.576s] Level 1:colcon.colcon_core.package_identification:_identify(.) by extensions ['cmake', 'python']
[6.576s] Level 1:colcon.colcon_core.package_identification:_identify(.) by extension 'cmake'
[6.576s] Level 1:colcon.colcon_core.package_identification:_identify(.) by extension 'python'
[6.576s] Level 1:colcon.colcon_core.package_identification:_identify(.) by extensions ['python_setup_py']
[6.576s] Level 1:colcon.colcon_core.package_identification:_identify(.) by extension 'python_setup_py'
[6.576s] Level 1:colcon.colcon_core.package_identification:_identify(build) by extensions ['ignore', 'ignore_ament_install']
[6.577s] Level 1:colcon.colcon_core.package_identification:_identify(build) by extension 'ignore'
[6.577s] Level 1:colcon.colcon_core.package_identification:_identify(build) ignored
[6.577s] Level 1:colcon.colcon_core.package_identification:_identify(install) by extensions ['ignore', 'ignore_ament_install']
[6.577s] Level 1:colcon.colcon_core.package_identification:_identify(install) by extension 'ignore'
[6.577s] Level 1:colcon.colcon_core.package_identification:_identify(install) ignored
[6.577s] Level 1:colcon.colcon_core.package_identification:_identify(log) by extensions ['ignore', 'ignore_ament_install']
[6.578s] Level 1:colcon.colcon_core.package_identification:_identify(log) by extension 'ignore'
[6.578s] Level 1:colcon.colcon_core.package_identification:_identify(log) ignored
[6.578s] Level 1:colcon.colcon_core.package_identification:_identify(src) by extensions ['ignore', 'ignore_ament_install']
[6.578s] Level 1:colcon.colcon_core.package_identification:_identify(src) by extension 'ignore'
[6.578s] Level 1:colcon.colcon_core.package_identification:_identify(src) by extension 'ignore_ament_install'
[6.578s] Level 1:colcon.colcon_core.package_identification:_identify(src) by extensions ['colcon_pkg']
[6.578s] Level 1:colcon.colcon_core.package_identification:_identify(src) by extension 'colcon_pkg'
[6.578s] Level 1:colcon.colcon_core.package_identification:_identify(src) by extensions ['colcon_meta']
[6.578s] Level 1:colcon.colcon_core.package_identification:_identify(src) by extension 'colcon_meta'
[6.578s] Level 1:colcon.colcon_core.package_identification:_identify(src) by extensions ['ros']
[6.578s] Level 1:colcon.colcon_core.package_identification:_identify(src) by extension 'ros'
[6.579s] Level 1:colcon.colcon_core.package_identification:_identify(src) by extensions ['cmake', 'python']
[6.579s] Level 1:colcon.colcon_core.package_identification:_identify(src) by extension 'cmake'
[6.579s] Level 1:colcon.colcon_core.package_identification:_identify(src) by extension 'python'
[6.579s] Level 1:colcon.colcon_core.package_identification:_identify(src) by extensions ['python_setup_py']
[6.579s] Level 1:colcon.colcon_core.package_identification:_identify(src) by extension 'python_setup_py'
[6.579s] Level 1:colcon.colcon_core.package_identification:_identify(src/kontrol) by extensions ['ignore', 'ignore_ament_install']
[6.579s] Level 1:colcon.colcon_core.package_identification:_identify(src/kontrol) by extension 'ignore'
[6.579s] Level 1:colcon.colcon_core.package_identification:_identify(src/kontrol) by extension 'ignore_ament_install'
[6.579s] Level 1:colcon.colcon_core.package_identification:_identify(src/kontrol) by extensions ['colcon_pkg']
[6.579s] Level 1:colcon.colcon_core.package_identification:_identify(src/kontrol) by extension 'colcon_pkg'
[6.579s] Level 1:colcon.colcon_core.package_identification:_identify(src/kontrol) by extensions ['colcon_meta']
[6.580s] Level 1:colcon.colcon_core.package_identification:_identify(src/kontrol) by extension 'colcon_meta'
[6.580s] Level 1:colcon.colcon_core.package_identification:_identify(src/kontrol) by extensions ['ros']
[6.580s] Level 1:colcon.colcon_core.package_identification:_identify(src/kontrol) by extension 'ros'
[6.623s] DEBUG:colcon.colcon_core.package_identification:Package 'src/kontrol' with type 'ros.ament_python' and name 'kontrol'
[6.623s] Level 1:colcon.colcon_core.package_identification:_identify(src/world) by extensions ['ignore', 'ignore_ament_install']
[6.624s] Level 1:colcon.colcon_core.package_identification:_identify(src/world) by extension 'ignore'
[6.624s] Level 1:colcon.colcon_core.package_identification:_identify(src/world) by extension 'ignore_ament_install'
[6.624s] Level 1:colcon.colcon_core.package_identification:_identify(src/world) by extensions ['colcon_pkg']
[6.625s] Level 1:colcon.colcon_core.package_identification:_identify(src/world) by extension 'colcon_pkg'
[6.625s] Level 1:colcon.colcon_core.package_identification:_identify(src/world) by extensions ['colcon_meta']
[6.625s] Level 1:colcon.colcon_core.package_identification:_identify(src/world) by extension 'colcon_meta'
[6.625s] Level 1:colcon.colcon_core.package_identification:_identify(src/world) by extensions ['ros']
[6.625s] Level 1:colcon.colcon_core.package_identification:_identify(src/world) by extension 'ros'
[6.626s] Level 1:colcon.colcon_core.package_identification:_identify(src/world) by extensions ['cmake', 'python']
[6.626s] Level 1:colcon.colcon_core.package_identification:_identify(src/world) by extension 'cmake'
[6.626s] Level 1:colcon.colcon_core.package_identification:_identify(src/world) by extension 'python'
[6.626s] Level 1:colcon.colcon_core.package_identification:_identify(src/world) by extensions ['python_setup_py']
[6.626s] Level 1:colcon.colcon_core.package_identification:_identify(src/world) by extension 'python_setup_py'
[6.627s] Level 1:colcon.colcon_core.package_discovery:discover_packages(recursive) using defaults
[6.627s] Level 1:colcon.colcon_core.package_discovery:discover_packages(ignore) discover
[6.627s] Level 1:colcon.colcon_core.package_discovery:discover_packages(ignore) using defaults
[6.627s] Level 1:colcon.colcon_core.package_discovery:discover_packages(path) discover
[6.627s] Level 1:colcon.colcon_core.package_discovery:discover_packages(path) using defaults
[6.877s] Level 1:colcon.colcon_core.package_discovery:discover_packages(prefix_path) check parameters
[6.877s] Level 1:colcon.colcon_core.package_discovery:discover_packages(prefix_path) discover
[6.903s] DEBUG:colcon.colcon_installed_package_information.package_discovery:Found 1 installed packages in /home/sema/Desktop/drone_ws/install
[6.916s] DEBUG:colcon.colcon_installed_package_information.package_discovery:Found 307 installed packages in /opt/ros/iron
[6.917s] Level 1:colcon.colcon_core.package_discovery:discover_packages(prefix_path) using defaults
[6.997s] Level 5:colcon.colcon_core.verb:set package 'kontrol' build argument 'cmake_args' from command line to 'None'
[6.997s] Level 5:colcon.colcon_core.verb:set package 'kontrol' build argument 'cmake_target' from command line to 'None'
[6.997s] Level 5:colcon.colcon_core.verb:set package 'kontrol' build argument 'cmake_target_skip_unavailable' from command line to 'False'
[6.997s] Level 5:colcon.colcon_core.verb:set package 'kontrol' build argument 'cmake_clean_cache' from command line to 'False'
[6.997s] Level 5:colcon.colcon_core.verb:set package 'kontrol' build argument 'cmake_clean_first' from command line to 'False'
[6.997s] Level 5:colcon.colcon_core.verb:set package 'kontrol' build argument 'cmake_force_configure' from command line to 'False'
[6.997s] Level 5:colcon.colcon_core.verb:set package 'kontrol' build argument 'ament_cmake_args' from command line to 'None'
[6.997s] Level 5:colcon.colcon_core.verb:set package 'kontrol' build argument 'catkin_cmake_args' from command line to 'None'
[6.997s] Level 5:colcon.colcon_core.verb:set package 'kontrol' build argument 'catkin_skip_building_tests' from command line to 'False'
[6.997s] DEBUG:colcon.colcon_core.verb:Building package 'kontrol' with the following arguments: {'ament_cmake_args': None, 'build_base': '/home/sema/Desktop/drone_ws/build/kontrol', 'catkin_cmake_args': None, 'catkin_skip_building_tests': False, 'cmake_args': None, 'cmake_clean_cache': False, 'cmake_clean_first': False, 'cmake_force_configure': False, 'cmake_target': None, 'cmake_target_skip_unavailable': False, 'install_base': '/home/sema/Desktop/drone_ws/install/kontrol', 'merge_install': False, 'path': '/home/sema/Desktop/drone_ws/src/kontrol', 'symlink_install': False, 'test_result_base': None}
[7.009s] INFO:colcon.colcon_core.executor:Executing jobs using 'parallel' executor
[7.022s] DEBUG:colcon.colcon_parallel_executor.executor.parallel:run_until_complete
[7.022s] INFO:colcon.colcon_ros.task.ament_python.build:Building ROS package in '/home/sema/Desktop/drone_ws/src/kontrol' with build type 'ament_python'
[7.022s] Level 1:colcon.colcon_core.shell:create_environment_hook('kontrol', 'ament_prefix_path')
[7.051s] INFO:colcon.colcon_core.plugin_system:Skipping extension 'colcon_core.shell.bat': Not used on non-Windows systems
[7.051s] INFO:colcon.colcon_core.shell:Creating environment hook '/home/sema/Desktop/drone_ws/install/kontrol/share/kontrol/hook/ament_prefix_path.ps1'
[7.051s] INFO:colcon.colcon_core.shell:Creating environment descriptor '/home/sema/Desktop/drone_ws/install/kontrol/share/kontrol/hook/ament_prefix_path.dsv'
[7.111s] INFO:colcon.colcon_core.shell:Creating environment hook '/home/sema/Desktop/drone_ws/install/kontrol/share/kontrol/hook/ament_prefix_path.sh'
[7.144s] INFO:colcon.colcon_core.shell:Skip shell extension 'powershell' for command environment: Not usable outside of PowerShell
[7.145s] DEBUG:colcon.colcon_core.shell:Skip shell extension 'dsv' for command environment
[7.386s] INFO:colcon.colcon_core.task.python.build:Building Python package in '/home/sema/Desktop/drone_ws/src/kontrol'
[7.399s] INFO:colcon.colcon_core.shell:Skip shell extension 'powershell' for command environment: Not usable outside of PowerShell
[7.399s] DEBUG:colcon.colcon_core.shell:Skip shell extension 'dsv' for command environment
[8.313s] DEBUG:colcon.colcon_core.event_handler.log_command:Invoking command in '/home/sema/Desktop/drone_ws/src/kontrol': PYTHONPATH=/home/sema/Desktop/drone_ws/build/kontrol/prefix_override:/home/sema/Desktop/drone_ws/install/kontrol/lib/python3.10/site-packages:${PYTHONPATH} /usr/bin/python3 setup.py egg_info --egg-base ../../build/kontrol build --build-base /home/sema/Desktop/drone_ws/build/kontrol/build install --record /home/sema/Desktop/drone_ws/build/kontrol/install.log --single-version-externally-managed
[8.789s] DEBUG:colcon.colcon_core.event_handler.log_command:Invoked command in '/home/sema/Desktop/drone_ws/src/kontrol' returned '0': PYTHONPATH=/home/sema/Desktop/drone_ws/build/kontrol/prefix_override:/home/sema/Desktop/drone_ws/install/kontrol/lib/python3.10/site-packages:${PYTHONPATH} /usr/bin/python3 setup.py egg_info --egg-base ../../build/kontrol build --build-base /home/sema/Desktop/drone_ws/build/kontrol/build install --record /home/sema/Desktop/drone_ws/build/kontrol/install.log --single-version-externally-managed
[8.806s] Level 1:colcon.colcon_core.environment:checking '/home/sema/Desktop/drone_ws/install/kontrol' for CMake module files
[8.806s] Level 1:colcon.colcon_core.environment:checking '/home/sema/Desktop/drone_ws/install/kontrol' for CMake config files
[8.807s] Level 1:colcon.colcon_core.environment:checking '/home/sema/Desktop/drone_ws/install/kontrol/lib'
[8.807s] Level 1:colcon.colcon_core.environment:checking '/home/sema/Desktop/drone_ws/install/kontrol/bin'
[8.807s] Level 1:colcon.colcon_core.environment:checking '/home/sema/Desktop/drone_ws/install/kontrol/lib/pkgconfig/kontrol.pc'
[8.807s] Level 1:colcon.colcon_core.environment:checking '/home/sema/Desktop/drone_ws/install/kontrol/lib/python3.10/site-packages'
[8.807s] Level 1:colcon.colcon_core.shell:create_environment_hook('kontrol', 'pythonpath')
[8.821s] INFO:colcon.colcon_core.shell:Creating environment hook '/home/sema/Desktop/drone_ws/install/kontrol/share/kontrol/hook/pythonpath.ps1'
[8.822s] INFO:colcon.colcon_core.shell:Creating environment descriptor '/home/sema/Desktop/drone_ws/install/kontrol/share/kontrol/hook/pythonpath.dsv'
[8.822s] INFO:colcon.colcon_core.shell:Creating environment hook '/home/sema/Desktop/drone_ws/install/kontrol/share/kontrol/hook/pythonpath.sh'
[8.823s] Level 1:colcon.colcon_core.environment:checking '/home/sema/Desktop/drone_ws/install/kontrol/bin'
[8.823s] Level 1:colcon.colcon_core.environment:create_environment_scripts_only(kontrol)
[8.837s] INFO:colcon.colcon_core.shell:Creating package script '/home/sema/Desktop/drone_ws/install/kontrol/share/kontrol/package.ps1'
[8.838s] INFO:colcon.colcon_core.shell:Creating package descriptor '/home/sema/Desktop/drone_ws/install/kontrol/share/kontrol/package.dsv'
[8.839s] INFO:colcon.colcon_core.shell:Creating package script '/home/sema/Desktop/drone_ws/install/kontrol/share/kontrol/package.sh'
[8.875s] INFO:colcon.colcon_core.shell:Creating package script '/home/sema/Desktop/drone_ws/install/kontrol/share/kontrol/package.bash'
[8.878s] INFO:colcon.colcon_core.shell:Creating package script '/home/sema/Desktop/drone_ws/install/kontrol/share/kontrol/package.zsh'
[8.895s] Level 1:colcon.colcon_core.environment:create_file_with_runtime_dependencies(/home/sema/Desktop/drone_ws/install/kontrol/share/colcon-core/packages/kontrol)
[8.896s] DEBUG:colcon.colcon_parallel_executor.executor.parallel:closing loop
[8.898s] DEBUG:colcon.colcon_parallel_executor.executor.parallel:loop closed
[8.898s] DEBUG:colcon.colcon_parallel_executor.executor.parallel:run_until_complete finished with '0'
[8.899s] DEBUG:colcon.colcon_core.event_reactor:joining thread
[8.988s] INFO:colcon.colcon_core.plugin_system:Skipping extension 'colcon_notification.desktop_notification.terminal_notifier': Not used on non-Darwin systems
[8.988s] INFO:colcon.colcon_core.plugin_system:Skipping extension 'colcon_notification.desktop_notification.win32': Not used on non-Windows systems
[8.988s] INFO:colcon.colcon_notification.desktop_notification:Sending desktop notification using 'notify2'
[9.053s] DEBUG:colcon.colcon_core.event_reactor:joined thread
[9.071s] INFO:colcon.colcon_core.shell:Creating prefix script '/home/sema/Desktop/drone_ws/install/local_setup.ps1'
[9.072s] INFO:colcon.colcon_core.shell:Creating prefix util module '/home/sema/Desktop/drone_ws/install/_local_setup_util_ps1.py'
[9.087s] INFO:colcon.colcon_core.shell:Creating prefix chain script '/home/sema/Desktop/drone_ws/install/setup.ps1'
[9.102s] INFO:colcon.colcon_core.shell:Creating prefix script '/home/sema/Desktop/drone_ws/install/local_setup.sh'
[9.104s] INFO:colcon.colcon_core.shell:Creating prefix util module '/home/sema/Desktop/drone_ws/install/_local_setup_util_sh.py'
[9.104s] INFO:colcon.colcon_core.shell:Creating prefix chain script '/home/sema/Desktop/drone_ws/install/setup.sh'
[9.119s] INFO:colcon.colcon_core.shell:Creating prefix script '/home/sema/Desktop/drone_ws/install/local_setup.bash'
[9.119s] INFO:colcon.colcon_core.shell:Creating prefix chain script '/home/sema/Desktop/drone_ws/install/setup.bash'
[9.155s] INFO:colcon.colcon_core.shell:Creating prefix script '/home/sema/Desktop/drone_ws/install/local_setup.zsh'
[9.156s] INFO:colcon.colcon_core.shell:Creating prefix chain script '/home/sema/Desktop/drone_ws/install/setup.zsh'
