[1.957s] Invoking command in '/home/sema/Desktop/drone_ws/src/kontrol': PYTHONPATH=/home/sema/Desktop/drone_ws/build/kontrol/prefix_override:/home/sema/Desktop/drone_ws/install/kontrol/lib/python3.10/site-packages:${PYTHONPATH} /usr/bin/python3 setup.py egg_info --egg-base ../../build/kontrol build --build-base /home/sema/Desktop/drone_ws/build/kontrol/build install --record /home/sema/Desktop/drone_ws/build/kontrol/install.log --single-version-externally-managed
[2.556s] running egg_info
[2.592s] writing ../../build/kontrol/kontrol.egg-info/PKG-INFO
[2.592s] writing dependency_links to ../../build/kontrol/kontrol.egg-info/dependency_links.txt
[2.593s] writing entry points to ../../build/kontrol/kontrol.egg-info/entry_points.txt
[2.593s] writing requirements to ../../build/kontrol/kontrol.egg-info/requires.txt
[2.594s] writing top-level names to ../../build/kontrol/kontrol.egg-info/top_level.txt
[2.666s] reading manifest file '../../build/kontrol/kontrol.egg-info/SOURCES.txt'
[2.666s] adding license file 'LICENSE'
[2.668s] writing manifest file '../../build/kontrol/kontrol.egg-info/SOURCES.txt'
[2.668s] running build
[2.668s] running build_py
[2.668s] copying kontrol/__init__.py -> /home/sema/Desktop/drone_ws/build/kontrol/build/lib/kontrol
[2.669s] copying kontrol/start.py -> /home/sema/Desktop/drone_ws/build/kontrol/build/lib/kontrol
[2.669s] copying kontrol/arayüz.py -> /home/sema/Desktop/drone_ws/build/kontrol/build/lib/kontrol
[2.670s] copying kontrol/kumanda.py -> /home/sema/Desktop/drone_ws/build/kontrol/build/lib/kontrol
[2.670s] copying kontrol/alici.py -> /home/sema/Desktop/drone_ws/build/kontrol/build/lib/kontrol
[2.670s] copying kontrol/main.py -> /home/sema/Desktop/drone_ws/build/kontrol/build/lib/kontrol
[2.671s] copying kontrol/takeoff.py -> /home/sema/Desktop/drone_ws/build/kontrol/build/lib/kontrol
[2.671s] running install
[2.672s] /home/sema/.local/lib/python3.10/site-packages/setuptools/_distutils/cmd.py:66: SetuptoolsDeprecationWarning: setup.py install is deprecated.
[2.672s] !!
[2.672s] 
[2.673s]         ********************************************************************************
[2.673s]         Please avoid running ``setup.py`` directly.
[2.673s]         Instead, use pypa/build, pypa/installer or other
[2.673s]         standards-based tools.
[2.673s] 
[2.673s]         See https://blog.ganssle.io/articles/2021/10/setup-py-deprecated.html for details.
[2.673s]         ********************************************************************************
[2.673s] 
[2.674s] !!
[2.674s]   self.initialize_options()
[2.682s] running install_lib
[2.717s] running install_data
[2.755s] copying resource/kontrol -> /home/sema/Desktop/drone_ws/install/kontrol/share/ament_index/resource_index/packages
[2.755s] copying package.xml -> /home/sema/Desktop/drone_ws/install/kontrol/share/kontrol
[2.755s] running install_egg_info
[2.788s] removing '/home/sema/Desktop/drone_ws/install/kontrol/lib/python3.10/site-packages/kontrol-0.0.0-py3.10.egg-info' (and everything under it)
[2.789s] Copying ../../build/kontrol/kontrol.egg-info to /home/sema/Desktop/drone_ws/install/kontrol/lib/python3.10/site-packages/kontrol-0.0.0-py3.10.egg-info
[2.790s] running install_scripts
[3.115s] Installing alici script to /home/sema/Desktop/drone_ws/install/kontrol/lib/kontrol
[3.115s] Installing kumanda script to /home/sema/Desktop/drone_ws/install/kontrol/lib/kontrol
[3.115s] Installing takeoff script to /home/sema/Desktop/drone_ws/install/kontrol/lib/kontrol
[3.117s] writing list of installed files to '/home/sema/Desktop/drone_ws/build/kontrol/install.log'
[3.206s] Invoked command in '/home/sema/Desktop/drone_ws/src/kontrol' returned '0': PYTHONPATH=/home/sema/Desktop/drone_ws/build/kontrol/prefix_override:/home/sema/Desktop/drone_ws/install/kontrol/lib/python3.10/site-packages:${PYTHONPATH} /usr/bin/python3 setup.py egg_info --egg-base ../../build/kontrol build --build-base /home/sema/Desktop/drone_ws/build/kontrol/build install --record /home/sema/Desktop/drone_ws/build/kontrol/install.log --single-version-externally-managed
