[1.116s] Invoking command in '/home/metin/Downloads/drone_ws-main/src/packets/kontrol': PYTHONPATH=/home/metin/Downloads/drone_ws-main/build/kontrol/prefix_override:/home/metin/Downloads/drone_ws-main/install/kontrol/lib/python3.10/site-packages:${PYTHONPATH} /usr/bin/python3 setup.py egg_info --egg-base ../../../build/kontrol build --build-base /home/metin/Downloads/drone_ws-main/build/kontrol/build install --record /home/metin/Downloads/drone_ws-main/build/kontrol/install.log --single-version-externally-managed
[1.391s] running egg_info
[1.409s] writing ../../../build/kontrol/kontrol.egg-info/PKG-INFO
[1.409s] writing dependency_links to ../../../build/kontrol/kontrol.egg-info/dependency_links.txt
[1.410s] writing entry points to ../../../build/kontrol/kontrol.egg-info/entry_points.txt
[1.410s] writing requirements to ../../../build/kontrol/kontrol.egg-info/requires.txt
[1.410s] writing top-level names to ../../../build/kontrol/kontrol.egg-info/top_level.txt
[1.452s] reading manifest file '../../../build/kontrol/kontrol.egg-info/SOURCES.txt'
[1.453s] adding license file 'LICENSE'
[1.453s] writing manifest file '../../../build/kontrol/kontrol.egg-info/SOURCES.txt'
[1.454s] running build
[1.454s] running build_py
[1.454s] copying kontrol/alici.py -> /home/metin/Downloads/drone_ws-main/build/kontrol/build/lib/kontrol
[1.455s] running install
[1.455s] /usr/local/lib/python3.10/dist-packages/setuptools/_distutils/cmd.py:66: SetuptoolsDeprecationWarning: setup.py install is deprecated.
[1.455s] !!
[1.455s] 
[1.455s]         ********************************************************************************
[1.455s]         Please avoid running ``setup.py`` directly.
[1.455s]         Instead, use pypa/build, pypa/installer or other
[1.455s]         standards-based tools.
[1.455s] 
[1.456s]         See https://blog.ganssle.io/articles/2021/10/setup-py-deprecated.html for details.
[1.456s]         ********************************************************************************
[1.456s] 
[1.456s] !!
[1.456s]   self.initialize_options()
[1.462s] running install_lib
[1.483s] running install_data
[1.502s] running install_egg_info
[1.524s] removing '/home/metin/Downloads/drone_ws-main/install/kontrol/lib/python3.10/site-packages/kontrol-0.0.0-py3.10.egg-info' (and everything under it)
[1.525s] Copying ../../../build/kontrol/kontrol.egg-info to /home/metin/Downloads/drone_ws-main/install/kontrol/lib/python3.10/site-packages/kontrol-0.0.0-py3.10.egg-info
[1.526s] running install_scripts
[1.720s] Installing alici script to /home/metin/Downloads/drone_ws-main/install/kontrol/lib/kontrol
[1.720s] Installing kumanda script to /home/metin/Downloads/drone_ws-main/install/kontrol/lib/kontrol
[1.720s] Installing takeoff script to /home/metin/Downloads/drone_ws-main/install/kontrol/lib/kontrol
[1.721s] writing list of installed files to '/home/metin/Downloads/drone_ws-main/build/kontrol/install.log'
[1.753s] Invoked command in '/home/metin/Downloads/drone_ws-main/src/packets/kontrol' returned '0': PYTHONPATH=/home/metin/Downloads/drone_ws-main/build/kontrol/prefix_override:/home/metin/Downloads/drone_ws-main/install/kontrol/lib/python3.10/site-packages:${PYTHONPATH} /usr/bin/python3 setup.py egg_info --egg-base ../../../build/kontrol build --build-base /home/metin/Downloads/drone_ws-main/build/kontrol/build install --record /home/metin/Downloads/drone_ws-main/build/kontrol/install.log --single-version-externally-managed
