[0.758s] Invoking command in '/home/sema/Desktop/drone_ws/src/kontrol': PYTHONPATH=/home/sema/Desktop/drone_ws/build/kontrol/prefix_override:/home/sema/Desktop/drone_ws/install/kontrol/lib/python3.10/site-packages:${PYTHONPATH} /usr/bin/python3 setup.py egg_info --egg-base ../../build/kontrol build --build-base /home/sema/Desktop/drone_ws/build/kontrol/build install --record /home/sema/Desktop/drone_ws/build/kontrol/install.log --single-version-externally-managed
[0.958s] running egg_info
[0.973s] writing ../../build/kontrol/kontrol.egg-info/PKG-INFO
[0.973s] writing dependency_links to ../../build/kontrol/kontrol.egg-info/dependency_links.txt
[0.973s] writing entry points to ../../build/kontrol/kontrol.egg-info/entry_points.txt
[0.974s] writing requirements to ../../build/kontrol/kontrol.egg-info/requires.txt
[0.974s] writing top-level names to ../../build/kontrol/kontrol.egg-info/top_level.txt
[1.005s] reading manifest file '../../build/kontrol/kontrol.egg-info/SOURCES.txt'
[1.005s] adding license file 'LICENSE'
[1.006s] writing manifest file '../../build/kontrol/kontrol.egg-info/SOURCES.txt'
[1.006s] running build
[1.006s] running build_py
[1.006s] copying kontrol/__init__.py -> /home/sema/Desktop/drone_ws/build/kontrol/build/lib/kontrol
[1.006s] copying kontrol/ui.py -> /home/sema/Desktop/drone_ws/build/kontrol/build/lib/kontrol
[1.006s] copying kontrol/kumanda.py -> /home/sema/Desktop/drone_ws/build/kontrol/build/lib/kontrol
[1.007s] copying kontrol/alici.py -> /home/sema/Desktop/drone_ws/build/kontrol/build/lib/kontrol
[1.007s] running install
[1.007s] /home/sema/.local/lib/python3.10/site-packages/setuptools/_distutils/cmd.py:66: SetuptoolsDeprecationWarning: setup.py install is deprecated.
[1.007s] !!
[1.007s] 
[1.007s]         ********************************************************************************
[1.007s]         Please avoid running ``setup.py`` directly.
[1.007s]         Instead, use pypa/build, pypa/installer or other
[1.007s]         standards-based tools.
[1.007s] 
[1.008s]         See https://blog.ganssle.io/articles/2021/10/setup-py-deprecated.html for details.
[1.008s]         ********************************************************************************
[1.008s] 
[1.008s] !!
[1.008s]   self.initialize_options()
[1.013s] running install_lib
[1.029s] copying /home/sema/Desktop/drone_ws/build/kontrol/build/lib/kontrol/ui.py -> /home/sema/Desktop/drone_ws/install/kontrol/lib/python3.10/site-packages/kontrol
[1.029s] copying /home/sema/Desktop/drone_ws/build/kontrol/build/lib/kontrol/kumanda.py -> /home/sema/Desktop/drone_ws/install/kontrol/lib/python3.10/site-packages/kontrol
[1.029s] copying /home/sema/Desktop/drone_ws/build/kontrol/build/lib/kontrol/alici.py -> /home/sema/Desktop/drone_ws/install/kontrol/lib/python3.10/site-packages/kontrol
[1.029s] byte-compiling /home/sema/Desktop/drone_ws/install/kontrol/lib/python3.10/site-packages/kontrol/ui.py to ui.cpython-310.pyc
[1.030s] byte-compiling /home/sema/Desktop/drone_ws/install/kontrol/lib/python3.10/site-packages/kontrol/kumanda.py to kumanda.cpython-310.pyc
[1.030s] byte-compiling /home/sema/Desktop/drone_ws/install/kontrol/lib/python3.10/site-packages/kontrol/alici.py to alici.cpython-310.pyc
[1.031s] running install_data
[1.047s] copying resource/kontrol -> /home/sema/Desktop/drone_ws/install/kontrol/share/ament_index/resource_index/packages
[1.047s] copying package.xml -> /home/sema/Desktop/drone_ws/install/kontrol/share/kontrol
[1.047s] running install_egg_info
[1.063s] removing '/home/sema/Desktop/drone_ws/install/kontrol/lib/python3.10/site-packages/kontrol-0.0.0-py3.10.egg-info' (and everything under it)
[1.063s] Copying ../../build/kontrol/kontrol.egg-info to /home/sema/Desktop/drone_ws/install/kontrol/lib/python3.10/site-packages/kontrol-0.0.0-py3.10.egg-info
[1.064s] running install_scripts
[1.216s] Installing alici script to /home/sema/Desktop/drone_ws/install/kontrol/lib/kontrol
[1.216s] Installing kumanda script to /home/sema/Desktop/drone_ws/install/kontrol/lib/kontrol
[1.217s] writing list of installed files to '/home/sema/Desktop/drone_ws/build/kontrol/install.log'
[1.249s] Invoked command in '/home/sema/Desktop/drone_ws/src/kontrol' returned '0': PYTHONPATH=/home/sema/Desktop/drone_ws/build/kontrol/prefix_override:/home/sema/Desktop/drone_ws/install/kontrol/lib/python3.10/site-packages:${PYTHONPATH} /usr/bin/python3 setup.py egg_info --egg-base ../../build/kontrol build --build-base /home/sema/Desktop/drone_ws/build/kontrol/build install --record /home/sema/Desktop/drone_ws/build/kontrol/install.log --single-version-externally-managed
