[2.208s] Invoking command in '/home/sema/Desktop/drone_ws/src/kontrol': PYTHONPATH=/home/sema/Desktop/drone_ws/build/kontrol/prefix_override:/home/sema/Desktop/drone_ws/install/kontrol/lib/python3.10/site-packages:${PYTHONPATH} /usr/bin/python3 setup.py egg_info --egg-base ../../build/kontrol build --build-base /home/sema/Desktop/drone_ws/build/kontrol/build install --record /home/sema/Desktop/drone_ws/build/kontrol/install.log --single-version-externally-managed
[2.677s] running egg_info
[2.707s] writing ../../build/kontrol/kontrol.egg-info/PKG-INFO
[2.708s] writing dependency_links to ../../build/kontrol/kontrol.egg-info/dependency_links.txt
[2.709s] writing entry points to ../../build/kontrol/kontrol.egg-info/entry_points.txt
[2.709s] writing requirements to ../../build/kontrol/kontrol.egg-info/requires.txt
[2.709s] writing top-level names to ../../build/kontrol/kontrol.egg-info/top_level.txt
[2.775s] reading manifest file '../../build/kontrol/kontrol.egg-info/SOURCES.txt'
[2.775s] adding license file 'LICENSE'
[2.776s] writing manifest file '../../build/kontrol/kontrol.egg-info/SOURCES.txt'
[2.777s] running build
[2.777s] running build_py
[2.777s] copying kontrol/__init__.py -> /home/sema/Desktop/drone_ws/build/kontrol/build/lib/kontrol
[2.777s] copying kontrol/start.py -> /home/sema/Desktop/drone_ws/build/kontrol/build/lib/kontrol
[2.778s] copying kontrol/arayüz.py -> /home/sema/Desktop/drone_ws/build/kontrol/build/lib/kontrol
[2.778s] copying kontrol/kumanda.py -> /home/sema/Desktop/drone_ws/build/kontrol/build/lib/kontrol
[2.778s] copying kontrol/alici.py -> /home/sema/Desktop/drone_ws/build/kontrol/build/lib/kontrol
[2.778s] copying kontrol/main.py -> /home/sema/Desktop/drone_ws/build/kontrol/build/lib/kontrol
[2.779s] copying kontrol/takeoff.py -> /home/sema/Desktop/drone_ws/build/kontrol/build/lib/kontrol
[2.779s] running install
[2.780s] /home/sema/.local/lib/python3.10/site-packages/setuptools/_distutils/cmd.py:66: SetuptoolsDeprecationWarning: setup.py install is deprecated.
[2.780s] !!
[2.780s] 
[2.780s]         ********************************************************************************
[2.780s]         Please avoid running ``setup.py`` directly.
[2.780s]         Instead, use pypa/build, pypa/installer or other
[2.780s]         standards-based tools.
[2.780s] 
[2.781s]         See https://blog.ganssle.io/articles/2021/10/setup-py-deprecated.html for details.
[2.781s]         ********************************************************************************
[2.781s] 
[2.781s] !!
[2.781s]   self.initialize_options()
[2.789s] running install_lib
[2.820s] copying /home/sema/Desktop/drone_ws/build/kontrol/build/lib/kontrol/alici.py -> /home/sema/Desktop/drone_ws/install/kontrol/lib/python3.10/site-packages/kontrol
[2.821s] byte-compiling /home/sema/Desktop/drone_ws/install/kontrol/lib/python3.10/site-packages/kontrol/alici.py to alici.cpython-310.pyc
[2.823s] running install_data
[2.861s] copying resource/kontrol -> /home/sema/Desktop/drone_ws/install/kontrol/share/ament_index/resource_index/packages
[2.861s] copying package.xml -> /home/sema/Desktop/drone_ws/install/kontrol/share/kontrol
[2.862s] running install_egg_info
[2.892s] removing '/home/sema/Desktop/drone_ws/install/kontrol/lib/python3.10/site-packages/kontrol-0.0.0-py3.10.egg-info' (and everything under it)
[2.892s] Copying ../../build/kontrol/kontrol.egg-info to /home/sema/Desktop/drone_ws/install/kontrol/lib/python3.10/site-packages/kontrol-0.0.0-py3.10.egg-info
[2.894s] running install_scripts
[3.179s] Installing alici script to /home/sema/Desktop/drone_ws/install/kontrol/lib/kontrol
[3.180s] Installing kumanda script to /home/sema/Desktop/drone_ws/install/kontrol/lib/kontrol
[3.180s] Installing takeoff script to /home/sema/Desktop/drone_ws/install/kontrol/lib/kontrol
[3.181s] writing list of installed files to '/home/sema/Desktop/drone_ws/build/kontrol/install.log'
[3.234s] Invoked command in '/home/sema/Desktop/drone_ws/src/kontrol' returned '0': PYTHONPATH=/home/sema/Desktop/drone_ws/build/kontrol/prefix_override:/home/sema/Desktop/drone_ws/install/kontrol/lib/python3.10/site-packages:${PYTHONPATH} /usr/bin/python3 setup.py egg_info --egg-base ../../build/kontrol build --build-base /home/sema/Desktop/drone_ws/build/kontrol/build install --record /home/sema/Desktop/drone_ws/build/kontrol/install.log --single-version-externally-managed
