[4.760s] DEBUG:colcon:Command line arguments: ['/usr/bin/colcon', 'build']
[4.760s] DEBUG:colcon:Parsed command line arguments: Namespace(log_base=None, log_level=None, verb_name='build', build_base='build', install_base='install', merge_install=False, symlink_install=False, test_result_base=None, continue_on_error=False, executor='parallel', parallel_workers=12, event_handlers=None, ignore_user_meta=False, metas=['./colcon.meta'], base_paths=['.'], packages_ignore=None, packages_ignore_regex=None, paths=None, packages_up_to=None, packages_up_to_regex=None, packages_above=None, packages_above_and_dependencies=None, packages_above_depth=None, packages_select_by_dep=None, packages_skip_by_dep=None, packages_skip_up_to=None, packages_select_build_failed=False, packages_skip_build_finished=False, packages_select_test_failures=False, packages_skip_test_passed=False, packages_select=None, packages_skip=None, packages_select_regex=None, packages_skip_regex=None, packages_start=None, packages_end=None, allow_overriding=[], cmake_args=None, cmake_target=None, cmake_target_skip_unavailable=False, cmake_clean_cache=False, cmake_clean_first=False, cmake_force_configure=False, ament_cmake_args=None, catkin_cmake_args=None, catkin_skip_building_tests=False, verb_parser=<colcon_defaults.argument_parser.defaults.DefaultArgumentsDecorator object at 0x7f8ba35b9ba0>, verb_extension=<colcon_core.verb.build.BuildVerb object at 0x7f8ba39c7f10>, main=<bound method BuildVerb.main of <colcon_core.verb.build.BuildVerb object at 0x7f8ba39c7f10>>)
[5.209s] Level 1:colcon.colcon_core.package_discovery:discover_packages(colcon_meta) check parameters
[5.209s] Level 1:colcon.colcon_core.package_discovery:discover_packages(recursive) check parameters
[5.209s] Level 1:colcon.colcon_core.package_discovery:discover_packages(ignore) check parameters
[5.209s] Level 1:colcon.colcon_core.package_discovery:discover_packages(path) check parameters
[5.209s] Level 1:colcon.colcon_core.package_discovery:discover_packages(colcon_meta) discover
[5.210s] Level 1:colcon.colcon_core.package_discovery:discover_packages(recursive) discover
[5.210s] INFO:colcon.colcon_core.package_discovery:Crawling recursively for packages in '/home/sema/Desktop/drone_ws'
[5.210s] Level 1:colcon.colcon_core.package_identification:_identify(.) by extensions ['ignore', 'ignore_ament_install']
[5.210s] Level 1:colcon.colcon_core.package_identification:_identify(.) by extension 'ignore'
[5.210s] Level 1:colcon.colcon_core.package_identification:_identify(.) by extension 'ignore_ament_install'
[5.210s] Level 1:colcon.colcon_core.package_identification:_identify(.) by extensions ['colcon_pkg']
[5.210s] Level 1:colcon.colcon_core.package_identification:_identify(.) by extension 'colcon_pkg'
[5.210s] Level 1:colcon.colcon_core.package_identification:_identify(.) by extensions ['colcon_meta']
[5.210s] Level 1:colcon.colcon_core.package_identification:_identify(.) by extension 'colcon_meta'
[5.210s] Level 1:colcon.colcon_core.package_identification:_identify(.) by extensions ['ros']
[5.210s] Level 1:colcon.colcon_core.package_identification:_identify(.) by extension 'ros'
[5.299s] Level 1:colcon.colcon_core.package_identification:_identify(.) by extensions ['cmake', 'python']
[5.300s] Level 1:colcon.colcon_core.package_identification:_identify(.) by extension 'cmake'
[5.300s] Level 1:colcon.colcon_core.package_identification:_identify(.) by extension 'python'
[5.300s] Level 1:colcon.colcon_core.package_identification:_identify(.) by extensions ['python_setup_py']
[5.300s] Level 1:colcon.colcon_core.package_identification:_identify(.) by extension 'python_setup_py'
[5.301s] Level 1:colcon.colcon_core.package_identification:_identify(build) by extensions ['ignore', 'ignore_ament_install']
[5.301s] Level 1:colcon.colcon_core.package_identification:_identify(build) by extension 'ignore'
[5.301s] Level 1:colcon.colcon_core.package_identification:_identify(build) ignored
[5.302s] Level 1:colcon.colcon_core.package_identification:_identify(install) by extensions ['ignore', 'ignore_ament_install']
[5.302s] Level 1:colcon.colcon_core.package_identification:_identify(install) by extension 'ignore'
[5.302s] Level 1:colcon.colcon_core.package_identification:_identify(install) ignored
[5.302s] Level 1:colcon.colcon_core.package_identification:_identify(log) by extensions ['ignore', 'ignore_ament_install']
[5.303s] Level 1:colcon.colcon_core.package_identification:_identify(log) by extension 'ignore'
[5.303s] Level 1:colcon.colcon_core.package_identification:_identify(log) ignored
[5.303s] Level 1:colcon.colcon_core.package_identification:_identify(src) by extensions ['ignore', 'ignore_ament_install']
[5.303s] Level 1:colcon.colcon_core.package_identification:_identify(src) by extension 'ignore'
[5.303s] Level 1:colcon.colcon_core.package_identification:_identify(src) by extension 'ignore_ament_install'
[5.304s] Level 1:colcon.colcon_core.package_identification:_identify(src) by extensions ['colcon_pkg']
[5.304s] Level 1:colcon.colcon_core.package_identification:_identify(src) by extension 'colcon_pkg'
[5.304s] Level 1:colcon.colcon_core.package_identification:_identify(src) by extensions ['colcon_meta']
[5.304s] Level 1:colcon.colcon_core.package_identification:_identify(src) by extension 'colcon_meta'
[5.304s] Level 1:colcon.colcon_core.package_identification:_identify(src) by extensions ['ros']
[5.304s] Level 1:colcon.colcon_core.package_identification:_identify(src) by extension 'ros'
[5.305s] Level 1:colcon.colcon_core.package_identification:_identify(src) by extensions ['cmake', 'python']
[5.305s] Level 1:colcon.colcon_core.package_identification:_identify(src) by extension 'cmake'
[5.305s] Level 1:colcon.colcon_core.package_identification:_identify(src) by extension 'python'
[5.305s] Level 1:colcon.colcon_core.package_identification:_identify(src) by extensions ['python_setup_py']
[5.305s] Level 1:colcon.colcon_core.package_identification:_identify(src) by extension 'python_setup_py'
[5.305s] Level 1:colcon.colcon_core.package_identification:_identify(src/kontrol) by extensions ['ignore', 'ignore_ament_install']
[5.306s] Level 1:colcon.colcon_core.package_identification:_identify(src/kontrol) by extension 'ignore'
[5.306s] Level 1:colcon.colcon_core.package_identification:_identify(src/kontrol) by extension 'ignore_ament_install'
[5.306s] Level 1:colcon.colcon_core.package_identification:_identify(src/kontrol) by extensions ['colcon_pkg']
[5.306s] Level 1:colcon.colcon_core.package_identification:_identify(src/kontrol) by extension 'colcon_pkg'
[5.306s] Level 1:colcon.colcon_core.package_identification:_identify(src/kontrol) by extensions ['colcon_meta']
[5.306s] Level 1:colcon.colcon_core.package_identification:_identify(src/kontrol) by extension 'colcon_meta'
[5.306s] Level 1:colcon.colcon_core.package_identification:_identify(src/kontrol) by extensions ['ros']
[5.306s] Level 1:colcon.colcon_core.package_identification:_identify(src/kontrol) by extension 'ros'
[5.400s] DEBUG:colcon.colcon_core.package_identification:Package 'src/kontrol' with type 'ros.ament_python' and name 'kontrol'
[5.400s] Level 1:colcon.colcon_core.package_discovery:discover_packages(recursive) using defaults
[5.400s] Level 1:colcon.colcon_core.package_discovery:discover_packages(ignore) discover
[5.400s] Level 1:colcon.colcon_core.package_discovery:discover_packages(ignore) using defaults
[5.400s] Level 1:colcon.colcon_core.package_discovery:discover_packages(path) discover
[5.400s] Level 1:colcon.colcon_core.package_discovery:discover_packages(path) using defaults
[5.817s] Level 1:colcon.colcon_core.package_discovery:discover_packages(prefix_path) check parameters
[5.817s] Level 1:colcon.colcon_core.package_discovery:discover_packages(prefix_path) discover
[5.894s] DEBUG:colcon.colcon_installed_package_information.package_discovery:Found 1 installed packages in /home/sema/Desktop/drone_ws/install
[5.911s] DEBUG:colcon.colcon_installed_package_information.package_discovery:Found 307 installed packages in /opt/ros/iron
[5.912s] Level 1:colcon.colcon_core.package_discovery:discover_packages(prefix_path) using defaults
[6.033s] Level 5:colcon.colcon_core.verb:set package 'kontrol' build argument 'cmake_args' from command line to 'None'
[6.033s] Level 5:colcon.colcon_core.verb:set package 'kontrol' build argument 'cmake_target' from command line to 'None'
[6.033s] Level 5:colcon.colcon_core.verb:set package 'kontrol' build argument 'cmake_target_skip_unavailable' from command line to 'False'
[6.033s] Level 5:colcon.colcon_core.verb:set package 'kontrol' build argument 'cmake_clean_cache' from command line to 'False'
[6.033s] Level 5:colcon.colcon_core.verb:set package 'kontrol' build argument 'cmake_clean_first' from command line to 'False'
[6.033s] Level 5:colcon.colcon_core.verb:set package 'kontrol' build argument 'cmake_force_configure' from command line to 'False'
[6.033s] Level 5:colcon.colcon_core.verb:set package 'kontrol' build argument 'ament_cmake_args' from command line to 'None'
[6.033s] Level 5:colcon.colcon_core.verb:set package 'kontrol' build argument 'catkin_cmake_args' from command line to 'None'
[6.033s] Level 5:colcon.colcon_core.verb:set package 'kontrol' build argument 'catkin_skip_building_tests' from command line to 'False'
[6.033s] DEBUG:colcon.colcon_core.verb:Building package 'kontrol' with the following arguments: {'ament_cmake_args': None, 'build_base': '/home/sema/Desktop/drone_ws/build/kontrol', 'catkin_cmake_args': None, 'catkin_skip_building_tests': False, 'cmake_args': None, 'cmake_clean_cache': False, 'cmake_clean_first': False, 'cmake_force_configure': False, 'cmake_target': None, 'cmake_target_skip_unavailable': False, 'install_base': '/home/sema/Desktop/drone_ws/install/kontrol', 'merge_install': False, 'path': '/home/sema/Desktop/drone_ws/src/kontrol', 'symlink_install': False, 'test_result_base': None}
[6.046s] INFO:colcon.colcon_core.executor:Executing jobs using 'parallel' executor
[6.059s] DEBUG:colcon.colcon_parallel_executor.executor.parallel:run_until_complete
[6.059s] INFO:colcon.colcon_ros.task.ament_python.build:Building ROS package in '/home/sema/Desktop/drone_ws/src/kontrol' with build type 'ament_python'
[6.059s] Level 1:colcon.colcon_core.shell:create_environment_hook('kontrol', 'ament_prefix_path')
[6.077s] INFO:colcon.colcon_core.plugin_system:Skipping extension 'colcon_core.shell.bat': Not used on non-Windows systems
[6.077s] INFO:colcon.colcon_core.shell:Creating environment hook '/home/sema/Desktop/drone_ws/install/kontrol/share/kontrol/hook/ament_prefix_path.ps1'
[6.078s] INFO:colcon.colcon_core.shell:Creating environment descriptor '/home/sema/Desktop/drone_ws/install/kontrol/share/kontrol/hook/ament_prefix_path.dsv'
[6.079s] INFO:colcon.colcon_core.shell:Creating environment hook '/home/sema/Desktop/drone_ws/install/kontrol/share/kontrol/hook/ament_prefix_path.sh'
[6.094s] INFO:colcon.colcon_core.shell:Skip shell extension 'powershell' for command environment: Not usable outside of PowerShell
[6.094s] DEBUG:colcon.colcon_core.shell:Skip shell extension 'dsv' for command environment
[6.422s] INFO:colcon.colcon_core.task.python.build:Building Python package in '/home/sema/Desktop/drone_ws/src/kontrol'
[6.435s] INFO:colcon.colcon_core.shell:Skip shell extension 'powershell' for command environment: Not usable outside of PowerShell
[6.435s] DEBUG:colcon.colcon_core.shell:Skip shell extension 'dsv' for command environment
[7.276s] DEBUG:colcon.colcon_core.event_handler.log_command:Invoking command in '/home/sema/Desktop/drone_ws/src/kontrol': PYTHONPATH=/home/sema/Desktop/drone_ws/build/kontrol/prefix_override:/home/sema/Desktop/drone_ws/install/kontrol/lib/python3.10/site-packages:${PYTHONPATH} /usr/bin/python3 setup.py egg_info --egg-base ../../build/kontrol build --build-base /home/sema/Desktop/drone_ws/build/kontrol/build install --record /home/sema/Desktop/drone_ws/build/kontrol/install.log --single-version-externally-managed
[7.639s] DEBUG:colcon.colcon_core.event_handler.log_command:Invoked command in '/home/sema/Desktop/drone_ws/src/kontrol' returned '0': PYTHONPATH=/home/sema/Desktop/drone_ws/build/kontrol/prefix_override:/home/sema/Desktop/drone_ws/install/kontrol/lib/python3.10/site-packages:${PYTHONPATH} /usr/bin/python3 setup.py egg_info --egg-base ../../build/kontrol build --build-base /home/sema/Desktop/drone_ws/build/kontrol/build install --record /home/sema/Desktop/drone_ws/build/kontrol/install.log --single-version-externally-managed
[7.743s] Level 1:colcon.colcon_core.environment:checking '/home/sema/Desktop/drone_ws/install/kontrol' for CMake module files
[7.743s] Level 1:colcon.colcon_core.environment:checking '/home/sema/Desktop/drone_ws/install/kontrol' for CMake config files
[7.744s] Level 1:colcon.colcon_core.environment:checking '/home/sema/Desktop/drone_ws/install/kontrol/lib'
[7.744s] Level 1:colcon.colcon_core.environment:checking '/home/sema/Desktop/drone_ws/install/kontrol/bin'
[7.744s] Level 1:colcon.colcon_core.environment:checking '/home/sema/Desktop/drone_ws/install/kontrol/lib/pkgconfig/kontrol.pc'
[7.744s] Level 1:colcon.colcon_core.environment:checking '/home/sema/Desktop/drone_ws/install/kontrol/lib/python3.10/site-packages'
[7.744s] Level 1:colcon.colcon_core.shell:create_environment_hook('kontrol', 'pythonpath')
[7.760s] INFO:colcon.colcon_core.shell:Creating environment hook '/home/sema/Desktop/drone_ws/install/kontrol/share/kontrol/hook/pythonpath.ps1'
[7.760s] INFO:colcon.colcon_core.shell:Creating environment descriptor '/home/sema/Desktop/drone_ws/install/kontrol/share/kontrol/hook/pythonpath.dsv'
[7.760s] INFO:colcon.colcon_core.shell:Creating environment hook '/home/sema/Desktop/drone_ws/install/kontrol/share/kontrol/hook/pythonpath.sh'
[7.761s] Level 1:colcon.colcon_core.environment:checking '/home/sema/Desktop/drone_ws/install/kontrol/bin'
[7.761s] Level 1:colcon.colcon_core.environment:create_environment_scripts_only(kontrol)
[7.777s] INFO:colcon.colcon_core.shell:Creating package script '/home/sema/Desktop/drone_ws/install/kontrol/share/kontrol/package.ps1'
[7.778s] INFO:colcon.colcon_core.shell:Creating package descriptor '/home/sema/Desktop/drone_ws/install/kontrol/share/kontrol/package.dsv'
[7.779s] INFO:colcon.colcon_core.shell:Creating package script '/home/sema/Desktop/drone_ws/install/kontrol/share/kontrol/package.sh'
[7.796s] INFO:colcon.colcon_core.shell:Creating package script '/home/sema/Desktop/drone_ws/install/kontrol/share/kontrol/package.bash'
[7.797s] INFO:colcon.colcon_core.shell:Creating package script '/home/sema/Desktop/drone_ws/install/kontrol/share/kontrol/package.zsh'
[7.816s] Level 1:colcon.colcon_core.environment:create_file_with_runtime_dependencies(/home/sema/Desktop/drone_ws/install/kontrol/share/colcon-core/packages/kontrol)
[7.816s] DEBUG:colcon.colcon_parallel_executor.executor.parallel:closing loop
[7.817s] DEBUG:colcon.colcon_parallel_executor.executor.parallel:loop closed
[7.817s] DEBUG:colcon.colcon_parallel_executor.executor.parallel:run_until_complete finished with '0'
[7.817s] DEBUG:colcon.colcon_core.event_reactor:joining thread
[7.871s] INFO:colcon.colcon_core.plugin_system:Skipping extension 'colcon_notification.desktop_notification.terminal_notifier': Not used on non-Darwin systems
[7.871s] INFO:colcon.colcon_core.plugin_system:Skipping extension 'colcon_notification.desktop_notification.win32': Not used on non-Windows systems
[7.871s] INFO:colcon.colcon_notification.desktop_notification:Sending desktop notification using 'notify2'
[7.896s] DEBUG:colcon.colcon_core.event_reactor:joined thread
[7.923s] INFO:colcon.colcon_core.shell:Creating prefix script '/home/sema/Desktop/drone_ws/install/local_setup.ps1'
[7.924s] INFO:colcon.colcon_core.shell:Creating prefix util module '/home/sema/Desktop/drone_ws/install/_local_setup_util_ps1.py'
[7.979s] INFO:colcon.colcon_core.shell:Creating prefix chain script '/home/sema/Desktop/drone_ws/install/setup.ps1'
[8.024s] INFO:colcon.colcon_core.shell:Creating prefix script '/home/sema/Desktop/drone_ws/install/local_setup.sh'
[8.035s] INFO:colcon.colcon_core.shell:Creating prefix util module '/home/sema/Desktop/drone_ws/install/_local_setup_util_sh.py'
[8.036s] INFO:colcon.colcon_core.shell:Creating prefix chain script '/home/sema/Desktop/drone_ws/install/setup.sh'
[8.052s] INFO:colcon.colcon_core.shell:Creating prefix script '/home/sema/Desktop/drone_ws/install/local_setup.bash'
[8.053s] INFO:colcon.colcon_core.shell:Creating prefix chain script '/home/sema/Desktop/drone_ws/install/setup.bash'
[8.069s] INFO:colcon.colcon_core.shell:Creating prefix script '/home/sema/Desktop/drone_ws/install/local_setup.zsh'
[8.081s] INFO:colcon.colcon_core.shell:Creating prefix chain script '/home/sema/Desktop/drone_ws/install/setup.zsh'
