[0.961s] Invoking command in '/home/sema/Desktop/drone_ws/src/packets/kontrol': PYTHONPATH=/home/sema/Desktop/drone_ws/build/kontrol/prefix_override:/home/sema/Desktop/drone_ws/install/kontrol/lib/python3.10/site-packages:${PYTHONPATH} /usr/bin/python3 setup.py egg_info --egg-base ../../../build/kontrol build --build-base /home/sema/Desktop/drone_ws/build/kontrol/build install --record /home/sema/Desktop/drone_ws/build/kontrol/install.log --single-version-externally-managed
[1.195s] running egg_info
[1.211s] writing ../../../build/kontrol/kontrol.egg-info/PKG-INFO
[1.212s] writing dependency_links to ../../../build/kontrol/kontrol.egg-info/dependency_links.txt
[1.213s] writing entry points to ../../../build/kontrol/kontrol.egg-info/entry_points.txt
[1.213s] writing requirements to ../../../build/kontrol/kontrol.egg-info/requires.txt
[1.213s] writing top-level names to ../../../build/kontrol/kontrol.egg-info/top_level.txt
[1.252s] reading manifest file '../../../build/kontrol/kontrol.egg-info/SOURCES.txt'
[1.252s] adding license file 'LICENSE'
[1.252s] writing manifest file '../../../build/kontrol/kontrol.egg-info/SOURCES.txt'
[1.253s] running build
[1.253s] running build_py
[1.253s] copying kontrol/__init__.py -> /home/sema/Desktop/drone_ws/build/kontrol/build/lib/kontrol
[1.253s] copying kontrol/kumanda.py -> /home/sema/Desktop/drone_ws/build/kontrol/build/lib/kontrol
[1.253s] copying kontrol/alici.py -> /home/sema/Desktop/drone_ws/build/kontrol/build/lib/kontrol
[1.253s] copying kontrol/takeoff.py -> /home/sema/Desktop/drone_ws/build/kontrol/build/lib/kontrol
[1.254s] running install
[1.254s] /home/sema/.local/lib/python3.10/site-packages/setuptools/_distutils/cmd.py:66: SetuptoolsDeprecationWarning: setup.py install is deprecated.
[1.254s] !!
[1.254s] 
[1.254s]         ********************************************************************************
[1.254s]         Please avoid running ``setup.py`` directly.
[1.254s]         Instead, use pypa/build, pypa/installer or other
[1.255s]         standards-based tools.
[1.255s] 
[1.255s]         See https://blog.ganssle.io/articles/2021/10/setup-py-deprecated.html for details.
[1.255s]         ********************************************************************************
[1.255s] 
[1.255s] !!
[1.255s]   self.initialize_options()
[1.260s] running install_lib
[1.278s] copying /home/sema/Desktop/drone_ws/build/kontrol/build/lib/kontrol/kumanda.py -> /home/sema/Desktop/drone_ws/install/kontrol/lib/python3.10/site-packages/kontrol
[1.278s] byte-compiling /home/sema/Desktop/drone_ws/install/kontrol/lib/python3.10/site-packages/kontrol/kumanda.py to kumanda.cpython-310.pyc
[1.279s] running install_data
[1.295s] copying resource/kontrol -> /home/sema/Desktop/drone_ws/install/kontrol/share/ament_index/resource_index/packages
[1.295s] copying package.xml -> /home/sema/Desktop/drone_ws/install/kontrol/share/kontrol
[1.295s] running install_egg_info
[1.313s] removing '/home/sema/Desktop/drone_ws/install/kontrol/lib/python3.10/site-packages/kontrol-0.0.0-py3.10.egg-info' (and everything under it)
[1.313s] Copying ../../../build/kontrol/kontrol.egg-info to /home/sema/Desktop/drone_ws/install/kontrol/lib/python3.10/site-packages/kontrol-0.0.0-py3.10.egg-info
[1.314s] running install_scripts
[1.477s] Installing alici script to /home/sema/Desktop/drone_ws/install/kontrol/lib/kontrol
[1.477s] Installing kumanda script to /home/sema/Desktop/drone_ws/install/kontrol/lib/kontrol
[1.477s] Installing takeoff script to /home/sema/Desktop/drone_ws/install/kontrol/lib/kontrol
[1.477s] writing list of installed files to '/home/sema/Desktop/drone_ws/build/kontrol/install.log'
[1.504s] Invoked command in '/home/sema/Desktop/drone_ws/src/packets/kontrol' returned '0': PYTHONPATH=/home/sema/Desktop/drone_ws/build/kontrol/prefix_override:/home/sema/Desktop/drone_ws/install/kontrol/lib/python3.10/site-packages:${PYTHONPATH} /usr/bin/python3 setup.py egg_info --egg-base ../../../build/kontrol build --build-base /home/sema/Desktop/drone_ws/build/kontrol/build install --record /home/sema/Desktop/drone_ws/build/kontrol/install.log --single-version-externally-managed
