[1.279s] Invoking command in '/home/sema/Desktop/drone_ws/src/kontrol': PYTHONPATH=/home/sema/Desktop/drone_ws/build/kontrol/prefix_override:/home/sema/Desktop/drone_ws/install/kontrol/lib/python3.10/site-packages:${PYTHONPATH} /usr/bin/python3 setup.py egg_info --egg-base ../../build/kontrol build --build-base /home/sema/Desktop/drone_ws/build/kontrol/build install --record /home/sema/Desktop/drone_ws/build/kontrol/install.log --single-version-externally-managed
[1.505s] running egg_info
[1.519s] writing ../../build/kontrol/kontrol.egg-info/PKG-INFO
[1.519s] writing dependency_links to ../../build/kontrol/kontrol.egg-info/dependency_links.txt
[1.520s] writing entry points to ../../build/kontrol/kontrol.egg-info/entry_points.txt
[1.520s] writing requirements to ../../build/kontrol/kontrol.egg-info/requires.txt
[1.520s] writing top-level names to ../../build/kontrol/kontrol.egg-info/top_level.txt
[1.551s] reading manifest file '../../build/kontrol/kontrol.egg-info/SOURCES.txt'
[1.551s] adding license file 'LICENSE'
[1.552s] writing manifest file '../../build/kontrol/kontrol.egg-info/SOURCES.txt'
[1.552s] running build
[1.552s] running build_py
[1.552s] copying kontrol/__init__.py -> /home/sema/Desktop/drone_ws/build/kontrol/build/lib/kontrol
[1.552s] copying kontrol/ui.py -> /home/sema/Desktop/drone_ws/build/kontrol/build/lib/kontrol
[1.552s] copying kontrol/kumanda.py -> /home/sema/Desktop/drone_ws/build/kontrol/build/lib/kontrol
[1.552s] copying kontrol/alici.py -> /home/sema/Desktop/drone_ws/build/kontrol/build/lib/kontrol
[1.553s] running install
[1.553s] /home/sema/.local/lib/python3.10/site-packages/setuptools/_distutils/cmd.py:66: SetuptoolsDeprecationWarning: setup.py install is deprecated.
[1.553s] !!
[1.553s] 
[1.553s]         ********************************************************************************
[1.553s]         Please avoid running ``setup.py`` directly.
[1.553s]         Instead, use pypa/build, pypa/installer or other
[1.554s]         standards-based tools.
[1.554s] 
[1.554s]         See https://blog.ganssle.io/articles/2021/10/setup-py-deprecated.html for details.
[1.554s]         ********************************************************************************
[1.554s] 
[1.554s] !!
[1.554s]   self.initialize_options()
[1.559s] running install_lib
[1.573s] copying /home/sema/Desktop/drone_ws/build/kontrol/build/lib/kontrol/alici.py -> /home/sema/Desktop/drone_ws/install/kontrol/lib/python3.10/site-packages/kontrol
[1.573s] byte-compiling /home/sema/Desktop/drone_ws/install/kontrol/lib/python3.10/site-packages/kontrol/alici.py to alici.cpython-310.pyc
[1.574s] running install_data
[1.588s] copying resource/kontrol -> /home/sema/Desktop/drone_ws/install/kontrol/share/ament_index/resource_index/packages
[1.588s] copying package.xml -> /home/sema/Desktop/drone_ws/install/kontrol/share/kontrol
[1.588s] running install_egg_info
[1.602s] removing '/home/sema/Desktop/drone_ws/install/kontrol/lib/python3.10/site-packages/kontrol-0.0.0-py3.10.egg-info' (and everything under it)
[1.602s] Copying ../../build/kontrol/kontrol.egg-info to /home/sema/Desktop/drone_ws/install/kontrol/lib/python3.10/site-packages/kontrol-0.0.0-py3.10.egg-info
[1.627s] running install_scripts
[1.755s] Installing alici script to /home/sema/Desktop/drone_ws/install/kontrol/lib/kontrol
[1.756s] Installing kumanda script to /home/sema/Desktop/drone_ws/install/kontrol/lib/kontrol
[1.756s] writing list of installed files to '/home/sema/Desktop/drone_ws/build/kontrol/install.log'
[1.775s] Invoked command in '/home/sema/Desktop/drone_ws/src/kontrol' returned '0': PYTHONPATH=/home/sema/Desktop/drone_ws/build/kontrol/prefix_override:/home/sema/Desktop/drone_ws/install/kontrol/lib/python3.10/site-packages:${PYTHONPATH} /usr/bin/python3 setup.py egg_info --egg-base ../../build/kontrol build --build-base /home/sema/Desktop/drone_ws/build/kontrol/build install --record /home/sema/Desktop/drone_ws/build/kontrol/install.log --single-version-externally-managed
