[0.718s] DEBUG:colcon:Command line arguments: ['/usr/bin/colcon', 'build']
[0.718s] DEBUG:colcon:Parsed command line arguments: Namespace(log_base=None, log_level=None, verb_name='build', build_base='build', install_base='install', merge_install=False, symlink_install=False, test_result_base=None, continue_on_error=False, executor='parallel', parallel_workers=12, event_handlers=None, ignore_user_meta=False, metas=['./colcon.meta'], base_paths=['.'], packages_ignore=None, packages_ignore_regex=None, paths=None, packages_up_to=None, packages_up_to_regex=None, packages_above=None, packages_above_and_dependencies=None, packages_above_depth=None, packages_select_by_dep=None, packages_skip_by_dep=None, packages_skip_up_to=None, packages_select_build_failed=False, packages_skip_build_finished=False, packages_select_test_failures=False, packages_skip_test_passed=False, packages_select=None, packages_skip=None, packages_select_regex=None, packages_skip_regex=None, packages_start=None, packages_end=None, allow_overriding=[], cmake_args=None, cmake_target=None, cmake_target_skip_unavailable=False, cmake_clean_cache=False, cmake_clean_first=False, cmake_force_configure=False, ament_cmake_args=None, catkin_cmake_args=None, catkin_skip_building_tests=False, verb_parser=<colcon_defaults.argument_parser.defaults.DefaultArgumentsDecorator object at 0x7f8afc3c2a40>, verb_extension=<colcon_core.verb.build.BuildVerb object at 0x7f8afc3c1660>, main=<bound method BuildVerb.main of <colcon_core.verb.build.BuildVerb object at 0x7f8afc3c1660>>)
[0.753s] Level 1:colcon.colcon_core.package_discovery:discover_packages(colcon_meta) check parameters
[0.753s] Level 1:colcon.colcon_core.package_discovery:discover_packages(recursive) check parameters
[0.753s] Level 1:colcon.colcon_core.package_discovery:discover_packages(ignore) check parameters
[0.753s] Level 1:colcon.colcon_core.package_discovery:discover_packages(path) check parameters
[0.753s] Level 1:colcon.colcon_core.package_discovery:discover_packages(colcon_meta) discover
[0.753s] Level 1:colcon.colcon_core.package_discovery:discover_packages(recursive) discover
[0.753s] INFO:colcon.colcon_core.package_discovery:Crawling recursively for packages in '/home/sema/Desktop/drone_ws-main-main'
[0.753s] Level 1:colcon.colcon_core.package_identification:_identify(.) by extensions ['ignore', 'ignore_ament_install']
[0.753s] Level 1:colcon.colcon_core.package_identification:_identify(.) by extension 'ignore'
[0.753s] Level 1:colcon.colcon_core.package_identification:_identify(.) by extension 'ignore_ament_install'
[0.753s] Level 1:colcon.colcon_core.package_identification:_identify(.) by extensions ['colcon_pkg']
[0.754s] Level 1:colcon.colcon_core.package_identification:_identify(.) by extension 'colcon_pkg'
[0.754s] Level 1:colcon.colcon_core.package_identification:_identify(.) by extensions ['colcon_meta']
[0.754s] Level 1:colcon.colcon_core.package_identification:_identify(.) by extension 'colcon_meta'
[0.754s] Level 1:colcon.colcon_core.package_identification:_identify(.) by extensions ['ros']
[0.754s] Level 1:colcon.colcon_core.package_identification:_identify(.) by extension 'ros'
[0.762s] Level 1:colcon.colcon_core.package_identification:_identify(.) by extensions ['cmake', 'python']
[0.762s] Level 1:colcon.colcon_core.package_identification:_identify(.) by extension 'cmake'
[0.762s] Level 1:colcon.colcon_core.package_identification:_identify(.) by extension 'python'
[0.762s] Level 1:colcon.colcon_core.package_identification:_identify(.) by extensions ['python_setup_py']
[0.762s] Level 1:colcon.colcon_core.package_identification:_identify(.) by extension 'python_setup_py'
[0.762s] Level 1:colcon.colcon_core.package_identification:_identify(build) by extensions ['ignore', 'ignore_ament_install']
[0.762s] Level 1:colcon.colcon_core.package_identification:_identify(build) by extension 'ignore'
[0.762s] Level 1:colcon.colcon_core.package_identification:_identify(build) ignored
[0.762s] Level 1:colcon.colcon_core.package_identification:_identify(install) by extensions ['ignore', 'ignore_ament_install']
[0.762s] Level 1:colcon.colcon_core.package_identification:_identify(install) by extension 'ignore'
[0.762s] Level 1:colcon.colcon_core.package_identification:_identify(install) ignored
[0.763s] Level 1:colcon.colcon_core.package_identification:_identify(log) by extensions ['ignore', 'ignore_ament_install']
[0.763s] Level 1:colcon.colcon_core.package_identification:_identify(log) by extension 'ignore'
[0.763s] Level 1:colcon.colcon_core.package_identification:_identify(log) ignored
[0.763s] Level 1:colcon.colcon_core.package_identification:_identify(src) by extensions ['ignore', 'ignore_ament_install']
[0.763s] Level 1:colcon.colcon_core.package_identification:_identify(src) by extension 'ignore'
[0.763s] Level 1:colcon.colcon_core.package_identification:_identify(src) by extension 'ignore_ament_install'
[0.763s] Level 1:colcon.colcon_core.package_identification:_identify(src) by extensions ['colcon_pkg']
[0.763s] Level 1:colcon.colcon_core.package_identification:_identify(src) by extension 'colcon_pkg'
[0.763s] Level 1:colcon.colcon_core.package_identification:_identify(src) by extensions ['colcon_meta']
[0.763s] Level 1:colcon.colcon_core.package_identification:_identify(src) by extension 'colcon_meta'
[0.763s] Level 1:colcon.colcon_core.package_identification:_identify(src) by extensions ['ros']
[0.763s] Level 1:colcon.colcon_core.package_identification:_identify(src) by extension 'ros'
[0.763s] Level 1:colcon.colcon_core.package_identification:_identify(src) by extensions ['cmake', 'python']
[0.763s] Level 1:colcon.colcon_core.package_identification:_identify(src) by extension 'cmake'
[0.763s] Level 1:colcon.colcon_core.package_identification:_identify(src) by extension 'python'
[0.763s] Level 1:colcon.colcon_core.package_identification:_identify(src) by extensions ['python_setup_py']
[0.763s] Level 1:colcon.colcon_core.package_identification:_identify(src) by extension 'python_setup_py'
[0.763s] Level 1:colcon.colcon_core.package_identification:_identify(src/build) by extensions ['ignore', 'ignore_ament_install']
[0.763s] Level 1:colcon.colcon_core.package_identification:_identify(src/build) by extension 'ignore'
[0.764s] Level 1:colcon.colcon_core.package_identification:_identify(src/build) by extension 'ignore_ament_install'
[0.764s] Level 1:colcon.colcon_core.package_identification:_identify(src/build) by extensions ['colcon_pkg']
[0.764s] Level 1:colcon.colcon_core.package_identification:_identify(src/build) by extension 'colcon_pkg'
[0.764s] Level 1:colcon.colcon_core.package_identification:_identify(src/build) by extensions ['colcon_meta']
[0.764s] Level 1:colcon.colcon_core.package_identification:_identify(src/build) by extension 'colcon_meta'
[0.764s] Level 1:colcon.colcon_core.package_identification:_identify(src/build) by extensions ['ros']
[0.764s] Level 1:colcon.colcon_core.package_identification:_identify(src/build) by extension 'ros'
[0.764s] Level 1:colcon.colcon_core.package_identification:_identify(src/build) by extensions ['cmake', 'python']
[0.764s] Level 1:colcon.colcon_core.package_identification:_identify(src/build) by extension 'cmake'
[0.764s] Level 1:colcon.colcon_core.package_identification:_identify(src/build) by extension 'python'
[0.764s] Level 1:colcon.colcon_core.package_identification:_identify(src/build) by extensions ['python_setup_py']
[0.764s] Level 1:colcon.colcon_core.package_identification:_identify(src/build) by extension 'python_setup_py'
[0.764s] Level 1:colcon.colcon_core.package_identification:_identify(src/drone_add) by extensions ['ignore', 'ignore_ament_install']
[0.764s] Level 1:colcon.colcon_core.package_identification:_identify(src/drone_add) by extension 'ignore'
[0.764s] Level 1:colcon.colcon_core.package_identification:_identify(src/drone_add) by extension 'ignore_ament_install'
[0.764s] Level 1:colcon.colcon_core.package_identification:_identify(src/drone_add) by extensions ['colcon_pkg']
[0.764s] Level 1:colcon.colcon_core.package_identification:_identify(src/drone_add) by extension 'colcon_pkg'
[0.764s] Level 1:colcon.colcon_core.package_identification:_identify(src/drone_add) by extensions ['colcon_meta']
[0.764s] Level 1:colcon.colcon_core.package_identification:_identify(src/drone_add) by extension 'colcon_meta'
[0.764s] Level 1:colcon.colcon_core.package_identification:_identify(src/drone_add) by extensions ['ros']
[0.764s] Level 1:colcon.colcon_core.package_identification:_identify(src/drone_add) by extension 'ros'
[0.764s] Level 1:colcon.colcon_core.package_identification:_identify(src/drone_add) by extensions ['cmake', 'python']
[0.764s] Level 1:colcon.colcon_core.package_identification:_identify(src/drone_add) by extension 'cmake'
[0.764s] Level 1:colcon.colcon_core.package_identification:_identify(src/drone_add) by extension 'python'
[0.765s] Level 1:colcon.colcon_core.package_identification:_identify(src/drone_add) by extensions ['python_setup_py']
[0.765s] Level 1:colcon.colcon_core.package_identification:_identify(src/drone_add) by extension 'python_setup_py'
[0.765s] Level 1:colcon.colcon_core.package_identification:_identify(src/drone_add/__pycache__) by extensions ['ignore', 'ignore_ament_install']
[0.765s] Level 1:colcon.colcon_core.package_identification:_identify(src/drone_add/__pycache__) by extension 'ignore'
[0.765s] Level 1:colcon.colcon_core.package_identification:_identify(src/drone_add/__pycache__) by extension 'ignore_ament_install'
[0.765s] Level 1:colcon.colcon_core.package_identification:_identify(src/drone_add/__pycache__) by extensions ['colcon_pkg']
[0.765s] Level 1:colcon.colcon_core.package_identification:_identify(src/drone_add/__pycache__) by extension 'colcon_pkg'
[0.765s] Level 1:colcon.colcon_core.package_identification:_identify(src/drone_add/__pycache__) by extensions ['colcon_meta']
[0.765s] Level 1:colcon.colcon_core.package_identification:_identify(src/drone_add/__pycache__) by extension 'colcon_meta'
[0.765s] Level 1:colcon.colcon_core.package_identification:_identify(src/drone_add/__pycache__) by extensions ['ros']
[0.765s] Level 1:colcon.colcon_core.package_identification:_identify(src/drone_add/__pycache__) by extension 'ros'
[0.765s] Level 1:colcon.colcon_core.package_identification:_identify(src/drone_add/__pycache__) by extensions ['cmake', 'python']
[0.765s] Level 1:colcon.colcon_core.package_identification:_identify(src/drone_add/__pycache__) by extension 'cmake'
[0.765s] Level 1:colcon.colcon_core.package_identification:_identify(src/drone_add/__pycache__) by extension 'python'
[0.765s] Level 1:colcon.colcon_core.package_identification:_identify(src/drone_add/__pycache__) by extensions ['python_setup_py']
[0.765s] Level 1:colcon.colcon_core.package_identification:_identify(src/drone_add/__pycache__) by extension 'python_setup_py'
[0.765s] Level 1:colcon.colcon_core.package_identification:_identify(src/drone_connect) by extensions ['ignore', 'ignore_ament_install']
[0.765s] Level 1:colcon.colcon_core.package_identification:_identify(src/drone_connect) by extension 'ignore'
[0.765s] Level 1:colcon.colcon_core.package_identification:_identify(src/drone_connect) by extension 'ignore_ament_install'
[0.766s] Level 1:colcon.colcon_core.package_identification:_identify(src/drone_connect) by extensions ['colcon_pkg']
[0.766s] Level 1:colcon.colcon_core.package_identification:_identify(src/drone_connect) by extension 'colcon_pkg'
[0.766s] Level 1:colcon.colcon_core.package_identification:_identify(src/drone_connect) by extensions ['colcon_meta']
[0.766s] Level 1:colcon.colcon_core.package_identification:_identify(src/drone_connect) by extension 'colcon_meta'
[0.766s] Level 1:colcon.colcon_core.package_identification:_identify(src/drone_connect) by extensions ['ros']
[0.766s] Level 1:colcon.colcon_core.package_identification:_identify(src/drone_connect) by extension 'ros'
[0.766s] Level 1:colcon.colcon_core.package_identification:_identify(src/drone_connect) by extensions ['cmake', 'python']
[0.766s] Level 1:colcon.colcon_core.package_identification:_identify(src/drone_connect) by extension 'cmake'
[0.766s] Level 1:colcon.colcon_core.package_identification:_identify(src/drone_connect) by extension 'python'
[0.766s] Level 1:colcon.colcon_core.package_identification:_identify(src/drone_connect) by extensions ['python_setup_py']
[0.766s] Level 1:colcon.colcon_core.package_identification:_identify(src/drone_connect) by extension 'python_setup_py'
[0.766s] Level 1:colcon.colcon_core.package_identification:_identify(src/install) by extensions ['ignore', 'ignore_ament_install']
[0.766s] Level 1:colcon.colcon_core.package_identification:_identify(src/install) by extension 'ignore'
[0.766s] Level 1:colcon.colcon_core.package_identification:_identify(src/install) ignored
[0.766s] Level 1:colcon.colcon_core.package_identification:_identify(src/log) by extensions ['ignore', 'ignore_ament_install']
[0.766s] Level 1:colcon.colcon_core.package_identification:_identify(src/log) by extension 'ignore'
[0.766s] Level 1:colcon.colcon_core.package_identification:_identify(src/log) ignored
[0.766s] Level 1:colcon.colcon_core.package_identification:_identify(src/packets) by extensions ['ignore', 'ignore_ament_install']
[0.766s] Level 1:colcon.colcon_core.package_identification:_identify(src/packets) by extension 'ignore'
[0.766s] Level 1:colcon.colcon_core.package_identification:_identify(src/packets) by extension 'ignore_ament_install'
[0.766s] Level 1:colcon.colcon_core.package_identification:_identify(src/packets) by extensions ['colcon_pkg']
[0.766s] Level 1:colcon.colcon_core.package_identification:_identify(src/packets) by extension 'colcon_pkg'
[0.767s] Level 1:colcon.colcon_core.package_identification:_identify(src/packets) by extensions ['colcon_meta']
[0.767s] Level 1:colcon.colcon_core.package_identification:_identify(src/packets) by extension 'colcon_meta'
[0.767s] Level 1:colcon.colcon_core.package_identification:_identify(src/packets) by extensions ['ros']
[0.767s] Level 1:colcon.colcon_core.package_identification:_identify(src/packets) by extension 'ros'
[0.767s] Level 1:colcon.colcon_core.package_identification:_identify(src/packets) by extensions ['cmake', 'python']
[0.767s] Level 1:colcon.colcon_core.package_identification:_identify(src/packets) by extension 'cmake'
[0.767s] Level 1:colcon.colcon_core.package_identification:_identify(src/packets) by extension 'python'
[0.767s] Level 1:colcon.colcon_core.package_identification:_identify(src/packets) by extensions ['python_setup_py']
[0.767s] Level 1:colcon.colcon_core.package_identification:_identify(src/packets) by extension 'python_setup_py'
[0.767s] Level 1:colcon.colcon_core.package_identification:_identify(src/packets/kontrol) by extensions ['ignore', 'ignore_ament_install']
[0.767s] Level 1:colcon.colcon_core.package_identification:_identify(src/packets/kontrol) by extension 'ignore'
[0.767s] Level 1:colcon.colcon_core.package_identification:_identify(src/packets/kontrol) by extension 'ignore_ament_install'
[0.767s] Level 1:colcon.colcon_core.package_identification:_identify(src/packets/kontrol) by extensions ['colcon_pkg']
[0.767s] Level 1:colcon.colcon_core.package_identification:_identify(src/packets/kontrol) by extension 'colcon_pkg'
[0.767s] Level 1:colcon.colcon_core.package_identification:_identify(src/packets/kontrol) by extensions ['colcon_meta']
[0.767s] Level 1:colcon.colcon_core.package_identification:_identify(src/packets/kontrol) by extension 'colcon_meta'
[0.767s] Level 1:colcon.colcon_core.package_identification:_identify(src/packets/kontrol) by extensions ['ros']
[0.767s] Level 1:colcon.colcon_core.package_identification:_identify(src/packets/kontrol) by extension 'ros'
[0.769s] DEBUG:colcon.colcon_core.package_identification:Package 'src/packets/kontrol' with type 'ros.ament_python' and name 'kontrol'
[0.769s] Level 1:colcon.colcon_core.package_identification:_identify(src/start_code) by extensions ['ignore', 'ignore_ament_install']
[0.769s] Level 1:colcon.colcon_core.package_identification:_identify(src/start_code) by extension 'ignore'
[0.769s] Level 1:colcon.colcon_core.package_identification:_identify(src/start_code) by extension 'ignore_ament_install'
[0.769s] Level 1:colcon.colcon_core.package_identification:_identify(src/start_code) by extensions ['colcon_pkg']
[0.769s] Level 1:colcon.colcon_core.package_identification:_identify(src/start_code) by extension 'colcon_pkg'
[0.769s] Level 1:colcon.colcon_core.package_identification:_identify(src/start_code) by extensions ['colcon_meta']
[0.769s] Level 1:colcon.colcon_core.package_identification:_identify(src/start_code) by extension 'colcon_meta'
[0.769s] Level 1:colcon.colcon_core.package_identification:_identify(src/start_code) by extensions ['ros']
[0.769s] Level 1:colcon.colcon_core.package_identification:_identify(src/start_code) by extension 'ros'
[0.769s] Level 1:colcon.colcon_core.package_identification:_identify(src/start_code) by extensions ['cmake', 'python']
[0.770s] Level 1:colcon.colcon_core.package_identification:_identify(src/start_code) by extension 'cmake'
[0.770s] Level 1:colcon.colcon_core.package_identification:_identify(src/start_code) by extension 'python'
[0.770s] Level 1:colcon.colcon_core.package_identification:_identify(src/start_code) by extensions ['python_setup_py']
[0.770s] Level 1:colcon.colcon_core.package_identification:_identify(src/start_code) by extension 'python_setup_py'
[0.770s] Level 1:colcon.colcon_core.package_identification:_identify(src/start_code/__pycache__) by extensions ['ignore', 'ignore_ament_install']
[0.770s] Level 1:colcon.colcon_core.package_identification:_identify(src/start_code/__pycache__) by extension 'ignore'
[0.770s] Level 1:colcon.colcon_core.package_identification:_identify(src/start_code/__pycache__) by extension 'ignore_ament_install'
[0.770s] Level 1:colcon.colcon_core.package_identification:_identify(src/start_code/__pycache__) by extensions ['colcon_pkg']
[0.770s] Level 1:colcon.colcon_core.package_identification:_identify(src/start_code/__pycache__) by extension 'colcon_pkg'
[0.770s] Level 1:colcon.colcon_core.package_identification:_identify(src/start_code/__pycache__) by extensions ['colcon_meta']
[0.770s] Level 1:colcon.colcon_core.package_identification:_identify(src/start_code/__pycache__) by extension 'colcon_meta'
[0.770s] Level 1:colcon.colcon_core.package_identification:_identify(src/start_code/__pycache__) by extensions ['ros']
[0.770s] Level 1:colcon.colcon_core.package_identification:_identify(src/start_code/__pycache__) by extension 'ros'
[0.770s] Level 1:colcon.colcon_core.package_identification:_identify(src/start_code/__pycache__) by extensions ['cmake', 'python']
[0.770s] Level 1:colcon.colcon_core.package_identification:_identify(src/start_code/__pycache__) by extension 'cmake'
[0.770s] Level 1:colcon.colcon_core.package_identification:_identify(src/start_code/__pycache__) by extension 'python'
[0.770s] Level 1:colcon.colcon_core.package_identification:_identify(src/start_code/__pycache__) by extensions ['python_setup_py']
[0.770s] Level 1:colcon.colcon_core.package_identification:_identify(src/start_code/__pycache__) by extension 'python_setup_py'
[0.770s] Level 1:colcon.colcon_core.package_identification:_identify(src/start_instructions_sh) by extensions ['ignore', 'ignore_ament_install']
[0.770s] Level 1:colcon.colcon_core.package_identification:_identify(src/start_instructions_sh) by extension 'ignore'
[0.770s] Level 1:colcon.colcon_core.package_identification:_identify(src/start_instructions_sh) by extension 'ignore_ament_install'
[0.771s] Level 1:colcon.colcon_core.package_identification:_identify(src/start_instructions_sh) by extensions ['colcon_pkg']
[0.771s] Level 1:colcon.colcon_core.package_identification:_identify(src/start_instructions_sh) by extension 'colcon_pkg'
[0.771s] Level 1:colcon.colcon_core.package_identification:_identify(src/start_instructions_sh) by extensions ['colcon_meta']
[0.771s] Level 1:colcon.colcon_core.package_identification:_identify(src/start_instructions_sh) by extension 'colcon_meta'
[0.771s] Level 1:colcon.colcon_core.package_identification:_identify(src/start_instructions_sh) by extensions ['ros']
[0.771s] Level 1:colcon.colcon_core.package_identification:_identify(src/start_instructions_sh) by extension 'ros'
[0.771s] Level 1:colcon.colcon_core.package_identification:_identify(src/start_instructions_sh) by extensions ['cmake', 'python']
[0.771s] Level 1:colcon.colcon_core.package_identification:_identify(src/start_instructions_sh) by extension 'cmake'
[0.771s] Level 1:colcon.colcon_core.package_identification:_identify(src/start_instructions_sh) by extension 'python'
[0.771s] Level 1:colcon.colcon_core.package_identification:_identify(src/start_instructions_sh) by extensions ['python_setup_py']
[0.771s] Level 1:colcon.colcon_core.package_identification:_identify(src/start_instructions_sh) by extension 'python_setup_py'
[0.771s] Level 1:colcon.colcon_core.package_identification:_identify(src/start_instructions_sh/build) by extensions ['ignore', 'ignore_ament_install']
[0.771s] Level 1:colcon.colcon_core.package_identification:_identify(src/start_instructions_sh/build) by extension 'ignore'
[0.771s] Level 1:colcon.colcon_core.package_identification:_identify(src/start_instructions_sh/build) ignored
[0.771s] Level 1:colcon.colcon_core.package_identification:_identify(src/start_instructions_sh/install) by extensions ['ignore', 'ignore_ament_install']
[0.771s] Level 1:colcon.colcon_core.package_identification:_identify(src/start_instructions_sh/install) by extension 'ignore'
[0.771s] Level 1:colcon.colcon_core.package_identification:_identify(src/start_instructions_sh/install) ignored
[0.771s] Level 1:colcon.colcon_core.package_identification:_identify(src/start_instructions_sh/log) by extensions ['ignore', 'ignore_ament_install']
[0.771s] Level 1:colcon.colcon_core.package_identification:_identify(src/start_instructions_sh/log) by extension 'ignore'
[0.771s] Level 1:colcon.colcon_core.package_identification:_identify(src/start_instructions_sh/log) ignored
[0.772s] Level 1:colcon.colcon_core.package_identification:_identify(src/ui_code) by extensions ['ignore', 'ignore_ament_install']
[0.772s] Level 1:colcon.colcon_core.package_identification:_identify(src/ui_code) by extension 'ignore'
[0.772s] Level 1:colcon.colcon_core.package_identification:_identify(src/ui_code) by extension 'ignore_ament_install'
[0.772s] Level 1:colcon.colcon_core.package_identification:_identify(src/ui_code) by extensions ['colcon_pkg']
[0.772s] Level 1:colcon.colcon_core.package_identification:_identify(src/ui_code) by extension 'colcon_pkg'
[0.772s] Level 1:colcon.colcon_core.package_identification:_identify(src/ui_code) by extensions ['colcon_meta']
[0.772s] Level 1:colcon.colcon_core.package_identification:_identify(src/ui_code) by extension 'colcon_meta'
[0.772s] Level 1:colcon.colcon_core.package_identification:_identify(src/ui_code) by extensions ['ros']
[0.772s] Level 1:colcon.colcon_core.package_identification:_identify(src/ui_code) by extension 'ros'
[0.772s] Level 1:colcon.colcon_core.package_identification:_identify(src/ui_code) by extensions ['cmake', 'python']
[0.772s] Level 1:colcon.colcon_core.package_identification:_identify(src/ui_code) by extension 'cmake'
[0.772s] Level 1:colcon.colcon_core.package_identification:_identify(src/ui_code) by extension 'python'
[0.772s] Level 1:colcon.colcon_core.package_identification:_identify(src/ui_code) by extensions ['python_setup_py']
[0.772s] Level 1:colcon.colcon_core.package_identification:_identify(src/ui_code) by extension 'python_setup_py'
[0.772s] Level 1:colcon.colcon_core.package_identification:_identify(src/ui_code/__pycache__) by extensions ['ignore', 'ignore_ament_install']
[0.772s] Level 1:colcon.colcon_core.package_identification:_identify(src/ui_code/__pycache__) by extension 'ignore'
[0.772s] Level 1:colcon.colcon_core.package_identification:_identify(src/ui_code/__pycache__) by extension 'ignore_ament_install'
[0.772s] Level 1:colcon.colcon_core.package_identification:_identify(src/ui_code/__pycache__) by extensions ['colcon_pkg']
[0.772s] Level 1:colcon.colcon_core.package_identification:_identify(src/ui_code/__pycache__) by extension 'colcon_pkg'
[0.772s] Level 1:colcon.colcon_core.package_identification:_identify(src/ui_code/__pycache__) by extensions ['colcon_meta']
[0.772s] Level 1:colcon.colcon_core.package_identification:_identify(src/ui_code/__pycache__) by extension 'colcon_meta'
[0.773s] Level 1:colcon.colcon_core.package_identification:_identify(src/ui_code/__pycache__) by extensions ['ros']
[0.773s] Level 1:colcon.colcon_core.package_identification:_identify(src/ui_code/__pycache__) by extension 'ros'
[0.773s] Level 1:colcon.colcon_core.package_identification:_identify(src/ui_code/__pycache__) by extensions ['cmake', 'python']
[0.773s] Level 1:colcon.colcon_core.package_identification:_identify(src/ui_code/__pycache__) by extension 'cmake'
[0.773s] Level 1:colcon.colcon_core.package_identification:_identify(src/ui_code/__pycache__) by extension 'python'
[0.773s] Level 1:colcon.colcon_core.package_identification:_identify(src/ui_code/__pycache__) by extensions ['python_setup_py']
[0.773s] Level 1:colcon.colcon_core.package_identification:_identify(src/ui_code/__pycache__) by extension 'python_setup_py'
[0.773s] Level 1:colcon.colcon_core.package_discovery:discover_packages(recursive) using defaults
[0.773s] Level 1:colcon.colcon_core.package_discovery:discover_packages(ignore) discover
[0.773s] Level 1:colcon.colcon_core.package_discovery:discover_packages(ignore) using defaults
[0.773s] Level 1:colcon.colcon_core.package_discovery:discover_packages(path) discover
[0.773s] Level 1:colcon.colcon_core.package_discovery:discover_packages(path) using defaults
[0.842s] Level 1:colcon.colcon_core.package_discovery:discover_packages(prefix_path) check parameters
[0.842s] Level 1:colcon.colcon_core.package_discovery:discover_packages(prefix_path) discover
[0.866s] DEBUG:colcon.colcon_installed_package_information.package_discovery:Found 204 installed packages in /opt/ros/iron
[0.867s] Level 1:colcon.colcon_core.package_discovery:discover_packages(prefix_path) using defaults
[0.919s] Level 5:colcon.colcon_core.verb:set package 'kontrol' build argument 'cmake_args' from command line to 'None'
[0.919s] Level 5:colcon.colcon_core.verb:set package 'kontrol' build argument 'cmake_target' from command line to 'None'
[0.919s] Level 5:colcon.colcon_core.verb:set package 'kontrol' build argument 'cmake_target_skip_unavailable' from command line to 'False'
[0.919s] Level 5:colcon.colcon_core.verb:set package 'kontrol' build argument 'cmake_clean_cache' from command line to 'False'
[0.919s] Level 5:colcon.colcon_core.verb:set package 'kontrol' build argument 'cmake_clean_first' from command line to 'False'
[0.919s] Level 5:colcon.colcon_core.verb:set package 'kontrol' build argument 'cmake_force_configure' from command line to 'False'
[0.919s] Level 5:colcon.colcon_core.verb:set package 'kontrol' build argument 'ament_cmake_args' from command line to 'None'
[0.919s] Level 5:colcon.colcon_core.verb:set package 'kontrol' build argument 'catkin_cmake_args' from command line to 'None'
[0.919s] Level 5:colcon.colcon_core.verb:set package 'kontrol' build argument 'catkin_skip_building_tests' from command line to 'False'
[0.919s] DEBUG:colcon.colcon_core.verb:Building package 'kontrol' with the following arguments: {'ament_cmake_args': None, 'build_base': '/home/sema/Desktop/drone_ws-main-main/build/kontrol', 'catkin_cmake_args': None, 'catkin_skip_building_tests': False, 'cmake_args': None, 'cmake_clean_cache': False, 'cmake_clean_first': False, 'cmake_force_configure': False, 'cmake_target': None, 'cmake_target_skip_unavailable': False, 'install_base': '/home/sema/Desktop/drone_ws-main-main/install/kontrol', 'merge_install': False, 'path': '/home/sema/Desktop/drone_ws-main-main/src/packets/kontrol', 'symlink_install': False, 'test_result_base': None}
[0.930s] INFO:colcon.colcon_core.executor:Executing jobs using 'parallel' executor
[0.941s] DEBUG:colcon.colcon_parallel_executor.executor.parallel:run_until_complete
[0.941s] INFO:colcon.colcon_ros.task.ament_python.build:Building ROS package in '/home/sema/Desktop/drone_ws-main-main/src/packets/kontrol' with build type 'ament_python'
[0.941s] Level 1:colcon.colcon_core.shell:create_environment_hook('kontrol', 'ament_prefix_path')
[0.955s] INFO:colcon.colcon_core.plugin_system:Skipping extension 'colcon_core.shell.bat': Not used on non-Windows systems
[0.955s] INFO:colcon.colcon_core.shell:Creating environment hook '/home/sema/Desktop/drone_ws-main-main/install/kontrol/share/kontrol/hook/ament_prefix_path.ps1'
[0.955s] INFO:colcon.colcon_core.shell:Creating environment descriptor '/home/sema/Desktop/drone_ws-main-main/install/kontrol/share/kontrol/hook/ament_prefix_path.dsv'
[0.956s] INFO:colcon.colcon_core.shell:Creating environment hook '/home/sema/Desktop/drone_ws-main-main/install/kontrol/share/kontrol/hook/ament_prefix_path.sh'
[0.968s] INFO:colcon.colcon_core.shell:Skip shell extension 'powershell' for command environment: Not usable outside of PowerShell
[0.968s] DEBUG:colcon.colcon_core.shell:Skip shell extension 'dsv' for command environment
[1.182s] INFO:colcon.colcon_core.task.python.build:Building Python package in '/home/sema/Desktop/drone_ws-main-main/src/packets/kontrol'
[1.192s] INFO:colcon.colcon_core.shell:Skip shell extension 'powershell' for command environment: Not usable outside of PowerShell
[1.192s] DEBUG:colcon.colcon_core.shell:Skip shell extension 'dsv' for command environment
[1.458s] DEBUG:colcon.colcon_core.event_handler.log_command:Invoking command in '/home/sema/Desktop/drone_ws-main-main/src/packets/kontrol': PYTHONPATH=/home/sema/Desktop/drone_ws-main-main/build/kontrol/prefix_override:/home/sema/Desktop/drone_ws-main-main/install/kontrol/lib/python3.10/site-packages:${PYTHONPATH} /usr/bin/python3 setup.py egg_info --egg-base ../../../build/kontrol build --build-base /home/sema/Desktop/drone_ws-main-main/build/kontrol/build install --record /home/sema/Desktop/drone_ws-main-main/build/kontrol/install.log --single-version-externally-managed
[1.691s] DEBUG:colcon.colcon_core.event_handler.log_command:Invoked command in '/home/sema/Desktop/drone_ws-main-main/src/packets/kontrol' returned '0': PYTHONPATH=/home/sema/Desktop/drone_ws-main-main/build/kontrol/prefix_override:/home/sema/Desktop/drone_ws-main-main/install/kontrol/lib/python3.10/site-packages:${PYTHONPATH} /usr/bin/python3 setup.py egg_info --egg-base ../../../build/kontrol build --build-base /home/sema/Desktop/drone_ws-main-main/build/kontrol/build install --record /home/sema/Desktop/drone_ws-main-main/build/kontrol/install.log --single-version-externally-managed
[1.703s] Level 1:colcon.colcon_core.environment:checking '/home/sema/Desktop/drone_ws-main-main/install/kontrol' for CMake module files
[1.703s] Level 1:colcon.colcon_core.environment:checking '/home/sema/Desktop/drone_ws-main-main/install/kontrol' for CMake config files
[1.703s] Level 1:colcon.colcon_core.environment:checking '/home/sema/Desktop/drone_ws-main-main/install/kontrol/lib'
[1.703s] Level 1:colcon.colcon_core.environment:checking '/home/sema/Desktop/drone_ws-main-main/install/kontrol/bin'
[1.704s] Level 1:colcon.colcon_core.environment:checking '/home/sema/Desktop/drone_ws-main-main/install/kontrol/lib/pkgconfig/kontrol.pc'
[1.704s] Level 1:colcon.colcon_core.environment:checking '/home/sema/Desktop/drone_ws-main-main/install/kontrol/lib/python3.10/site-packages'
[1.704s] Level 1:colcon.colcon_core.shell:create_environment_hook('kontrol', 'pythonpath')
[1.714s] INFO:colcon.colcon_core.shell:Creating environment hook '/home/sema/Desktop/drone_ws-main-main/install/kontrol/share/kontrol/hook/pythonpath.ps1'
[1.714s] INFO:colcon.colcon_core.shell:Creating environment descriptor '/home/sema/Desktop/drone_ws-main-main/install/kontrol/share/kontrol/hook/pythonpath.dsv'
[1.715s] INFO:colcon.colcon_core.shell:Creating environment hook '/home/sema/Desktop/drone_ws-main-main/install/kontrol/share/kontrol/hook/pythonpath.sh'
[1.715s] Level 1:colcon.colcon_core.environment:checking '/home/sema/Desktop/drone_ws-main-main/install/kontrol/bin'
[1.715s] Level 1:colcon.colcon_core.environment:create_environment_scripts_only(kontrol)
[1.725s] INFO:colcon.colcon_core.shell:Creating package script '/home/sema/Desktop/drone_ws-main-main/install/kontrol/share/kontrol/package.ps1'
[1.726s] INFO:colcon.colcon_core.shell:Creating package descriptor '/home/sema/Desktop/drone_ws-main-main/install/kontrol/share/kontrol/package.dsv'
[1.726s] INFO:colcon.colcon_core.shell:Creating package script '/home/sema/Desktop/drone_ws-main-main/install/kontrol/share/kontrol/package.sh'
[1.726s] INFO:colcon.colcon_core.shell:Creating package script '/home/sema/Desktop/drone_ws-main-main/install/kontrol/share/kontrol/package.bash'
[1.727s] INFO:colcon.colcon_core.shell:Creating package script '/home/sema/Desktop/drone_ws-main-main/install/kontrol/share/kontrol/package.zsh'
[1.727s] Level 1:colcon.colcon_core.environment:create_file_with_runtime_dependencies(/home/sema/Desktop/drone_ws-main-main/install/kontrol/share/colcon-core/packages/kontrol)
[1.728s] DEBUG:colcon.colcon_parallel_executor.executor.parallel:closing loop
[1.728s] DEBUG:colcon.colcon_parallel_executor.executor.parallel:loop closed
[1.728s] DEBUG:colcon.colcon_parallel_executor.executor.parallel:run_until_complete finished with '0'
[1.728s] DEBUG:colcon.colcon_core.event_reactor:joining thread
[1.750s] INFO:colcon.colcon_core.plugin_system:Skipping extension 'colcon_notification.desktop_notification.terminal_notifier': Not used on non-Darwin systems
[1.750s] INFO:colcon.colcon_core.plugin_system:Skipping extension 'colcon_notification.desktop_notification.win32': Not used on non-Windows systems
[1.750s] INFO:colcon.colcon_notification.desktop_notification:Sending desktop notification using 'notify2'
[1.758s] DEBUG:colcon.colcon_core.event_reactor:joined thread
[1.771s] INFO:colcon.colcon_core.shell:Creating prefix script '/home/sema/Desktop/drone_ws-main-main/install/local_setup.ps1'
[1.772s] INFO:colcon.colcon_core.shell:Creating prefix util module '/home/sema/Desktop/drone_ws-main-main/install/_local_setup_util_ps1.py'
[1.773s] INFO:colcon.colcon_core.shell:Creating prefix chain script '/home/sema/Desktop/drone_ws-main-main/install/setup.ps1'
[1.785s] INFO:colcon.colcon_core.shell:Creating prefix script '/home/sema/Desktop/drone_ws-main-main/install/local_setup.sh'
[1.785s] INFO:colcon.colcon_core.shell:Creating prefix util module '/home/sema/Desktop/drone_ws-main-main/install/_local_setup_util_sh.py'
[1.785s] INFO:colcon.colcon_core.shell:Creating prefix chain script '/home/sema/Desktop/drone_ws-main-main/install/setup.sh'
[1.798s] INFO:colcon.colcon_core.shell:Creating prefix script '/home/sema/Desktop/drone_ws-main-main/install/local_setup.bash'
[1.799s] INFO:colcon.colcon_core.shell:Creating prefix chain script '/home/sema/Desktop/drone_ws-main-main/install/setup.bash'
[1.810s] INFO:colcon.colcon_core.shell:Creating prefix script '/home/sema/Desktop/drone_ws-main-main/install/local_setup.zsh'
[1.810s] INFO:colcon.colcon_core.shell:Creating prefix chain script '/home/sema/Desktop/drone_ws-main-main/install/setup.zsh'
