[0.755s] Invoking command in '/home/sema/Desktop/drone_ws/src/packets/kontrol': PYTHONPATH=/home/sema/Desktop/drone_ws/build/kontrol/prefix_override:/home/sema/Desktop/drone_ws/install/kontrol/lib/python3.10/site-packages:${PYTHONPATH} /usr/bin/python3 setup.py egg_info --egg-base ../../../build/kontrol build --build-base /home/sema/Desktop/drone_ws/build/kontrol/build install --record /home/sema/Desktop/drone_ws/build/kontrol/install.log --single-version-externally-managed
[0.940s] running egg_info
[0.953s] writing ../../../build/kontrol/kontrol.egg-info/PKG-INFO
[0.953s] writing dependency_links to ../../../build/kontrol/kontrol.egg-info/dependency_links.txt
[0.953s] writing entry points to ../../../build/kontrol/kontrol.egg-info/entry_points.txt
[0.954s] writing requirements to ../../../build/kontrol/kontrol.egg-info/requires.txt
[0.954s] writing top-level names to ../../../build/kontrol/kontrol.egg-info/top_level.txt
[0.981s] reading manifest file '../../../build/kontrol/kontrol.egg-info/SOURCES.txt'
[0.981s] adding license file 'LICENSE'
[0.982s] writing manifest file '../../../build/kontrol/kontrol.egg-info/SOURCES.txt'
[0.982s] running build
[0.982s] running build_py
[0.982s] copying kontrol/__init__.py -> /home/sema/Desktop/drone_ws/build/kontrol/build/lib/kontrol
[0.982s] copying kontrol/kumanda.py -> /home/sema/Desktop/drone_ws/build/kontrol/build/lib/kontrol
[0.983s] copying kontrol/alici.py -> /home/sema/Desktop/drone_ws/build/kontrol/build/lib/kontrol
[0.983s] copying kontrol/takeoff.py -> /home/sema/Desktop/drone_ws/build/kontrol/build/lib/kontrol
[0.983s] running install
[0.983s] /home/sema/.local/lib/python3.10/site-packages/setuptools/_distutils/cmd.py:66: SetuptoolsDeprecationWarning: setup.py install is deprecated.
[0.983s] !!
[0.983s] 
[0.983s]         ********************************************************************************
[0.983s]         Please avoid running ``setup.py`` directly.
[0.983s]         Instead, use pypa/build, pypa/installer or other
[0.983s]         standards-based tools.
[0.984s] 
[0.984s]         See https://blog.ganssle.io/articles/2021/10/setup-py-deprecated.html for details.
[0.984s]         ********************************************************************************
[0.984s] 
[0.984s] !!
[0.984s]   self.initialize_options()
[0.988s] running install_lib
[1.002s] running install_data
[1.016s] copying resource/kontrol -> /home/sema/Desktop/drone_ws/install/kontrol/share/ament_index/resource_index/packages
[1.016s] copying package.xml -> /home/sema/Desktop/drone_ws/install/kontrol/share/kontrol
[1.016s] running install_egg_info
[1.032s] removing '/home/sema/Desktop/drone_ws/install/kontrol/lib/python3.10/site-packages/kontrol-0.0.0-py3.10.egg-info' (and everything under it)
[1.032s] Copying ../../../build/kontrol/kontrol.egg-info to /home/sema/Desktop/drone_ws/install/kontrol/lib/python3.10/site-packages/kontrol-0.0.0-py3.10.egg-info
[1.033s] running install_scripts
[1.157s] Installing alici script to /home/sema/Desktop/drone_ws/install/kontrol/lib/kontrol
[1.157s] Installing kumanda script to /home/sema/Desktop/drone_ws/install/kontrol/lib/kontrol
[1.157s] Installing takeoff script to /home/sema/Desktop/drone_ws/install/kontrol/lib/kontrol
[1.157s] writing list of installed files to '/home/sema/Desktop/drone_ws/build/kontrol/install.log'
[1.177s] Invoked command in '/home/sema/Desktop/drone_ws/src/packets/kontrol' returned '0': PYTHONPATH=/home/sema/Desktop/drone_ws/build/kontrol/prefix_override:/home/sema/Desktop/drone_ws/install/kontrol/lib/python3.10/site-packages:${PYTHONPATH} /usr/bin/python3 setup.py egg_info --egg-base ../../../build/kontrol build --build-base /home/sema/Desktop/drone_ws/build/kontrol/build install --record /home/sema/Desktop/drone_ws/build/kontrol/install.log --single-version-externally-managed
