[1.060s] Invoking command in '/home/metin/Downloads/drone_ws-main/src/packets/kontrol': PYTHONPATH=/home/metin/Downloads/drone_ws-main/build/kontrol/prefix_override:/home/metin/Downloads/drone_ws-main/install/kontrol/lib/python3.10/site-packages:${PYTHONPATH} /usr/bin/python3 setup.py egg_info --egg-base ../../../build/kontrol build --build-base /home/metin/Downloads/drone_ws-main/build/kontrol/build install --record /home/metin/Downloads/drone_ws-main/build/kontrol/install.log --single-version-externally-managed
[1.328s] running egg_info
[1.347s] writing ../../../build/kontrol/kontrol.egg-info/PKG-INFO
[1.347s] writing dependency_links to ../../../build/kontrol/kontrol.egg-info/dependency_links.txt
[1.347s] writing entry points to ../../../build/kontrol/kontrol.egg-info/entry_points.txt
[1.348s] writing requirements to ../../../build/kontrol/kontrol.egg-info/requires.txt
[1.348s] writing top-level names to ../../../build/kontrol/kontrol.egg-info/top_level.txt
[1.387s] reading manifest file '../../../build/kontrol/kontrol.egg-info/SOURCES.txt'
[1.387s] adding license file 'LICENSE'
[1.388s] writing manifest file '../../../build/kontrol/kontrol.egg-info/SOURCES.txt'
[1.388s] running build
[1.389s] running build_py
[1.389s] copying kontrol/alici.py -> /home/metin/Downloads/drone_ws-main/build/kontrol/build/lib/kontrol
[1.389s] running install
[1.389s] /usr/local/lib/python3.10/dist-packages/setuptools/_distutils/cmd.py:66: SetuptoolsDeprecationWarning: setup.py install is deprecated.
[1.390s] !!
[1.390s] 
[1.390s]         ********************************************************************************
[1.390s]         Please avoid running ``setup.py`` directly.
[1.390s]         Instead, use pypa/build, pypa/installer or other
[1.390s]         standards-based tools.
[1.390s] 
[1.390s]         See https://blog.ganssle.io/articles/2021/10/setup-py-deprecated.html for details.
[1.390s]         ********************************************************************************
[1.390s] 
[1.390s] !!
[1.390s]   self.initialize_options()
[1.396s] running install_lib
[1.417s] running install_data
[1.438s] running install_egg_info
[1.457s] removing '/home/metin/Downloads/drone_ws-main/install/kontrol/lib/python3.10/site-packages/kontrol-0.0.0-py3.10.egg-info' (and everything under it)
[1.458s] Copying ../../../build/kontrol/kontrol.egg-info to /home/metin/Downloads/drone_ws-main/install/kontrol/lib/python3.10/site-packages/kontrol-0.0.0-py3.10.egg-info
[1.459s] running install_scripts
[1.652s] Installing alici script to /home/metin/Downloads/drone_ws-main/install/kontrol/lib/kontrol
[1.652s] Installing kumanda script to /home/metin/Downloads/drone_ws-main/install/kontrol/lib/kontrol
[1.653s] Installing takeoff script to /home/metin/Downloads/drone_ws-main/install/kontrol/lib/kontrol
[1.653s] writing list of installed files to '/home/metin/Downloads/drone_ws-main/build/kontrol/install.log'
[1.685s] Invoked command in '/home/metin/Downloads/drone_ws-main/src/packets/kontrol' returned '0': PYTHONPATH=/home/metin/Downloads/drone_ws-main/build/kontrol/prefix_override:/home/metin/Downloads/drone_ws-main/install/kontrol/lib/python3.10/site-packages:${PYTHONPATH} /usr/bin/python3 setup.py egg_info --egg-base ../../../build/kontrol build --build-base /home/metin/Downloads/drone_ws-main/build/kontrol/build install --record /home/metin/Downloads/drone_ws-main/build/kontrol/install.log --single-version-externally-managed
