[0.516s] Invoking command in '/home/sema/Desktop/drone_ws-main-main/src/packets/kontrol': PYTHONPATH=/home/sema/Desktop/drone_ws-main-main/build/kontrol/prefix_override:/home/sema/Desktop/drone_ws-main-main/install/kontrol/lib/python3.10/site-packages:${PYTHONPATH} /usr/bin/python3 setup.py egg_info --egg-base ../../../build/kontrol build --build-base /home/sema/Desktop/drone_ws-main-main/build/kontrol/build install --record /home/sema/Desktop/drone_ws-main-main/build/kontrol/install.log --single-version-externally-managed
[0.693s] running egg_info
[0.693s] writing ../../../build/kontrol/kontrol.egg-info/PKG-INFO
[0.694s] writing dependency_links to ../../../build/kontrol/kontrol.egg-info/dependency_links.txt
[0.694s] writing entry points to ../../../build/kontrol/kontrol.egg-info/entry_points.txt
[0.694s] writing requirements to ../../../build/kontrol/kontrol.egg-info/requires.txt
[0.694s] writing top-level names to ../../../build/kontrol/kontrol.egg-info/top_level.txt
[0.696s] reading manifest file '../../../build/kontrol/kontrol.egg-info/SOURCES.txt'
[0.708s] adding license file 'LICENSE'
[0.709s] writing manifest file '../../../build/kontrol/kontrol.egg-info/SOURCES.txt'
[0.709s] running build
[0.709s] running build_py
[0.710s] running install
[0.710s] /usr/lib/python3/dist-packages/setuptools/command/install.py:34: SetuptoolsDeprecationWarning: setup.py install is deprecated. Use build and pip and other standards-based tools.
[0.710s]   warnings.warn(
[0.710s] running install_lib
[0.711s] running install_data
[0.712s] running install_egg_info
[0.713s] removing '/home/sema/Desktop/drone_ws-main-main/install/kontrol/lib/python3.10/site-packages/kontrol-0.0.0-py3.10.egg-info' (and everything under it)
[0.713s] Copying ../../../build/kontrol/kontrol.egg-info to /home/sema/Desktop/drone_ws-main-main/install/kontrol/lib/python3.10/site-packages/kontrol-0.0.0-py3.10.egg-info
[0.714s] running install_scripts
[0.731s] Installing alici script to /home/sema/Desktop/drone_ws-main-main/install/kontrol/lib/kontrol
[0.732s] Installing kumanda script to /home/sema/Desktop/drone_ws-main-main/install/kontrol/lib/kontrol
[0.732s] Installing takeoff script to /home/sema/Desktop/drone_ws-main-main/install/kontrol/lib/kontrol
[0.732s] writing list of installed files to '/home/sema/Desktop/drone_ws-main-main/build/kontrol/install.log'
[0.749s] Invoked command in '/home/sema/Desktop/drone_ws-main-main/src/packets/kontrol' returned '0': PYTHONPATH=/home/sema/Desktop/drone_ws-main-main/build/kontrol/prefix_override:/home/sema/Desktop/drone_ws-main-main/install/kontrol/lib/python3.10/site-packages:${PYTHONPATH} /usr/bin/python3 setup.py egg_info --egg-base ../../../build/kontrol build --build-base /home/sema/Desktop/drone_ws-main-main/build/kontrol/build install --record /home/sema/Desktop/drone_ws-main-main/build/kontrol/install.log --single-version-externally-managed
