[1.864s] Invoking command in '/home/sema/Desktop/drone_ws/src/kontrol': PYTHONPATH=/home/sema/Desktop/drone_ws/build/kontrol/prefix_override:/home/sema/Desktop/drone_ws/install/kontrol/lib/python3.10/site-packages:${PYTHONPATH} /usr/bin/python3 setup.py egg_info --egg-base ../../build/kontrol build --build-base /home/sema/Desktop/drone_ws/build/kontrol/build install --record /home/sema/Desktop/drone_ws/build/kontrol/install.log --single-version-externally-managed
[2.481s] running egg_info
[2.482s] writing ../../build/kontrol/kontrol.egg-info/PKG-INFO
[2.482s] writing dependency_links to ../../build/kontrol/kontrol.egg-info/dependency_links.txt
[2.483s] writing entry points to ../../build/kontrol/kontrol.egg-info/entry_points.txt
[2.483s] writing requirements to ../../build/kontrol/kontrol.egg-info/requires.txt
[2.483s] writing top-level names to ../../build/kontrol/kontrol.egg-info/top_level.txt
[2.487s] reading manifest file '../../build/kontrol/kontrol.egg-info/SOURCES.txt'
[2.564s] adding license file 'LICENSE'
[2.565s] writing manifest file '../../build/kontrol/kontrol.egg-info/SOURCES.txt'
[2.566s] running build
[2.568s] running build_py
[2.572s] copying kontrol/kumanda.py -> /home/sema/Desktop/drone_ws/build/kontrol/build/lib/kontrol
[2.572s] copying kontrol/alici.py -> /home/sema/Desktop/drone_ws/build/kontrol/build/lib/kontrol
[2.573s] running install
[2.623s] /usr/lib/python3/dist-packages/setuptools/command/install.py:34: SetuptoolsDeprecationWarning: setup.py install is deprecated. Use build and pip and other standards-based tools.
[2.623s]   warnings.warn(
[2.625s] running install_lib
[2.628s] copying /home/sema/Desktop/drone_ws/build/kontrol/build/lib/kontrol/kumanda.py -> /home/sema/Desktop/drone_ws/install/kontrol/lib/python3.10/site-packages/kontrol
[2.628s] copying /home/sema/Desktop/drone_ws/build/kontrol/build/lib/kontrol/alici.py -> /home/sema/Desktop/drone_ws/install/kontrol/lib/python3.10/site-packages/kontrol
[2.631s] byte-compiling /home/sema/Desktop/drone_ws/install/kontrol/lib/python3.10/site-packages/kontrol/kumanda.py to kumanda.cpython-310.pyc
[2.635s] byte-compiling /home/sema/Desktop/drone_ws/install/kontrol/lib/python3.10/site-packages/kontrol/alici.py to alici.cpython-310.pyc
[2.639s] running install_data
[2.642s] running install_egg_info
[2.654s] removing '/home/sema/Desktop/drone_ws/install/kontrol/lib/python3.10/site-packages/kontrol-0.0.0-py3.10.egg-info' (and everything under it)
[2.655s] Copying ../../build/kontrol/kontrol.egg-info to /home/sema/Desktop/drone_ws/install/kontrol/lib/python3.10/site-packages/kontrol-0.0.0-py3.10.egg-info
[2.657s] running install_scripts
[2.719s] Installing alici script to /home/sema/Desktop/drone_ws/install/kontrol/lib/kontrol
[2.722s] Installing kumanda script to /home/sema/Desktop/drone_ws/install/kontrol/lib/kontrol
[2.726s] writing list of installed files to '/home/sema/Desktop/drone_ws/build/kontrol/install.log'
[2.818s] Invoked command in '/home/sema/Desktop/drone_ws/src/kontrol' returned '0': PYTHONPATH=/home/sema/Desktop/drone_ws/build/kontrol/prefix_override:/home/sema/Desktop/drone_ws/install/kontrol/lib/python3.10/site-packages:${PYTHONPATH} /usr/bin/python3 setup.py egg_info --egg-base ../../build/kontrol build --build-base /home/sema/Desktop/drone_ws/build/kontrol/build install --record /home/sema/Desktop/drone_ws/build/kontrol/install.log --single-version-externally-managed
