[1.759s] DEBUG:colcon:Command line arguments: ['/usr/bin/colcon', 'build']
[1.759s] DEBUG:colcon:Parsed command line arguments: Namespace(log_base=None, log_level=None, verb_name='build', build_base='build', install_base='install', merge_install=False, symlink_install=False, test_result_base=None, continue_on_error=False, executor='parallel', parallel_workers=12, event_handlers=None, ignore_user_meta=False, metas=['./colcon.meta'], base_paths=['.'], packages_ignore=None, packages_ignore_regex=None, paths=None, packages_up_to=None, packages_up_to_regex=None, packages_above=None, packages_above_and_dependencies=None, packages_above_depth=None, packages_select_by_dep=None, packages_skip_by_dep=None, packages_skip_up_to=None, packages_select_build_failed=False, packages_skip_build_finished=False, packages_select_test_failures=False, packages_skip_test_passed=False, packages_select=None, packages_skip=None, packages_select_regex=None, packages_skip_regex=None, packages_start=None, packages_end=None, allow_overriding=[], cmake_args=None, cmake_target=None, cmake_target_skip_unavailable=False, cmake_clean_cache=False, cmake_clean_first=False, cmake_force_configure=False, ament_cmake_args=None, catkin_cmake_args=None, catkin_skip_building_tests=False, verb_parser=<colcon_defaults.argument_parser.defaults.DefaultArgumentsDecorator object at 0x7f3af26198a0>, verb_extension=<colcon_core.verb.build.BuildVerb object at 0x7f3af2aab400>, main=<bound method BuildVerb.main of <colcon_core.verb.build.BuildVerb object at 0x7f3af2aab400>>)
[1.854s] Level 1:colcon.colcon_core.package_discovery:discover_packages(colcon_meta) check parameters
[1.855s] Level 1:colcon.colcon_core.package_discovery:discover_packages(recursive) check parameters
[1.855s] Level 1:colcon.colcon_core.package_discovery:discover_packages(ignore) check parameters
[1.855s] Level 1:colcon.colcon_core.package_discovery:discover_packages(path) check parameters
[1.855s] Level 1:colcon.colcon_core.package_discovery:discover_packages(colcon_meta) discover
[1.855s] Level 1:colcon.colcon_core.package_discovery:discover_packages(recursive) discover
[1.855s] INFO:colcon.colcon_core.package_discovery:Crawling recursively for packages in '/home/sema/Desktop/drone_ws'
[1.855s] Level 1:colcon.colcon_core.package_identification:_identify(.) by extensions ['ignore', 'ignore_ament_install']
[1.855s] Level 1:colcon.colcon_core.package_identification:_identify(.) by extension 'ignore'
[1.855s] Level 1:colcon.colcon_core.package_identification:_identify(.) by extension 'ignore_ament_install'
[1.855s] Level 1:colcon.colcon_core.package_identification:_identify(.) by extensions ['colcon_pkg']
[1.855s] Level 1:colcon.colcon_core.package_identification:_identify(.) by extension 'colcon_pkg'
[1.855s] Level 1:colcon.colcon_core.package_identification:_identify(.) by extensions ['colcon_meta']
[1.856s] Level 1:colcon.colcon_core.package_identification:_identify(.) by extension 'colcon_meta'
[1.856s] Level 1:colcon.colcon_core.package_identification:_identify(.) by extensions ['ros']
[1.856s] Level 1:colcon.colcon_core.package_identification:_identify(.) by extension 'ros'
[1.875s] Level 1:colcon.colcon_core.package_identification:_identify(.) by extensions ['cmake', 'python']
[1.875s] Level 1:colcon.colcon_core.package_identification:_identify(.) by extension 'cmake'
[1.875s] Level 1:colcon.colcon_core.package_identification:_identify(.) by extension 'python'
[1.875s] Level 1:colcon.colcon_core.package_identification:_identify(.) by extensions ['python_setup_py']
[1.875s] Level 1:colcon.colcon_core.package_identification:_identify(.) by extension 'python_setup_py'
[1.875s] Level 1:colcon.colcon_core.package_identification:_identify(build) by extensions ['ignore', 'ignore_ament_install']
[1.875s] Level 1:colcon.colcon_core.package_identification:_identify(build) by extension 'ignore'
[1.875s] Level 1:colcon.colcon_core.package_identification:_identify(build) ignored
[1.876s] Level 1:colcon.colcon_core.package_identification:_identify(install) by extensions ['ignore', 'ignore_ament_install']
[1.876s] Level 1:colcon.colcon_core.package_identification:_identify(install) by extension 'ignore'
[1.876s] Level 1:colcon.colcon_core.package_identification:_identify(install) ignored
[1.876s] Level 1:colcon.colcon_core.package_identification:_identify(log) by extensions ['ignore', 'ignore_ament_install']
[1.876s] Level 1:colcon.colcon_core.package_identification:_identify(log) by extension 'ignore'
[1.876s] Level 1:colcon.colcon_core.package_identification:_identify(log) ignored
[1.876s] Level 1:colcon.colcon_core.package_identification:_identify(src) by extensions ['ignore', 'ignore_ament_install']
[1.876s] Level 1:colcon.colcon_core.package_identification:_identify(src) by extension 'ignore'
[1.876s] Level 1:colcon.colcon_core.package_identification:_identify(src) by extension 'ignore_ament_install'
[1.876s] Level 1:colcon.colcon_core.package_identification:_identify(src) by extensions ['colcon_pkg']
[1.876s] Level 1:colcon.colcon_core.package_identification:_identify(src) by extension 'colcon_pkg'
[1.877s] Level 1:colcon.colcon_core.package_identification:_identify(src) by extensions ['colcon_meta']
[1.877s] Level 1:colcon.colcon_core.package_identification:_identify(src) by extension 'colcon_meta'
[1.877s] Level 1:colcon.colcon_core.package_identification:_identify(src) by extensions ['ros']
[1.877s] Level 1:colcon.colcon_core.package_identification:_identify(src) by extension 'ros'
[1.877s] Level 1:colcon.colcon_core.package_identification:_identify(src) by extensions ['cmake', 'python']
[1.877s] Level 1:colcon.colcon_core.package_identification:_identify(src) by extension 'cmake'
[1.877s] Level 1:colcon.colcon_core.package_identification:_identify(src) by extension 'python'
[1.877s] Level 1:colcon.colcon_core.package_identification:_identify(src) by extensions ['python_setup_py']
[1.877s] Level 1:colcon.colcon_core.package_identification:_identify(src) by extension 'python_setup_py'
[1.877s] Level 1:colcon.colcon_core.package_identification:_identify(src/kontrol) by extensions ['ignore', 'ignore_ament_install']
[1.877s] Level 1:colcon.colcon_core.package_identification:_identify(src/kontrol) by extension 'ignore'
[1.877s] Level 1:colcon.colcon_core.package_identification:_identify(src/kontrol) by extension 'ignore_ament_install'
[1.877s] Level 1:colcon.colcon_core.package_identification:_identify(src/kontrol) by extensions ['colcon_pkg']
[1.877s] Level 1:colcon.colcon_core.package_identification:_identify(src/kontrol) by extension 'colcon_pkg'
[1.877s] Level 1:colcon.colcon_core.package_identification:_identify(src/kontrol) by extensions ['colcon_meta']
[1.878s] Level 1:colcon.colcon_core.package_identification:_identify(src/kontrol) by extension 'colcon_meta'
[1.878s] Level 1:colcon.colcon_core.package_identification:_identify(src/kontrol) by extensions ['ros']
[1.878s] Level 1:colcon.colcon_core.package_identification:_identify(src/kontrol) by extension 'ros'
[1.880s] DEBUG:colcon.colcon_core.package_identification:Package 'src/kontrol' with type 'ros.ament_python' and name 'kontrol'
[1.881s] Level 1:colcon.colcon_core.package_identification:_identify(src/ok) by extensions ['ignore', 'ignore_ament_install']
[1.881s] Level 1:colcon.colcon_core.package_identification:_identify(src/ok) by extension 'ignore'
[1.881s] Level 1:colcon.colcon_core.package_identification:_identify(src/ok) by extension 'ignore_ament_install'
[1.881s] Level 1:colcon.colcon_core.package_identification:_identify(src/ok) by extensions ['colcon_pkg']
[1.881s] Level 1:colcon.colcon_core.package_identification:_identify(src/ok) by extension 'colcon_pkg'
[1.881s] Level 1:colcon.colcon_core.package_identification:_identify(src/ok) by extensions ['colcon_meta']
[1.881s] Level 1:colcon.colcon_core.package_identification:_identify(src/ok) by extension 'colcon_meta'
[1.881s] Level 1:colcon.colcon_core.package_identification:_identify(src/ok) by extensions ['ros']
[1.881s] Level 1:colcon.colcon_core.package_identification:_identify(src/ok) by extension 'ros'
[1.882s] Level 1:colcon.colcon_core.package_identification:_identify(src/ok) by extensions ['cmake', 'python']
[1.882s] Level 1:colcon.colcon_core.package_identification:_identify(src/ok) by extension 'cmake'
[1.882s] Level 1:colcon.colcon_core.package_identification:_identify(src/ok) by extension 'python'
[1.882s] Level 1:colcon.colcon_core.package_identification:_identify(src/ok) by extensions ['python_setup_py']
[1.882s] Level 1:colcon.colcon_core.package_identification:_identify(src/ok) by extension 'python_setup_py'
[1.882s] Level 1:colcon.colcon_core.package_identification:_identify(src/ucgen) by extensions ['ignore', 'ignore_ament_install']
[1.882s] Level 1:colcon.colcon_core.package_identification:_identify(src/ucgen) by extension 'ignore'
[1.882s] Level 1:colcon.colcon_core.package_identification:_identify(src/ucgen) by extension 'ignore_ament_install'
[1.882s] Level 1:colcon.colcon_core.package_identification:_identify(src/ucgen) by extensions ['colcon_pkg']
[1.882s] Level 1:colcon.colcon_core.package_identification:_identify(src/ucgen) by extension 'colcon_pkg'
[1.882s] Level 1:colcon.colcon_core.package_identification:_identify(src/ucgen) by extensions ['colcon_meta']
[1.882s] Level 1:colcon.colcon_core.package_identification:_identify(src/ucgen) by extension 'colcon_meta'
[1.882s] Level 1:colcon.colcon_core.package_identification:_identify(src/ucgen) by extensions ['ros']
[1.883s] Level 1:colcon.colcon_core.package_identification:_identify(src/ucgen) by extension 'ros'
[1.883s] Level 1:colcon.colcon_core.package_identification:_identify(src/ucgen) by extensions ['cmake', 'python']
[1.883s] Level 1:colcon.colcon_core.package_identification:_identify(src/ucgen) by extension 'cmake'
[1.883s] Level 1:colcon.colcon_core.package_identification:_identify(src/ucgen) by extension 'python'
[1.883s] Level 1:colcon.colcon_core.package_identification:_identify(src/ucgen) by extensions ['python_setup_py']
[1.883s] Level 1:colcon.colcon_core.package_identification:_identify(src/ucgen) by extension 'python_setup_py'
[1.883s] Level 1:colcon.colcon_core.package_discovery:discover_packages(recursive) using defaults
[1.883s] Level 1:colcon.colcon_core.package_discovery:discover_packages(ignore) discover
[1.883s] Level 1:colcon.colcon_core.package_discovery:discover_packages(ignore) using defaults
[1.883s] Level 1:colcon.colcon_core.package_discovery:discover_packages(path) discover
[1.883s] Level 1:colcon.colcon_core.package_discovery:discover_packages(path) using defaults
[2.031s] Level 1:colcon.colcon_core.package_discovery:discover_packages(prefix_path) check parameters
[2.031s] Level 1:colcon.colcon_core.package_discovery:discover_packages(prefix_path) discover
[2.080s] DEBUG:colcon.colcon_installed_package_information.package_discovery:Found 1 installed packages in /home/sema/Desktop/drone_ws/install
[2.113s] DEBUG:colcon.colcon_installed_package_information.package_discovery:Found 307 installed packages in /opt/ros/iron
[2.115s] Level 1:colcon.colcon_core.package_discovery:discover_packages(prefix_path) using defaults
[2.244s] Level 5:colcon.colcon_core.verb:set package 'kontrol' build argument 'cmake_args' from command line to 'None'
[2.245s] Level 5:colcon.colcon_core.verb:set package 'kontrol' build argument 'cmake_target' from command line to 'None'
[2.245s] Level 5:colcon.colcon_core.verb:set package 'kontrol' build argument 'cmake_target_skip_unavailable' from command line to 'False'
[2.245s] Level 5:colcon.colcon_core.verb:set package 'kontrol' build argument 'cmake_clean_cache' from command line to 'False'
[2.245s] Level 5:colcon.colcon_core.verb:set package 'kontrol' build argument 'cmake_clean_first' from command line to 'False'
[2.245s] Level 5:colcon.colcon_core.verb:set package 'kontrol' build argument 'cmake_force_configure' from command line to 'False'
[2.245s] Level 5:colcon.colcon_core.verb:set package 'kontrol' build argument 'ament_cmake_args' from command line to 'None'
[2.245s] Level 5:colcon.colcon_core.verb:set package 'kontrol' build argument 'catkin_cmake_args' from command line to 'None'
[2.245s] Level 5:colcon.colcon_core.verb:set package 'kontrol' build argument 'catkin_skip_building_tests' from command line to 'False'
[2.245s] DEBUG:colcon.colcon_core.verb:Building package 'kontrol' with the following arguments: {'ament_cmake_args': None, 'build_base': '/home/sema/Desktop/drone_ws/build/kontrol', 'catkin_cmake_args': None, 'catkin_skip_building_tests': False, 'cmake_args': None, 'cmake_clean_cache': False, 'cmake_clean_first': False, 'cmake_force_configure': False, 'cmake_target': None, 'cmake_target_skip_unavailable': False, 'install_base': '/home/sema/Desktop/drone_ws/install/kontrol', 'merge_install': False, 'path': '/home/sema/Desktop/drone_ws/src/kontrol', 'symlink_install': False, 'test_result_base': None}
[2.273s] INFO:colcon.colcon_core.executor:Executing jobs using 'parallel' executor
[2.307s] DEBUG:colcon.colcon_parallel_executor.executor.parallel:run_until_complete
[2.308s] INFO:colcon.colcon_ros.task.ament_python.build:Building ROS package in '/home/sema/Desktop/drone_ws/src/kontrol' with build type 'ament_python'
[2.308s] Level 1:colcon.colcon_core.shell:create_environment_hook('kontrol', 'ament_prefix_path')
[2.398s] INFO:colcon.colcon_core.plugin_system:Skipping extension 'colcon_core.shell.bat': Not used on non-Windows systems
[2.398s] INFO:colcon.colcon_core.shell:Creating environment hook '/home/sema/Desktop/drone_ws/install/kontrol/share/kontrol/hook/ament_prefix_path.ps1'
[2.400s] INFO:colcon.colcon_core.shell:Creating environment descriptor '/home/sema/Desktop/drone_ws/install/kontrol/share/kontrol/hook/ament_prefix_path.dsv'
[2.401s] INFO:colcon.colcon_core.shell:Creating environment hook '/home/sema/Desktop/drone_ws/install/kontrol/share/kontrol/hook/ament_prefix_path.sh'
[2.449s] INFO:colcon.colcon_core.shell:Skip shell extension 'powershell' for command environment: Not usable outside of PowerShell
[2.449s] DEBUG:colcon.colcon_core.shell:Skip shell extension 'dsv' for command environment
[3.087s] INFO:colcon.colcon_core.task.python.build:Building Python package in '/home/sema/Desktop/drone_ws/src/kontrol'
[3.130s] INFO:colcon.colcon_core.shell:Skip shell extension 'powershell' for command environment: Not usable outside of PowerShell
[3.131s] DEBUG:colcon.colcon_core.shell:Skip shell extension 'dsv' for command environment
[4.340s] DEBUG:colcon.colcon_core.event_handler.log_command:Invoking command in '/home/sema/Desktop/drone_ws/src/kontrol': PYTHONPATH=/home/sema/Desktop/drone_ws/build/kontrol/prefix_override:/home/sema/Desktop/drone_ws/install/kontrol/lib/python3.10/site-packages:${PYTHONPATH} /usr/bin/python3 setup.py egg_info --egg-base ../../build/kontrol build --build-base /home/sema/Desktop/drone_ws/build/kontrol/build install --record /home/sema/Desktop/drone_ws/build/kontrol/install.log --single-version-externally-managed
[5.383s] DEBUG:colcon.colcon_core.event_handler.log_command:Invoked command in '/home/sema/Desktop/drone_ws/src/kontrol' returned '0': PYTHONPATH=/home/sema/Desktop/drone_ws/build/kontrol/prefix_override:/home/sema/Desktop/drone_ws/install/kontrol/lib/python3.10/site-packages:${PYTHONPATH} /usr/bin/python3 setup.py egg_info --egg-base ../../build/kontrol build --build-base /home/sema/Desktop/drone_ws/build/kontrol/build install --record /home/sema/Desktop/drone_ws/build/kontrol/install.log --single-version-externally-managed
[5.426s] Level 1:colcon.colcon_core.environment:checking '/home/sema/Desktop/drone_ws/install/kontrol' for CMake module files
[5.427s] Level 1:colcon.colcon_core.environment:checking '/home/sema/Desktop/drone_ws/install/kontrol' for CMake config files
[5.428s] Level 1:colcon.colcon_core.environment:checking '/home/sema/Desktop/drone_ws/install/kontrol/lib'
[5.428s] Level 1:colcon.colcon_core.environment:checking '/home/sema/Desktop/drone_ws/install/kontrol/bin'
[5.429s] Level 1:colcon.colcon_core.environment:checking '/home/sema/Desktop/drone_ws/install/kontrol/lib/pkgconfig/kontrol.pc'
[5.429s] Level 1:colcon.colcon_core.environment:checking '/home/sema/Desktop/drone_ws/install/kontrol/lib/python3.10/site-packages'
[5.429s] Level 1:colcon.colcon_core.shell:create_environment_hook('kontrol', 'pythonpath')
[5.468s] INFO:colcon.colcon_core.shell:Creating environment hook '/home/sema/Desktop/drone_ws/install/kontrol/share/kontrol/hook/pythonpath.ps1'
[5.471s] INFO:colcon.colcon_core.shell:Creating environment descriptor '/home/sema/Desktop/drone_ws/install/kontrol/share/kontrol/hook/pythonpath.dsv'
[5.473s] INFO:colcon.colcon_core.shell:Creating environment hook '/home/sema/Desktop/drone_ws/install/kontrol/share/kontrol/hook/pythonpath.sh'
[5.475s] Level 1:colcon.colcon_core.environment:checking '/home/sema/Desktop/drone_ws/install/kontrol/bin'
[5.475s] Level 1:colcon.colcon_core.environment:create_environment_scripts_only(kontrol)
[5.511s] INFO:colcon.colcon_core.shell:Creating package script '/home/sema/Desktop/drone_ws/install/kontrol/share/kontrol/package.ps1'
[5.512s] INFO:colcon.colcon_core.shell:Creating package descriptor '/home/sema/Desktop/drone_ws/install/kontrol/share/kontrol/package.dsv'
[5.513s] INFO:colcon.colcon_core.shell:Creating package script '/home/sema/Desktop/drone_ws/install/kontrol/share/kontrol/package.sh'
[5.514s] INFO:colcon.colcon_core.shell:Creating package script '/home/sema/Desktop/drone_ws/install/kontrol/share/kontrol/package.bash'
[5.515s] INFO:colcon.colcon_core.shell:Creating package script '/home/sema/Desktop/drone_ws/install/kontrol/share/kontrol/package.zsh'
[5.516s] Level 1:colcon.colcon_core.environment:create_file_with_runtime_dependencies(/home/sema/Desktop/drone_ws/install/kontrol/share/colcon-core/packages/kontrol)
[5.517s] DEBUG:colcon.colcon_parallel_executor.executor.parallel:closing loop
[5.518s] DEBUG:colcon.colcon_parallel_executor.executor.parallel:loop closed
[5.519s] DEBUG:colcon.colcon_parallel_executor.executor.parallel:run_until_complete finished with '0'
[5.519s] DEBUG:colcon.colcon_core.event_reactor:joining thread
[5.566s] INFO:colcon.colcon_core.plugin_system:Skipping extension 'colcon_notification.desktop_notification.terminal_notifier': Not used on non-Darwin systems
[5.566s] INFO:colcon.colcon_core.plugin_system:Skipping extension 'colcon_notification.desktop_notification.win32': Not used on non-Windows systems
[5.566s] INFO:colcon.colcon_notification.desktop_notification:Sending desktop notification using 'notify2'
[5.593s] DEBUG:colcon.colcon_core.event_reactor:joined thread
[5.633s] INFO:colcon.colcon_core.shell:Creating prefix script '/home/sema/Desktop/drone_ws/install/local_setup.ps1'
[5.635s] INFO:colcon.colcon_core.shell:Creating prefix util module '/home/sema/Desktop/drone_ws/install/_local_setup_util_ps1.py'
[5.638s] INFO:colcon.colcon_core.shell:Creating prefix chain script '/home/sema/Desktop/drone_ws/install/setup.ps1'
[5.673s] INFO:colcon.colcon_core.shell:Creating prefix script '/home/sema/Desktop/drone_ws/install/local_setup.sh'
[5.674s] INFO:colcon.colcon_core.shell:Creating prefix util module '/home/sema/Desktop/drone_ws/install/_local_setup_util_sh.py'
[5.675s] INFO:colcon.colcon_core.shell:Creating prefix chain script '/home/sema/Desktop/drone_ws/install/setup.sh'
[5.716s] INFO:colcon.colcon_core.shell:Creating prefix script '/home/sema/Desktop/drone_ws/install/local_setup.bash'
[5.718s] INFO:colcon.colcon_core.shell:Creating prefix chain script '/home/sema/Desktop/drone_ws/install/setup.bash'
[5.767s] INFO:colcon.colcon_core.shell:Creating prefix script '/home/sema/Desktop/drone_ws/install/local_setup.zsh'
[5.768s] INFO:colcon.colcon_core.shell:Creating prefix chain script '/home/sema/Desktop/drone_ws/install/setup.zsh'
