[0.831s] Invoking command in '/home/sema/Desktop/drone_ws/src/packets/kontrol': PYTHONPATH=/home/sema/Desktop/drone_ws/build/kontrol/prefix_override:/home/sema/Desktop/drone_ws/install/kontrol/lib/python3.10/site-packages:${PYTHONPATH} /usr/bin/python3 setup.py egg_info --egg-base ../../../build/kontrol build --build-base /home/sema/Desktop/drone_ws/build/kontrol/build install --record /home/sema/Desktop/drone_ws/build/kontrol/install.log --single-version-externally-managed
[1.037s] running egg_info
[1.053s] writing ../../../build/kontrol/kontrol.egg-info/PKG-INFO
[1.053s] writing dependency_links to ../../../build/kontrol/kontrol.egg-info/dependency_links.txt
[1.054s] writing entry points to ../../../build/kontrol/kontrol.egg-info/entry_points.txt
[1.054s] writing requirements to ../../../build/kontrol/kontrol.egg-info/requires.txt
[1.054s] writing top-level names to ../../../build/kontrol/kontrol.egg-info/top_level.txt
[1.084s] reading manifest file '../../../build/kontrol/kontrol.egg-info/SOURCES.txt'
[1.084s] adding license file 'LICENSE'
[1.084s] writing manifest file '../../../build/kontrol/kontrol.egg-info/SOURCES.txt'
[1.084s] running build
[1.085s] running build_py
[1.085s] copying kontrol/__init__.py -> /home/sema/Desktop/drone_ws/build/kontrol/build/lib/kontrol
[1.085s] copying kontrol/start.py -> /home/sema/Desktop/drone_ws/build/kontrol/build/lib/kontrol
[1.085s] copying kontrol/aray端z.py -> /home/sema/Desktop/drone_ws/build/kontrol/build/lib/kontrol
[1.085s] copying kontrol/kumanda.py -> /home/sema/Desktop/drone_ws/build/kontrol/build/lib/kontrol
[1.085s] copying kontrol/alici.py -> /home/sema/Desktop/drone_ws/build/kontrol/build/lib/kontrol
[1.085s] copying kontrol/main.py -> /home/sema/Desktop/drone_ws/build/kontrol/build/lib/kontrol
[1.085s] copying kontrol/takeoff.py -> /home/sema/Desktop/drone_ws/build/kontrol/build/lib/kontrol
[1.086s] running install
[1.086s] /home/sema/.local/lib/python3.10/site-packages/setuptools/_distutils/cmd.py:66: SetuptoolsDeprecationWarning: setup.py install is deprecated.
[1.086s] !!
[1.086s] 
[1.086s]         ********************************************************************************
[1.086s]         Please avoid running ``setup.py`` directly.
[1.086s]         Instead, use pypa/build, pypa/installer or other
[1.086s]         standards-based tools.
[1.086s] 
[1.086s]         See https://blog.ganssle.io/articles/2021/10/setup-py-deprecated.html for details.
[1.086s]         ********************************************************************************
[1.086s] 
[1.087s] !!
[1.087s]   self.initialize_options()
[1.091s] running install_lib
[1.105s] copying /home/sema/Desktop/drone_ws/build/kontrol/build/lib/kontrol/aray端z.py -> /home/sema/Desktop/drone_ws/install/kontrol/lib/python3.10/site-packages/kontrol
[1.106s] byte-compiling /home/sema/Desktop/drone_ws/install/kontrol/lib/python3.10/site-packages/kontrol/aray端z.py to aray端z.cpython-310.pyc
[1.106s] running install_data
[1.124s] copying resource/kontrol -> /home/sema/Desktop/drone_ws/install/kontrol/share/ament_index/resource_index/packages
[1.124s] copying package.xml -> /home/sema/Desktop/drone_ws/install/kontrol/share/kontrol
[1.124s] running install_egg_info
[1.141s] removing '/home/sema/Desktop/drone_ws/install/kontrol/lib/python3.10/site-packages/kontrol-0.0.0-py3.10.egg-info' (and everything under it)
[1.141s] Copying ../../../build/kontrol/kontrol.egg-info to /home/sema/Desktop/drone_ws/install/kontrol/lib/python3.10/site-packages/kontrol-0.0.0-py3.10.egg-info
[1.142s] running install_scripts
[1.282s] Installing alici script to /home/sema/Desktop/drone_ws/install/kontrol/lib/kontrol
[1.282s] Installing kumanda script to /home/sema/Desktop/drone_ws/install/kontrol/lib/kontrol
[1.282s] Installing takeoff script to /home/sema/Desktop/drone_ws/install/kontrol/lib/kontrol
[1.283s] writing list of installed files to '/home/sema/Desktop/drone_ws/build/kontrol/install.log'
[1.307s] Invoked command in '/home/sema/Desktop/drone_ws/src/packets/kontrol' returned '0': PYTHONPATH=/home/sema/Desktop/drone_ws/build/kontrol/prefix_override:/home/sema/Desktop/drone_ws/install/kontrol/lib/python3.10/site-packages:${PYTHONPATH} /usr/bin/python3 setup.py egg_info --egg-base ../../../build/kontrol build --build-base /home/sema/Desktop/drone_ws/build/kontrol/build install --record /home/sema/Desktop/drone_ws/build/kontrol/install.log --single-version-externally-managed
