[1.781s] Invoking command in '/home/sema/Desktop/drone_ws/src/kontrol': PYTHONPATH=/home/sema/Desktop/drone_ws/build/kontrol/prefix_override:/home/sema/Desktop/drone_ws/install/kontrol/lib/python3.10/site-packages:${PYTHONPATH} /usr/bin/python3 setup.py egg_info --egg-base ../../build/kontrol build --build-base /home/sema/Desktop/drone_ws/build/kontrol/build install --record /home/sema/Desktop/drone_ws/build/kontrol/install.log --single-version-externally-managed
[2.241s] running egg_info
[2.272s] writing ../../build/kontrol/kontrol.egg-info/PKG-INFO
[2.273s] writing dependency_links to ../../build/kontrol/kontrol.egg-info/dependency_links.txt
[2.274s] writing entry points to ../../build/kontrol/kontrol.egg-info/entry_points.txt
[2.275s] writing requirements to ../../build/kontrol/kontrol.egg-info/requires.txt
[2.275s] writing top-level names to ../../build/kontrol/kontrol.egg-info/top_level.txt
[2.346s] reading manifest file '../../build/kontrol/kontrol.egg-info/SOURCES.txt'
[2.347s] adding license file 'LICENSE'
[2.348s] writing manifest file '../../build/kontrol/kontrol.egg-info/SOURCES.txt'
[2.349s] running build
[2.349s] running build_py
[2.350s] copying kontrol/__init__.py -> /home/sema/Desktop/drone_ws/build/kontrol/build/lib/kontrol
[2.350s] copying kontrol/start.py -> /home/sema/Desktop/drone_ws/build/kontrol/build/lib/kontrol
[2.350s] copying kontrol/arayüz.py -> /home/sema/Desktop/drone_ws/build/kontrol/build/lib/kontrol
[2.351s] copying kontrol/kumanda.py -> /home/sema/Desktop/drone_ws/build/kontrol/build/lib/kontrol
[2.351s] copying kontrol/alici.py -> /home/sema/Desktop/drone_ws/build/kontrol/build/lib/kontrol
[2.351s] copying kontrol/main.py -> /home/sema/Desktop/drone_ws/build/kontrol/build/lib/kontrol
[2.352s] copying kontrol/takeoff.py -> /home/sema/Desktop/drone_ws/build/kontrol/build/lib/kontrol
[2.353s] running install
[2.353s] /home/sema/.local/lib/python3.10/site-packages/setuptools/_distutils/cmd.py:66: SetuptoolsDeprecationWarning: setup.py install is deprecated.
[2.353s] !!
[2.353s] 
[2.354s]         ********************************************************************************
[2.354s]         Please avoid running ``setup.py`` directly.
[2.354s]         Instead, use pypa/build, pypa/installer or other
[2.354s]         standards-based tools.
[2.354s] 
[2.354s]         See https://blog.ganssle.io/articles/2021/10/setup-py-deprecated.html for details.
[2.354s]         ********************************************************************************
[2.354s] 
[2.354s] !!
[2.354s]   self.initialize_options()
[2.369s] running install_lib
[2.403s] copying /home/sema/Desktop/drone_ws/build/kontrol/build/lib/kontrol/takeoff.py -> /home/sema/Desktop/drone_ws/install/kontrol/lib/python3.10/site-packages/kontrol
[2.404s] byte-compiling /home/sema/Desktop/drone_ws/install/kontrol/lib/python3.10/site-packages/kontrol/takeoff.py to takeoff.cpython-310.pyc
[2.405s] running install_data
[2.434s] copying resource/kontrol -> /home/sema/Desktop/drone_ws/install/kontrol/share/ament_index/resource_index/packages
[2.435s] copying package.xml -> /home/sema/Desktop/drone_ws/install/kontrol/share/kontrol
[2.435s] running install_egg_info
[2.466s] removing '/home/sema/Desktop/drone_ws/install/kontrol/lib/python3.10/site-packages/kontrol-0.0.0-py3.10.egg-info' (and everything under it)
[2.466s] Copying ../../build/kontrol/kontrol.egg-info to /home/sema/Desktop/drone_ws/install/kontrol/lib/python3.10/site-packages/kontrol-0.0.0-py3.10.egg-info
[2.467s] running install_scripts
[2.782s] Installing alici script to /home/sema/Desktop/drone_ws/install/kontrol/lib/kontrol
[2.782s] Installing kumanda script to /home/sema/Desktop/drone_ws/install/kontrol/lib/kontrol
[2.782s] Installing takeofff script to /home/sema/Desktop/drone_ws/install/kontrol/lib/kontrol
[2.783s] writing list of installed files to '/home/sema/Desktop/drone_ws/build/kontrol/install.log'
[2.850s] Invoked command in '/home/sema/Desktop/drone_ws/src/kontrol' returned '0': PYTHONPATH=/home/sema/Desktop/drone_ws/build/kontrol/prefix_override:/home/sema/Desktop/drone_ws/install/kontrol/lib/python3.10/site-packages:${PYTHONPATH} /usr/bin/python3 setup.py egg_info --egg-base ../../build/kontrol build --build-base /home/sema/Desktop/drone_ws/build/kontrol/build install --record /home/sema/Desktop/drone_ws/build/kontrol/install.log --single-version-externally-managed
