[4.192s] Invoking command in '/home/sema/Desktop/drone_ws/src/kontrol': PYTHONPATH=/home/sema/Desktop/drone_ws/build/kontrol/prefix_override:/home/sema/Desktop/drone_ws/install/kontrol/lib/python3.10/site-packages:${PYTHONPATH} /usr/bin/python3 setup.py egg_info --egg-base ../../build/kontrol build --build-base /home/sema/Desktop/drone_ws/build/kontrol/build install --record /home/sema/Desktop/drone_ws/build/kontrol/install.log --single-version-externally-managed
[5.185s] running egg_info
[5.254s] writing ../../build/kontrol/kontrol.egg-info/PKG-INFO
[5.255s] writing dependency_links to ../../build/kontrol/kontrol.egg-info/dependency_links.txt
[5.256s] writing entry points to ../../build/kontrol/kontrol.egg-info/entry_points.txt
[5.257s] writing requirements to ../../build/kontrol/kontrol.egg-info/requires.txt
[5.257s] writing top-level names to ../../build/kontrol/kontrol.egg-info/top_level.txt
[5.392s] reading manifest file '../../build/kontrol/kontrol.egg-info/SOURCES.txt'
[5.393s] adding license file 'LICENSE'
[5.395s] writing manifest file '../../build/kontrol/kontrol.egg-info/SOURCES.txt'
[5.396s] running build
[5.396s] running build_py
[5.396s] copying kontrol/__init__.py -> /home/sema/Desktop/drone_ws/build/kontrol/build/lib/kontrol
[5.397s] copying kontrol/start.py -> /home/sema/Desktop/drone_ws/build/kontrol/build/lib/kontrol
[5.397s] copying kontrol/arayüz.py -> /home/sema/Desktop/drone_ws/build/kontrol/build/lib/kontrol
[5.397s] copying kontrol/kumanda.py -> /home/sema/Desktop/drone_ws/build/kontrol/build/lib/kontrol
[5.398s] copying kontrol/alici.py -> /home/sema/Desktop/drone_ws/build/kontrol/build/lib/kontrol
[5.398s] copying kontrol/main.py -> /home/sema/Desktop/drone_ws/build/kontrol/build/lib/kontrol
[5.398s] copying kontrol/takeoff.py -> /home/sema/Desktop/drone_ws/build/kontrol/build/lib/kontrol
[5.399s] running install
[5.401s] /home/sema/.local/lib/python3.10/site-packages/setuptools/_distutils/cmd.py:66: SetuptoolsDeprecationWarning: setup.py install is deprecated.
[5.402s] !!
[5.402s] 
[5.402s]         ********************************************************************************
[5.402s]         Please avoid running ``setup.py`` directly.
[5.402s]         Instead, use pypa/build, pypa/installer or other
[5.402s]         standards-based tools.
[5.403s] 
[5.403s]         See https://blog.ganssle.io/articles/2021/10/setup-py-deprecated.html for details.
[5.403s]         ********************************************************************************
[5.403s] 
[5.404s] !!
[5.404s]   self.initialize_options()
[5.426s] running install_lib
[5.485s] copying /home/sema/Desktop/drone_ws/build/kontrol/build/lib/kontrol/alici.py -> /home/sema/Desktop/drone_ws/install/kontrol/lib/python3.10/site-packages/kontrol
[5.488s] byte-compiling /home/sema/Desktop/drone_ws/install/kontrol/lib/python3.10/site-packages/kontrol/alici.py to alici.cpython-310.pyc
[5.491s] running install_data
[5.562s] copying resource/kontrol -> /home/sema/Desktop/drone_ws/install/kontrol/share/ament_index/resource_index/packages
[5.563s] copying package.xml -> /home/sema/Desktop/drone_ws/install/kontrol/share/kontrol
[5.563s] running install_egg_info
[5.645s] removing '/home/sema/Desktop/drone_ws/install/kontrol/lib/python3.10/site-packages/kontrol-0.0.0-py3.10.egg-info' (and everything under it)
[5.646s] Copying ../../build/kontrol/kontrol.egg-info to /home/sema/Desktop/drone_ws/install/kontrol/lib/python3.10/site-packages/kontrol-0.0.0-py3.10.egg-info
[5.650s] running install_scripts
[6.303s] Installing alici script to /home/sema/Desktop/drone_ws/install/kontrol/lib/kontrol
[6.303s] Installing kumanda script to /home/sema/Desktop/drone_ws/install/kontrol/lib/kontrol
[6.304s] Installing takeoff script to /home/sema/Desktop/drone_ws/install/kontrol/lib/kontrol
[6.306s] writing list of installed files to '/home/sema/Desktop/drone_ws/build/kontrol/install.log'
[6.488s] Invoked command in '/home/sema/Desktop/drone_ws/src/kontrol' returned '0': PYTHONPATH=/home/sema/Desktop/drone_ws/build/kontrol/prefix_override:/home/sema/Desktop/drone_ws/install/kontrol/lib/python3.10/site-packages:${PYTHONPATH} /usr/bin/python3 setup.py egg_info --egg-base ../../build/kontrol build --build-base /home/sema/Desktop/drone_ws/build/kontrol/build install --record /home/sema/Desktop/drone_ws/build/kontrol/install.log --single-version-externally-managed
