running egg_info
writing ../../../build/kontrol/kontrol.egg-info/PKG-INFO
writing dependency_links to ../../../build/kontrol/kontrol.egg-info/dependency_links.txt
writing entry points to ../../../build/kontrol/kontrol.egg-info/entry_points.txt
writing requirements to ../../../build/kontrol/kontrol.egg-info/requires.txt
writing top-level names to ../../../build/kontrol/kontrol.egg-info/top_level.txt
reading manifest file '../../../build/kontrol/kontrol.egg-info/SOURCES.txt'
adding license file 'LICENSE'
writing manifest file '../../../build/kontrol/kontrol.egg-info/SOURCES.txt'
running build
running build_py
copying kontrol/alici.py -> /home/metin/Downloads/drone_ws-main/build/kontrol/build/lib/kontrol
running install
/usr/local/lib/python3.10/dist-packages/setuptools/_distutils/cmd.py:66: SetuptoolsDeprecationWarning: setup.py install is deprecated.
!!

        ********************************************************************************
        Please avoid running ``setup.py`` directly.
        Instead, use pypa/build, pypa/installer or other
        standards-based tools.

        See https://blog.ganssle.io/articles/2021/10/setup-py-deprecated.html for details.
        ********************************************************************************

!!
  self.initialize_options()
running install_lib
running install_data
running install_egg_info
removing '/home/metin/Downloads/drone_ws-main/install/kontrol/lib/python3.10/site-packages/kontrol-0.0.0-py3.10.egg-info' (and everything under it)
Copying ../../../build/kontrol/kontrol.egg-info to /home/metin/Downloads/drone_ws-main/install/kontrol/lib/python3.10/site-packages/kontrol-0.0.0-py3.10.egg-info
running install_scripts
Installing alici script to /home/metin/Downloads/drone_ws-main/install/kontrol/lib/kontrol
Installing kumanda script to /home/metin/Downloads/drone_ws-main/install/kontrol/lib/kontrol
Installing takeoff script to /home/metin/Downloads/drone_ws-main/install/kontrol/lib/kontrol
writing list of installed files to '/home/metin/Downloads/drone_ws-main/build/kontrol/install.log'
