[1.145s] DEBUG:colcon:Command line arguments: ['/usr/bin/colcon', 'build']
[1.145s] DEBUG:colcon:Parsed command line arguments: Namespace(log_base=None, log_level=None, verb_name='build', build_base='build', install_base='install', merge_install=False, symlink_install=False, test_result_base=None, continue_on_error=False, executor='parallel', parallel_workers=12, event_handlers=None, ignore_user_meta=False, metas=['./colcon.meta'], base_paths=['.'], packages_ignore=None, packages_ignore_regex=None, paths=None, packages_up_to=None, packages_up_to_regex=None, packages_above=None, packages_above_and_dependencies=None, packages_above_depth=None, packages_select_by_dep=None, packages_skip_by_dep=None, packages_skip_up_to=None, packages_select_build_failed=False, packages_skip_build_finished=False, packages_select_test_failures=False, packages_skip_test_passed=False, packages_select=None, packages_skip=None, packages_select_regex=None, packages_skip_regex=None, packages_start=None, packages_end=None, allow_overriding=[], cmake_args=None, cmake_target=None, cmake_target_skip_unavailable=False, cmake_clean_cache=False, cmake_clean_first=False, cmake_force_configure=False, ament_cmake_args=None, catkin_cmake_args=None, catkin_skip_building_tests=False, verb_parser=<colcon_defaults.argument_parser.defaults.DefaultArgumentsDecorator object at 0x7f00eb31c040>, verb_extension=<colcon_core.verb.build.BuildVerb object at 0x7f00eb4df0d0>, main=<bound method BuildVerb.main of <colcon_core.verb.build.BuildVerb object at 0x7f00eb4df0d0>>)
[1.259s] Level 1:colcon.colcon_core.package_discovery:discover_packages(colcon_meta) check parameters
[1.259s] Level 1:colcon.colcon_core.package_discovery:discover_packages(recursive) check parameters
[1.259s] Level 1:colcon.colcon_core.package_discovery:discover_packages(ignore) check parameters
[1.259s] Level 1:colcon.colcon_core.package_discovery:discover_packages(path) check parameters
[1.260s] Level 1:colcon.colcon_core.package_discovery:discover_packages(colcon_meta) discover
[1.260s] Level 1:colcon.colcon_core.package_discovery:discover_packages(recursive) discover
[1.260s] INFO:colcon.colcon_core.package_discovery:Crawling recursively for packages in '/home/sema/Desktop/drone_ws'
[1.260s] Level 1:colcon.colcon_core.package_identification:_identify(.) by extensions ['ignore', 'ignore_ament_install']
[1.260s] Level 1:colcon.colcon_core.package_identification:_identify(.) by extension 'ignore'
[1.260s] Level 1:colcon.colcon_core.package_identification:_identify(.) by extension 'ignore_ament_install'
[1.260s] Level 1:colcon.colcon_core.package_identification:_identify(.) by extensions ['colcon_pkg']
[1.260s] Level 1:colcon.colcon_core.package_identification:_identify(.) by extension 'colcon_pkg'
[1.260s] Level 1:colcon.colcon_core.package_identification:_identify(.) by extensions ['colcon_meta']
[1.260s] Level 1:colcon.colcon_core.package_identification:_identify(.) by extension 'colcon_meta'
[1.260s] Level 1:colcon.colcon_core.package_identification:_identify(.) by extensions ['ros']
[1.260s] Level 1:colcon.colcon_core.package_identification:_identify(.) by extension 'ros'
[1.272s] Level 1:colcon.colcon_core.package_identification:_identify(.) by extensions ['cmake', 'python']
[1.273s] Level 1:colcon.colcon_core.package_identification:_identify(.) by extension 'cmake'
[1.273s] Level 1:colcon.colcon_core.package_identification:_identify(.) by extension 'python'
[1.273s] Level 1:colcon.colcon_core.package_identification:_identify(.) by extensions ['python_setup_py']
[1.273s] Level 1:colcon.colcon_core.package_identification:_identify(.) by extension 'python_setup_py'
[1.273s] Level 1:colcon.colcon_core.package_identification:_identify(build) by extensions ['ignore', 'ignore_ament_install']
[1.273s] Level 1:colcon.colcon_core.package_identification:_identify(build) by extension 'ignore'
[1.273s] Level 1:colcon.colcon_core.package_identification:_identify(build) ignored
[1.273s] Level 1:colcon.colcon_core.package_identification:_identify(install) by extensions ['ignore', 'ignore_ament_install']
[1.273s] Level 1:colcon.colcon_core.package_identification:_identify(install) by extension 'ignore'
[1.273s] Level 1:colcon.colcon_core.package_identification:_identify(install) ignored
[1.273s] Level 1:colcon.colcon_core.package_identification:_identify(log) by extensions ['ignore', 'ignore_ament_install']
[1.273s] Level 1:colcon.colcon_core.package_identification:_identify(log) by extension 'ignore'
[1.273s] Level 1:colcon.colcon_core.package_identification:_identify(log) ignored
[1.273s] Level 1:colcon.colcon_core.package_identification:_identify(src) by extensions ['ignore', 'ignore_ament_install']
[1.273s] Level 1:colcon.colcon_core.package_identification:_identify(src) by extension 'ignore'
[1.273s] Level 1:colcon.colcon_core.package_identification:_identify(src) by extension 'ignore_ament_install'
[1.274s] Level 1:colcon.colcon_core.package_identification:_identify(src) by extensions ['colcon_pkg']
[1.274s] Level 1:colcon.colcon_core.package_identification:_identify(src) by extension 'colcon_pkg'
[1.274s] Level 1:colcon.colcon_core.package_identification:_identify(src) by extensions ['colcon_meta']
[1.274s] Level 1:colcon.colcon_core.package_identification:_identify(src) by extension 'colcon_meta'
[1.274s] Level 1:colcon.colcon_core.package_identification:_identify(src) by extensions ['ros']
[1.274s] Level 1:colcon.colcon_core.package_identification:_identify(src) by extension 'ros'
[1.274s] Level 1:colcon.colcon_core.package_identification:_identify(src) by extensions ['cmake', 'python']
[1.274s] Level 1:colcon.colcon_core.package_identification:_identify(src) by extension 'cmake'
[1.274s] Level 1:colcon.colcon_core.package_identification:_identify(src) by extension 'python'
[1.274s] Level 1:colcon.colcon_core.package_identification:_identify(src) by extensions ['python_setup_py']
[1.274s] Level 1:colcon.colcon_core.package_identification:_identify(src) by extension 'python_setup_py'
[1.274s] Level 1:colcon.colcon_core.package_identification:_identify(src/kontrol) by extensions ['ignore', 'ignore_ament_install']
[1.274s] Level 1:colcon.colcon_core.package_identification:_identify(src/kontrol) by extension 'ignore'
[1.274s] Level 1:colcon.colcon_core.package_identification:_identify(src/kontrol) by extension 'ignore_ament_install'
[1.274s] Level 1:colcon.colcon_core.package_identification:_identify(src/kontrol) by extensions ['colcon_pkg']
[1.274s] Level 1:colcon.colcon_core.package_identification:_identify(src/kontrol) by extension 'colcon_pkg'
[1.274s] Level 1:colcon.colcon_core.package_identification:_identify(src/kontrol) by extensions ['colcon_meta']
[1.274s] Level 1:colcon.colcon_core.package_identification:_identify(src/kontrol) by extension 'colcon_meta'
[1.274s] Level 1:colcon.colcon_core.package_identification:_identify(src/kontrol) by extensions ['ros']
[1.274s] Level 1:colcon.colcon_core.package_identification:_identify(src/kontrol) by extension 'ros'
[1.319s] DEBUG:colcon.colcon_core.package_identification:Package 'src/kontrol' with type 'ros.ament_python' and name 'kontrol'
[1.320s] Level 1:colcon.colcon_core.package_identification:_identify(src/world) by extensions ['ignore', 'ignore_ament_install']
[1.321s] Level 1:colcon.colcon_core.package_identification:_identify(src/world) by extension 'ignore'
[1.321s] Level 1:colcon.colcon_core.package_identification:_identify(src/world) by extension 'ignore_ament_install'
[1.321s] Level 1:colcon.colcon_core.package_identification:_identify(src/world) by extensions ['colcon_pkg']
[1.321s] Level 1:colcon.colcon_core.package_identification:_identify(src/world) by extension 'colcon_pkg'
[1.321s] Level 1:colcon.colcon_core.package_identification:_identify(src/world) by extensions ['colcon_meta']
[1.322s] Level 1:colcon.colcon_core.package_identification:_identify(src/world) by extension 'colcon_meta'
[1.322s] Level 1:colcon.colcon_core.package_identification:_identify(src/world) by extensions ['ros']
[1.322s] Level 1:colcon.colcon_core.package_identification:_identify(src/world) by extension 'ros'
[1.322s] Level 1:colcon.colcon_core.package_identification:_identify(src/world) by extensions ['cmake', 'python']
[1.322s] Level 1:colcon.colcon_core.package_identification:_identify(src/world) by extension 'cmake'
[1.323s] Level 1:colcon.colcon_core.package_identification:_identify(src/world) by extension 'python'
[1.323s] Level 1:colcon.colcon_core.package_identification:_identify(src/world) by extensions ['python_setup_py']
[1.323s] Level 1:colcon.colcon_core.package_identification:_identify(src/world) by extension 'python_setup_py'
[1.323s] Level 1:colcon.colcon_core.package_discovery:discover_packages(recursive) using defaults
[1.323s] Level 1:colcon.colcon_core.package_discovery:discover_packages(ignore) discover
[1.323s] Level 1:colcon.colcon_core.package_discovery:discover_packages(ignore) using defaults
[1.323s] Level 1:colcon.colcon_core.package_discovery:discover_packages(path) discover
[1.324s] Level 1:colcon.colcon_core.package_discovery:discover_packages(path) using defaults
[1.529s] Level 1:colcon.colcon_core.package_discovery:discover_packages(prefix_path) check parameters
[1.529s] Level 1:colcon.colcon_core.package_discovery:discover_packages(prefix_path) discover
[1.605s] DEBUG:colcon.colcon_installed_package_information.package_discovery:Found 307 installed packages in /opt/ros/iron
[1.606s] Level 1:colcon.colcon_core.package_discovery:discover_packages(prefix_path) using defaults
[1.673s] Level 5:colcon.colcon_core.verb:set package 'kontrol' build argument 'cmake_args' from command line to 'None'
[1.673s] Level 5:colcon.colcon_core.verb:set package 'kontrol' build argument 'cmake_target' from command line to 'None'
[1.673s] Level 5:colcon.colcon_core.verb:set package 'kontrol' build argument 'cmake_target_skip_unavailable' from command line to 'False'
[1.673s] Level 5:colcon.colcon_core.verb:set package 'kontrol' build argument 'cmake_clean_cache' from command line to 'False'
[1.673s] Level 5:colcon.colcon_core.verb:set package 'kontrol' build argument 'cmake_clean_first' from command line to 'False'
[1.673s] Level 5:colcon.colcon_core.verb:set package 'kontrol' build argument 'cmake_force_configure' from command line to 'False'
[1.673s] Level 5:colcon.colcon_core.verb:set package 'kontrol' build argument 'ament_cmake_args' from command line to 'None'
[1.673s] Level 5:colcon.colcon_core.verb:set package 'kontrol' build argument 'catkin_cmake_args' from command line to 'None'
[1.673s] Level 5:colcon.colcon_core.verb:set package 'kontrol' build argument 'catkin_skip_building_tests' from command line to 'False'
[1.674s] DEBUG:colcon.colcon_core.verb:Building package 'kontrol' with the following arguments: {'ament_cmake_args': None, 'build_base': '/home/sema/Desktop/drone_ws/build/kontrol', 'catkin_cmake_args': None, 'catkin_skip_building_tests': False, 'cmake_args': None, 'cmake_clean_cache': False, 'cmake_clean_first': False, 'cmake_force_configure': False, 'cmake_target': None, 'cmake_target_skip_unavailable': False, 'install_base': '/home/sema/Desktop/drone_ws/install/kontrol', 'merge_install': False, 'path': '/home/sema/Desktop/drone_ws/src/kontrol', 'symlink_install': False, 'test_result_base': None}
[1.687s] INFO:colcon.colcon_core.executor:Executing jobs using 'parallel' executor
[1.701s] DEBUG:colcon.colcon_parallel_executor.executor.parallel:run_until_complete
[1.701s] INFO:colcon.colcon_ros.task.ament_python.build:Building ROS package in '/home/sema/Desktop/drone_ws/src/kontrol' with build type 'ament_python'
[1.701s] Level 1:colcon.colcon_core.shell:create_environment_hook('kontrol', 'ament_prefix_path')
[1.723s] INFO:colcon.colcon_core.plugin_system:Skipping extension 'colcon_core.shell.bat': Not used on non-Windows systems
[1.724s] INFO:colcon.colcon_core.shell:Creating environment hook '/home/sema/Desktop/drone_ws/install/kontrol/share/kontrol/hook/ament_prefix_path.ps1'
[1.747s] INFO:colcon.colcon_core.shell:Creating environment descriptor '/home/sema/Desktop/drone_ws/install/kontrol/share/kontrol/hook/ament_prefix_path.dsv'
[1.747s] INFO:colcon.colcon_core.shell:Creating environment hook '/home/sema/Desktop/drone_ws/install/kontrol/share/kontrol/hook/ament_prefix_path.sh'
[1.776s] INFO:colcon.colcon_core.shell:Skip shell extension 'powershell' for command environment: Not usable outside of PowerShell
[1.776s] DEBUG:colcon.colcon_core.shell:Skip shell extension 'dsv' for command environment
[2.033s] INFO:colcon.colcon_core.task.python.build:Building Python package in '/home/sema/Desktop/drone_ws/src/kontrol'
[2.048s] INFO:colcon.colcon_core.shell:Skip shell extension 'powershell' for command environment: Not usable outside of PowerShell
[2.049s] DEBUG:colcon.colcon_core.shell:Skip shell extension 'dsv' for command environment
[2.958s] DEBUG:colcon.colcon_core.event_handler.log_command:Invoking command in '/home/sema/Desktop/drone_ws/src/kontrol': PYTHONPATH=/home/sema/Desktop/drone_ws/build/kontrol/prefix_override:/home/sema/Desktop/drone_ws/install/kontrol/lib/python3.10/site-packages:${PYTHONPATH} /usr/bin/python3 setup.py egg_info --egg-base ../../build/kontrol build --build-base /home/sema/Desktop/drone_ws/build/kontrol/build install --record /home/sema/Desktop/drone_ws/build/kontrol/install.log --single-version-externally-managed
[3.638s] DEBUG:colcon.colcon_core.event_handler.log_command:Invoked command in '/home/sema/Desktop/drone_ws/src/kontrol' returned '0': PYTHONPATH=/home/sema/Desktop/drone_ws/build/kontrol/prefix_override:/home/sema/Desktop/drone_ws/install/kontrol/lib/python3.10/site-packages:${PYTHONPATH} /usr/bin/python3 setup.py egg_info --egg-base ../../build/kontrol build --build-base /home/sema/Desktop/drone_ws/build/kontrol/build install --record /home/sema/Desktop/drone_ws/build/kontrol/install.log --single-version-externally-managed
[3.656s] Level 1:colcon.colcon_core.environment:checking '/home/sema/Desktop/drone_ws/install/kontrol' for CMake module files
[3.657s] Level 1:colcon.colcon_core.environment:checking '/home/sema/Desktop/drone_ws/install/kontrol' for CMake config files
[3.657s] Level 1:colcon.colcon_core.environment:checking '/home/sema/Desktop/drone_ws/install/kontrol/lib'
[3.657s] Level 1:colcon.colcon_core.environment:checking '/home/sema/Desktop/drone_ws/install/kontrol/bin'
[3.657s] Level 1:colcon.colcon_core.environment:checking '/home/sema/Desktop/drone_ws/install/kontrol/lib/pkgconfig/kontrol.pc'
[3.658s] Level 1:colcon.colcon_core.environment:checking '/home/sema/Desktop/drone_ws/install/kontrol/lib/python3.10/site-packages'
[3.658s] Level 1:colcon.colcon_core.shell:create_environment_hook('kontrol', 'pythonpath')
[3.672s] INFO:colcon.colcon_core.shell:Creating environment hook '/home/sema/Desktop/drone_ws/install/kontrol/share/kontrol/hook/pythonpath.ps1'
[3.672s] INFO:colcon.colcon_core.shell:Creating environment descriptor '/home/sema/Desktop/drone_ws/install/kontrol/share/kontrol/hook/pythonpath.dsv'
[3.672s] INFO:colcon.colcon_core.shell:Creating environment hook '/home/sema/Desktop/drone_ws/install/kontrol/share/kontrol/hook/pythonpath.sh'
[3.673s] Level 1:colcon.colcon_core.environment:checking '/home/sema/Desktop/drone_ws/install/kontrol/bin'
[3.673s] Level 1:colcon.colcon_core.environment:create_environment_scripts_only(kontrol)
[3.687s] INFO:colcon.colcon_core.shell:Creating package script '/home/sema/Desktop/drone_ws/install/kontrol/share/kontrol/package.ps1'
[3.688s] INFO:colcon.colcon_core.shell:Creating package descriptor '/home/sema/Desktop/drone_ws/install/kontrol/share/kontrol/package.dsv'
[3.689s] INFO:colcon.colcon_core.shell:Creating package script '/home/sema/Desktop/drone_ws/install/kontrol/share/kontrol/package.sh'
[3.727s] INFO:colcon.colcon_core.shell:Creating package script '/home/sema/Desktop/drone_ws/install/kontrol/share/kontrol/package.bash'
[3.728s] INFO:colcon.colcon_core.shell:Creating package script '/home/sema/Desktop/drone_ws/install/kontrol/share/kontrol/package.zsh'
[3.747s] Level 1:colcon.colcon_core.environment:create_file_with_runtime_dependencies(/home/sema/Desktop/drone_ws/install/kontrol/share/colcon-core/packages/kontrol)
[3.747s] DEBUG:colcon.colcon_parallel_executor.executor.parallel:closing loop
[3.747s] DEBUG:colcon.colcon_parallel_executor.executor.parallel:loop closed
[3.748s] DEBUG:colcon.colcon_parallel_executor.executor.parallel:run_until_complete finished with '0'
[3.748s] DEBUG:colcon.colcon_core.event_reactor:joining thread
[3.822s] INFO:colcon.colcon_core.plugin_system:Skipping extension 'colcon_notification.desktop_notification.terminal_notifier': Not used on non-Darwin systems
[3.822s] INFO:colcon.colcon_core.plugin_system:Skipping extension 'colcon_notification.desktop_notification.win32': Not used on non-Windows systems
[3.822s] INFO:colcon.colcon_notification.desktop_notification:Sending desktop notification using 'notify2'
[3.838s] DEBUG:colcon.colcon_core.event_reactor:joined thread
[3.866s] INFO:colcon.colcon_core.shell:Creating prefix script '/home/sema/Desktop/drone_ws/install/local_setup.ps1'
[3.868s] INFO:colcon.colcon_core.shell:Creating prefix util module '/home/sema/Desktop/drone_ws/install/_local_setup_util_ps1.py'
[3.884s] INFO:colcon.colcon_core.shell:Creating prefix chain script '/home/sema/Desktop/drone_ws/install/setup.ps1'
[3.901s] INFO:colcon.colcon_core.shell:Creating prefix script '/home/sema/Desktop/drone_ws/install/local_setup.sh'
[3.901s] INFO:colcon.colcon_core.shell:Creating prefix util module '/home/sema/Desktop/drone_ws/install/_local_setup_util_sh.py'
[3.902s] INFO:colcon.colcon_core.shell:Creating prefix chain script '/home/sema/Desktop/drone_ws/install/setup.sh'
[3.917s] INFO:colcon.colcon_core.shell:Creating prefix script '/home/sema/Desktop/drone_ws/install/local_setup.bash'
[3.918s] INFO:colcon.colcon_core.shell:Creating prefix chain script '/home/sema/Desktop/drone_ws/install/setup.bash'
[3.934s] INFO:colcon.colcon_core.shell:Creating prefix script '/home/sema/Desktop/drone_ws/install/local_setup.zsh'
[3.934s] INFO:colcon.colcon_core.shell:Creating prefix chain script '/home/sema/Desktop/drone_ws/install/setup.zsh'
