[2.147s] Invoking command in '/home/sema/Desktop/drone_ws/src/kontrol': PYTHONPATH=/home/sema/Desktop/drone_ws/build/kontrol/prefix_override:/home/sema/Desktop/drone_ws/install/kontrol/lib/python3.10/site-packages:${PYTHONPATH} /usr/bin/python3 setup.py egg_info --egg-base ../../build/kontrol build --build-base /home/sema/Desktop/drone_ws/build/kontrol/build install --record /home/sema/Desktop/drone_ws/build/kontrol/install.log --single-version-externally-managed
[2.627s] running egg_info
[2.665s] writing ../../build/kontrol/kontrol.egg-info/PKG-INFO
[2.667s] writing dependency_links to ../../build/kontrol/kontrol.egg-info/dependency_links.txt
[2.668s] writing entry points to ../../build/kontrol/kontrol.egg-info/entry_points.txt
[2.669s] writing requirements to ../../build/kontrol/kontrol.egg-info/requires.txt
[2.669s] writing top-level names to ../../build/kontrol/kontrol.egg-info/top_level.txt
[2.728s] reading manifest file '../../build/kontrol/kontrol.egg-info/SOURCES.txt'
[2.729s] adding license file 'LICENSE'
[2.731s] writing manifest file '../../build/kontrol/kontrol.egg-info/SOURCES.txt'
[2.731s] running build
[2.731s] running build_py
[2.732s] copying kontrol/__init__.py -> /home/sema/Desktop/drone_ws/build/kontrol/build/lib/kontrol
[2.732s] copying kontrol/start.py -> /home/sema/Desktop/drone_ws/build/kontrol/build/lib/kontrol
[2.733s] copying kontrol/arayüz.py -> /home/sema/Desktop/drone_ws/build/kontrol/build/lib/kontrol
[2.733s] copying kontrol/kumanda.py -> /home/sema/Desktop/drone_ws/build/kontrol/build/lib/kontrol
[2.733s] copying kontrol/takeofff.py -> /home/sema/Desktop/drone_ws/build/kontrol/build/lib/kontrol
[2.733s] copying kontrol/alici.py -> /home/sema/Desktop/drone_ws/build/kontrol/build/lib/kontrol
[2.734s] copying kontrol/main.py -> /home/sema/Desktop/drone_ws/build/kontrol/build/lib/kontrol
[2.734s] running install
[2.735s] /home/sema/.local/lib/python3.10/site-packages/setuptools/_distutils/cmd.py:66: SetuptoolsDeprecationWarning: setup.py install is deprecated.
[2.735s] !!
[2.735s] 
[2.735s]         ********************************************************************************
[2.735s]         Please avoid running ``setup.py`` directly.
[2.735s]         Instead, use pypa/build, pypa/installer or other
[2.736s]         standards-based tools.
[2.736s] 
[2.736s]         See https://blog.ganssle.io/articles/2021/10/setup-py-deprecated.html for details.
[2.736s]         ********************************************************************************
[2.736s] 
[2.736s] !!
[2.737s]   self.initialize_options()
[2.745s] running install_lib
[2.776s] copying /home/sema/Desktop/drone_ws/build/kontrol/build/lib/kontrol/takeofff.py -> /home/sema/Desktop/drone_ws/install/kontrol/lib/python3.10/site-packages/kontrol
[2.779s] byte-compiling /home/sema/Desktop/drone_ws/install/kontrol/lib/python3.10/site-packages/kontrol/takeofff.py to takeofff.cpython-310.pyc
[2.781s] running install_data
[2.810s] copying resource/kontrol -> /home/sema/Desktop/drone_ws/install/kontrol/share/ament_index/resource_index/packages
[2.810s] copying package.xml -> /home/sema/Desktop/drone_ws/install/kontrol/share/kontrol
[2.811s] running install_egg_info
[2.844s] removing '/home/sema/Desktop/drone_ws/install/kontrol/lib/python3.10/site-packages/kontrol-0.0.0-py3.10.egg-info' (and everything under it)
[2.844s] Copying ../../build/kontrol/kontrol.egg-info to /home/sema/Desktop/drone_ws/install/kontrol/lib/python3.10/site-packages/kontrol-0.0.0-py3.10.egg-info
[2.846s] running install_scripts
[3.145s] Installing alici script to /home/sema/Desktop/drone_ws/install/kontrol/lib/kontrol
[3.145s] Installing kumanda script to /home/sema/Desktop/drone_ws/install/kontrol/lib/kontrol
[3.145s] Installing takeofff script to /home/sema/Desktop/drone_ws/install/kontrol/lib/kontrol
[3.146s] writing list of installed files to '/home/sema/Desktop/drone_ws/build/kontrol/install.log'
[3.212s] Invoked command in '/home/sema/Desktop/drone_ws/src/kontrol' returned '0': PYTHONPATH=/home/sema/Desktop/drone_ws/build/kontrol/prefix_override:/home/sema/Desktop/drone_ws/install/kontrol/lib/python3.10/site-packages:${PYTHONPATH} /usr/bin/python3 setup.py egg_info --egg-base ../../build/kontrol build --build-base /home/sema/Desktop/drone_ws/build/kontrol/build install --record /home/sema/Desktop/drone_ws/build/kontrol/install.log --single-version-externally-managed
