[1.230s] DEBUG:colcon:Command line arguments: ['/usr/bin/colcon', 'build']
[1.231s] DEBUG:colcon:Parsed command line arguments: Namespace(log_base=None, log_level=None, verb_name='build', build_base='build', install_base='install', merge_install=False, symlink_install=False, test_result_base=None, continue_on_error=False, executor='parallel', parallel_workers=8, event_handlers=None, ignore_user_meta=False, metas=['./colcon.meta'], base_paths=['.'], packages_ignore=None, packages_ignore_regex=None, paths=None, packages_up_to=None, packages_up_to_regex=None, packages_above=None, packages_above_and_dependencies=None, packages_above_depth=None, packages_select_by_dep=None, packages_skip_by_dep=None, packages_skip_up_to=None, packages_select_build_failed=False, packages_skip_build_finished=False, packages_select_test_failures=False, packages_skip_test_passed=False, packages_select=None, packages_skip=None, packages_select_regex=None, packages_skip_regex=None, packages_start=None, packages_end=None, allow_overriding=[], cmake_args=None, cmake_target=None, cmake_target_skip_unavailable=False, cmake_clean_cache=False, cmake_clean_first=False, cmake_force_configure=False, ament_cmake_args=None, catkin_cmake_args=None, catkin_skip_building_tests=False, verb_parser=<colcon_defaults.argument_parser.defaults.DefaultArgumentsDecorator object at 0x7bb861350b80>, verb_extension=<colcon_core.verb.build.BuildVerb object at 0x7bb8617c7d30>, main=<bound method BuildVerb.main of <colcon_core.verb.build.BuildVerb object at 0x7bb8617c7d30>>)
[1.297s] Level 1:colcon.colcon_core.package_discovery:discover_packages(colcon_meta) check parameters
[1.297s] Level 1:colcon.colcon_core.package_discovery:discover_packages(recursive) check parameters
[1.298s] Level 1:colcon.colcon_core.package_discovery:discover_packages(ignore) check parameters
[1.298s] Level 1:colcon.colcon_core.package_discovery:discover_packages(path) check parameters
[1.298s] Level 1:colcon.colcon_core.package_discovery:discover_packages(colcon_meta) discover
[1.298s] Level 1:colcon.colcon_core.package_discovery:discover_packages(recursive) discover
[1.298s] INFO:colcon.colcon_core.package_discovery:Crawling recursively for packages in '/home/metin/Downloads/drone_ws-main'
[1.298s] Level 1:colcon.colcon_core.package_identification:_identify(.) by extensions ['ignore', 'ignore_ament_install']
[1.298s] Level 1:colcon.colcon_core.package_identification:_identify(.) by extension 'ignore'
[1.298s] Level 1:colcon.colcon_core.package_identification:_identify(.) by extension 'ignore_ament_install'
[1.298s] Level 1:colcon.colcon_core.package_identification:_identify(.) by extensions ['colcon_pkg']
[1.298s] Level 1:colcon.colcon_core.package_identification:_identify(.) by extension 'colcon_pkg'
[1.298s] Level 1:colcon.colcon_core.package_identification:_identify(.) by extensions ['colcon_meta']
[1.299s] Level 1:colcon.colcon_core.package_identification:_identify(.) by extension 'colcon_meta'
[1.299s] Level 1:colcon.colcon_core.package_identification:_identify(.) by extensions ['ros']
[1.299s] Level 1:colcon.colcon_core.package_identification:_identify(.) by extension 'ros'
[1.315s] Level 1:colcon.colcon_core.package_identification:_identify(.) by extensions ['cmake', 'python']
[1.315s] Level 1:colcon.colcon_core.package_identification:_identify(.) by extension 'cmake'
[1.315s] Level 1:colcon.colcon_core.package_identification:_identify(.) by extension 'python'
[1.315s] Level 1:colcon.colcon_core.package_identification:_identify(.) by extensions ['python_setup_py']
[1.315s] Level 1:colcon.colcon_core.package_identification:_identify(.) by extension 'python_setup_py'
[1.315s] Level 1:colcon.colcon_core.package_identification:_identify(build) by extensions ['ignore', 'ignore_ament_install']
[1.315s] Level 1:colcon.colcon_core.package_identification:_identify(build) by extension 'ignore'
[1.315s] Level 1:colcon.colcon_core.package_identification:_identify(build) ignored
[1.316s] Level 1:colcon.colcon_core.package_identification:_identify(install) by extensions ['ignore', 'ignore_ament_install']
[1.316s] Level 1:colcon.colcon_core.package_identification:_identify(install) by extension 'ignore'
[1.316s] Level 1:colcon.colcon_core.package_identification:_identify(install) ignored
[1.316s] Level 1:colcon.colcon_core.package_identification:_identify(log) by extensions ['ignore', 'ignore_ament_install']
[1.316s] Level 1:colcon.colcon_core.package_identification:_identify(log) by extension 'ignore'
[1.316s] Level 1:colcon.colcon_core.package_identification:_identify(log) ignored
[1.316s] Level 1:colcon.colcon_core.package_identification:_identify(src) by extensions ['ignore', 'ignore_ament_install']
[1.316s] Level 1:colcon.colcon_core.package_identification:_identify(src) by extension 'ignore'
[1.316s] Level 1:colcon.colcon_core.package_identification:_identify(src) by extension 'ignore_ament_install'
[1.317s] Level 1:colcon.colcon_core.package_identification:_identify(src) by extensions ['colcon_pkg']
[1.317s] Level 1:colcon.colcon_core.package_identification:_identify(src) by extension 'colcon_pkg'
[1.317s] Level 1:colcon.colcon_core.package_identification:_identify(src) by extensions ['colcon_meta']
[1.317s] Level 1:colcon.colcon_core.package_identification:_identify(src) by extension 'colcon_meta'
[1.317s] Level 1:colcon.colcon_core.package_identification:_identify(src) by extensions ['ros']
[1.317s] Level 1:colcon.colcon_core.package_identification:_identify(src) by extension 'ros'
[1.317s] Level 1:colcon.colcon_core.package_identification:_identify(src) by extensions ['cmake', 'python']
[1.317s] Level 1:colcon.colcon_core.package_identification:_identify(src) by extension 'cmake'
[1.317s] Level 1:colcon.colcon_core.package_identification:_identify(src) by extension 'python'
[1.317s] Level 1:colcon.colcon_core.package_identification:_identify(src) by extensions ['python_setup_py']
[1.317s] Level 1:colcon.colcon_core.package_identification:_identify(src) by extension 'python_setup_py'
[1.317s] Level 1:colcon.colcon_core.package_identification:_identify(src/build) by extensions ['ignore', 'ignore_ament_install']
[1.317s] Level 1:colcon.colcon_core.package_identification:_identify(src/build) by extension 'ignore'
[1.317s] Level 1:colcon.colcon_core.package_identification:_identify(src/build) ignored
[1.317s] Level 1:colcon.colcon_core.package_identification:_identify(src/install) by extensions ['ignore', 'ignore_ament_install']
[1.317s] Level 1:colcon.colcon_core.package_identification:_identify(src/install) by extension 'ignore'
[1.318s] Level 1:colcon.colcon_core.package_identification:_identify(src/install) ignored
[1.318s] Level 1:colcon.colcon_core.package_identification:_identify(src/log) by extensions ['ignore', 'ignore_ament_install']
[1.318s] Level 1:colcon.colcon_core.package_identification:_identify(src/log) by extension 'ignore'
[1.318s] Level 1:colcon.colcon_core.package_identification:_identify(src/log) ignored
[1.318s] Level 1:colcon.colcon_core.package_identification:_identify(src/packets) by extensions ['ignore', 'ignore_ament_install']
[1.318s] Level 1:colcon.colcon_core.package_identification:_identify(src/packets) by extension 'ignore'
[1.318s] Level 1:colcon.colcon_core.package_identification:_identify(src/packets) by extension 'ignore_ament_install'
[1.318s] Level 1:colcon.colcon_core.package_identification:_identify(src/packets) by extensions ['colcon_pkg']
[1.318s] Level 1:colcon.colcon_core.package_identification:_identify(src/packets) by extension 'colcon_pkg'
[1.318s] Level 1:colcon.colcon_core.package_identification:_identify(src/packets) by extensions ['colcon_meta']
[1.318s] Level 1:colcon.colcon_core.package_identification:_identify(src/packets) by extension 'colcon_meta'
[1.318s] Level 1:colcon.colcon_core.package_identification:_identify(src/packets) by extensions ['ros']
[1.318s] Level 1:colcon.colcon_core.package_identification:_identify(src/packets) by extension 'ros'
[1.318s] Level 1:colcon.colcon_core.package_identification:_identify(src/packets) by extensions ['cmake', 'python']
[1.318s] Level 1:colcon.colcon_core.package_identification:_identify(src/packets) by extension 'cmake'
[1.318s] Level 1:colcon.colcon_core.package_identification:_identify(src/packets) by extension 'python'
[1.318s] Level 1:colcon.colcon_core.package_identification:_identify(src/packets) by extensions ['python_setup_py']
[1.318s] Level 1:colcon.colcon_core.package_identification:_identify(src/packets) by extension 'python_setup_py'
[1.319s] Level 1:colcon.colcon_core.package_identification:_identify(src/packets/kontrol) by extensions ['ignore', 'ignore_ament_install']
[1.319s] Level 1:colcon.colcon_core.package_identification:_identify(src/packets/kontrol) by extension 'ignore'
[1.319s] Level 1:colcon.colcon_core.package_identification:_identify(src/packets/kontrol) by extension 'ignore_ament_install'
[1.319s] Level 1:colcon.colcon_core.package_identification:_identify(src/packets/kontrol) by extensions ['colcon_pkg']
[1.319s] Level 1:colcon.colcon_core.package_identification:_identify(src/packets/kontrol) by extension 'colcon_pkg'
[1.319s] Level 1:colcon.colcon_core.package_identification:_identify(src/packets/kontrol) by extensions ['colcon_meta']
[1.319s] Level 1:colcon.colcon_core.package_identification:_identify(src/packets/kontrol) by extension 'colcon_meta'
[1.319s] Level 1:colcon.colcon_core.package_identification:_identify(src/packets/kontrol) by extensions ['ros']
[1.319s] Level 1:colcon.colcon_core.package_identification:_identify(src/packets/kontrol) by extension 'ros'
[1.322s] DEBUG:colcon.colcon_core.package_identification:Package 'src/packets/kontrol' with type 'ros.ament_python' and name 'kontrol'
[1.322s] Level 1:colcon.colcon_core.package_identification:_identify(src/start_code) by extensions ['ignore', 'ignore_ament_install']
[1.322s] Level 1:colcon.colcon_core.package_identification:_identify(src/start_code) by extension 'ignore'
[1.322s] Level 1:colcon.colcon_core.package_identification:_identify(src/start_code) by extension 'ignore_ament_install'
[1.322s] Level 1:colcon.colcon_core.package_identification:_identify(src/start_code) by extensions ['colcon_pkg']
[1.322s] Level 1:colcon.colcon_core.package_identification:_identify(src/start_code) by extension 'colcon_pkg'
[1.322s] Level 1:colcon.colcon_core.package_identification:_identify(src/start_code) by extensions ['colcon_meta']
[1.322s] Level 1:colcon.colcon_core.package_identification:_identify(src/start_code) by extension 'colcon_meta'
[1.322s] Level 1:colcon.colcon_core.package_identification:_identify(src/start_code) by extensions ['ros']
[1.322s] Level 1:colcon.colcon_core.package_identification:_identify(src/start_code) by extension 'ros'
[1.322s] Level 1:colcon.colcon_core.package_identification:_identify(src/start_code) by extensions ['cmake', 'python']
[1.322s] Level 1:colcon.colcon_core.package_identification:_identify(src/start_code) by extension 'cmake'
[1.322s] Level 1:colcon.colcon_core.package_identification:_identify(src/start_code) by extension 'python'
[1.322s] Level 1:colcon.colcon_core.package_identification:_identify(src/start_code) by extensions ['python_setup_py']
[1.322s] Level 1:colcon.colcon_core.package_identification:_identify(src/start_code) by extension 'python_setup_py'
[1.323s] Level 1:colcon.colcon_core.package_identification:_identify(src/start_code/__pycache__) by extensions ['ignore', 'ignore_ament_install']
[1.323s] Level 1:colcon.colcon_core.package_identification:_identify(src/start_code/__pycache__) by extension 'ignore'
[1.323s] Level 1:colcon.colcon_core.package_identification:_identify(src/start_code/__pycache__) by extension 'ignore_ament_install'
[1.323s] Level 1:colcon.colcon_core.package_identification:_identify(src/start_code/__pycache__) by extensions ['colcon_pkg']
[1.323s] Level 1:colcon.colcon_core.package_identification:_identify(src/start_code/__pycache__) by extension 'colcon_pkg'
[1.323s] Level 1:colcon.colcon_core.package_identification:_identify(src/start_code/__pycache__) by extensions ['colcon_meta']
[1.323s] Level 1:colcon.colcon_core.package_identification:_identify(src/start_code/__pycache__) by extension 'colcon_meta'
[1.323s] Level 1:colcon.colcon_core.package_identification:_identify(src/start_code/__pycache__) by extensions ['ros']
[1.323s] Level 1:colcon.colcon_core.package_identification:_identify(src/start_code/__pycache__) by extension 'ros'
[1.323s] Level 1:colcon.colcon_core.package_identification:_identify(src/start_code/__pycache__) by extensions ['cmake', 'python']
[1.323s] Level 1:colcon.colcon_core.package_identification:_identify(src/start_code/__pycache__) by extension 'cmake'
[1.323s] Level 1:colcon.colcon_core.package_identification:_identify(src/start_code/__pycache__) by extension 'python'
[1.324s] Level 1:colcon.colcon_core.package_identification:_identify(src/start_code/__pycache__) by extensions ['python_setup_py']
[1.324s] Level 1:colcon.colcon_core.package_identification:_identify(src/start_code/__pycache__) by extension 'python_setup_py'
[1.324s] Level 1:colcon.colcon_core.package_identification:_identify(src/start_instructions_sh) by extensions ['ignore', 'ignore_ament_install']
[1.324s] Level 1:colcon.colcon_core.package_identification:_identify(src/start_instructions_sh) by extension 'ignore'
[1.324s] Level 1:colcon.colcon_core.package_identification:_identify(src/start_instructions_sh) by extension 'ignore_ament_install'
[1.324s] Level 1:colcon.colcon_core.package_identification:_identify(src/start_instructions_sh) by extensions ['colcon_pkg']
[1.324s] Level 1:colcon.colcon_core.package_identification:_identify(src/start_instructions_sh) by extension 'colcon_pkg'
[1.324s] Level 1:colcon.colcon_core.package_identification:_identify(src/start_instructions_sh) by extensions ['colcon_meta']
[1.324s] Level 1:colcon.colcon_core.package_identification:_identify(src/start_instructions_sh) by extension 'colcon_meta'
[1.324s] Level 1:colcon.colcon_core.package_identification:_identify(src/start_instructions_sh) by extensions ['ros']
[1.324s] Level 1:colcon.colcon_core.package_identification:_identify(src/start_instructions_sh) by extension 'ros'
[1.324s] Level 1:colcon.colcon_core.package_identification:_identify(src/start_instructions_sh) by extensions ['cmake', 'python']
[1.324s] Level 1:colcon.colcon_core.package_identification:_identify(src/start_instructions_sh) by extension 'cmake'
[1.324s] Level 1:colcon.colcon_core.package_identification:_identify(src/start_instructions_sh) by extension 'python'
[1.324s] Level 1:colcon.colcon_core.package_identification:_identify(src/start_instructions_sh) by extensions ['python_setup_py']
[1.324s] Level 1:colcon.colcon_core.package_identification:_identify(src/start_instructions_sh) by extension 'python_setup_py'
[1.324s] Level 1:colcon.colcon_core.package_identification:_identify(src/start_instructions_sh/build) by extensions ['ignore', 'ignore_ament_install']
[1.325s] Level 1:colcon.colcon_core.package_identification:_identify(src/start_instructions_sh/build) by extension 'ignore'
[1.325s] Level 1:colcon.colcon_core.package_identification:_identify(src/start_instructions_sh/build) ignored
[1.325s] Level 1:colcon.colcon_core.package_identification:_identify(src/start_instructions_sh/install) by extensions ['ignore', 'ignore_ament_install']
[1.325s] Level 1:colcon.colcon_core.package_identification:_identify(src/start_instructions_sh/install) by extension 'ignore'
[1.325s] Level 1:colcon.colcon_core.package_identification:_identify(src/start_instructions_sh/install) ignored
[1.325s] Level 1:colcon.colcon_core.package_identification:_identify(src/start_instructions_sh/log) by extensions ['ignore', 'ignore_ament_install']
[1.325s] Level 1:colcon.colcon_core.package_identification:_identify(src/start_instructions_sh/log) by extension 'ignore'
[1.325s] Level 1:colcon.colcon_core.package_identification:_identify(src/start_instructions_sh/log) ignored
[1.325s] Level 1:colcon.colcon_core.package_identification:_identify(src/ui_code) by extensions ['ignore', 'ignore_ament_install']
[1.325s] Level 1:colcon.colcon_core.package_identification:_identify(src/ui_code) by extension 'ignore'
[1.326s] Level 1:colcon.colcon_core.package_identification:_identify(src/ui_code) by extension 'ignore_ament_install'
[1.326s] Level 1:colcon.colcon_core.package_identification:_identify(src/ui_code) by extensions ['colcon_pkg']
[1.326s] Level 1:colcon.colcon_core.package_identification:_identify(src/ui_code) by extension 'colcon_pkg'
[1.326s] Level 1:colcon.colcon_core.package_identification:_identify(src/ui_code) by extensions ['colcon_meta']
[1.326s] Level 1:colcon.colcon_core.package_identification:_identify(src/ui_code) by extension 'colcon_meta'
[1.326s] Level 1:colcon.colcon_core.package_identification:_identify(src/ui_code) by extensions ['ros']
[1.326s] Level 1:colcon.colcon_core.package_identification:_identify(src/ui_code) by extension 'ros'
[1.326s] Level 1:colcon.colcon_core.package_identification:_identify(src/ui_code) by extensions ['cmake', 'python']
[1.326s] Level 1:colcon.colcon_core.package_identification:_identify(src/ui_code) by extension 'cmake'
[1.326s] Level 1:colcon.colcon_core.package_identification:_identify(src/ui_code) by extension 'python'
[1.326s] Level 1:colcon.colcon_core.package_identification:_identify(src/ui_code) by extensions ['python_setup_py']
[1.326s] Level 1:colcon.colcon_core.package_identification:_identify(src/ui_code) by extension 'python_setup_py'
[1.326s] Level 1:colcon.colcon_core.package_discovery:discover_packages(recursive) using defaults
[1.326s] Level 1:colcon.colcon_core.package_discovery:discover_packages(ignore) discover
[1.326s] Level 1:colcon.colcon_core.package_discovery:discover_packages(ignore) using defaults
[1.326s] Level 1:colcon.colcon_core.package_discovery:discover_packages(path) discover
[1.326s] Level 1:colcon.colcon_core.package_discovery:discover_packages(path) using defaults
[1.440s] Level 1:colcon.colcon_core.package_discovery:discover_packages(prefix_path) check parameters
[1.440s] Level 1:colcon.colcon_core.package_discovery:discover_packages(prefix_path) discover
[1.479s] DEBUG:colcon.colcon_installed_package_information.package_discovery:Found 288 installed packages in /opt/ros/iron
[1.480s] Level 1:colcon.colcon_core.package_discovery:discover_packages(prefix_path) using defaults
[1.564s] Level 5:colcon.colcon_core.verb:set package 'kontrol' build argument 'cmake_args' from command line to 'None'
[1.564s] Level 5:colcon.colcon_core.verb:set package 'kontrol' build argument 'cmake_target' from command line to 'None'
[1.564s] Level 5:colcon.colcon_core.verb:set package 'kontrol' build argument 'cmake_target_skip_unavailable' from command line to 'False'
[1.564s] Level 5:colcon.colcon_core.verb:set package 'kontrol' build argument 'cmake_clean_cache' from command line to 'False'
[1.564s] Level 5:colcon.colcon_core.verb:set package 'kontrol' build argument 'cmake_clean_first' from command line to 'False'
[1.564s] Level 5:colcon.colcon_core.verb:set package 'kontrol' build argument 'cmake_force_configure' from command line to 'False'
[1.564s] Level 5:colcon.colcon_core.verb:set package 'kontrol' build argument 'ament_cmake_args' from command line to 'None'
[1.564s] Level 5:colcon.colcon_core.verb:set package 'kontrol' build argument 'catkin_cmake_args' from command line to 'None'
[1.564s] Level 5:colcon.colcon_core.verb:set package 'kontrol' build argument 'catkin_skip_building_tests' from command line to 'False'
[1.564s] DEBUG:colcon.colcon_core.verb:Building package 'kontrol' with the following arguments: {'ament_cmake_args': None, 'build_base': '/home/metin/Downloads/drone_ws-main/build/kontrol', 'catkin_cmake_args': None, 'catkin_skip_building_tests': False, 'cmake_args': None, 'cmake_clean_cache': False, 'cmake_clean_first': False, 'cmake_force_configure': False, 'cmake_target': None, 'cmake_target_skip_unavailable': False, 'install_base': '/home/metin/Downloads/drone_ws-main/install/kontrol', 'merge_install': False, 'path': '/home/metin/Downloads/drone_ws-main/src/packets/kontrol', 'symlink_install': False, 'test_result_base': None}
[1.582s] INFO:colcon.colcon_core.executor:Executing jobs using 'parallel' executor
[1.600s] DEBUG:colcon.colcon_parallel_executor.executor.parallel:run_until_complete
[1.601s] INFO:colcon.colcon_ros.task.ament_python.build:Building ROS package in '/home/metin/Downloads/drone_ws-main/src/packets/kontrol' with build type 'ament_python'
[1.601s] Level 1:colcon.colcon_core.shell:create_environment_hook('kontrol', 'ament_prefix_path')
[1.625s] INFO:colcon.colcon_core.plugin_system:Skipping extension 'colcon_core.shell.bat': Not used on non-Windows systems
[1.625s] INFO:colcon.colcon_core.shell:Creating environment hook '/home/metin/Downloads/drone_ws-main/install/kontrol/share/kontrol/hook/ament_prefix_path.ps1'
[1.626s] INFO:colcon.colcon_core.shell:Creating environment descriptor '/home/metin/Downloads/drone_ws-main/install/kontrol/share/kontrol/hook/ament_prefix_path.dsv'
[1.627s] INFO:colcon.colcon_core.shell:Creating environment hook '/home/metin/Downloads/drone_ws-main/install/kontrol/share/kontrol/hook/ament_prefix_path.sh'
[1.646s] INFO:colcon.colcon_core.shell:Skip shell extension 'powershell' for command environment: Not usable outside of PowerShell
[1.647s] DEBUG:colcon.colcon_core.shell:Skip shell extension 'dsv' for command environment
[1.984s] INFO:colcon.colcon_core.task.python.build:Building Python package in '/home/metin/Downloads/drone_ws-main/src/packets/kontrol'
[2.004s] INFO:colcon.colcon_core.shell:Skip shell extension 'powershell' for command environment: Not usable outside of PowerShell
[2.004s] DEBUG:colcon.colcon_core.shell:Skip shell extension 'dsv' for command environment
[2.715s] DEBUG:colcon.colcon_core.event_handler.log_command:Invoking command in '/home/metin/Downloads/drone_ws-main/src/packets/kontrol': PYTHONPATH=/home/metin/Downloads/drone_ws-main/build/kontrol/prefix_override:/home/metin/Downloads/drone_ws-main/install/kontrol/lib/python3.10/site-packages:${PYTHONPATH} /usr/bin/python3 setup.py egg_info --egg-base ../../../build/kontrol build --build-base /home/metin/Downloads/drone_ws-main/build/kontrol/build install --record /home/metin/Downloads/drone_ws-main/build/kontrol/install.log --single-version-externally-managed
[3.355s] DEBUG:colcon.colcon_core.event_handler.log_command:Invoked command in '/home/metin/Downloads/drone_ws-main/src/packets/kontrol' returned '0': PYTHONPATH=/home/metin/Downloads/drone_ws-main/build/kontrol/prefix_override:/home/metin/Downloads/drone_ws-main/install/kontrol/lib/python3.10/site-packages:${PYTHONPATH} /usr/bin/python3 setup.py egg_info --egg-base ../../../build/kontrol build --build-base /home/metin/Downloads/drone_ws-main/build/kontrol/build install --record /home/metin/Downloads/drone_ws-main/build/kontrol/install.log --single-version-externally-managed
[3.375s] Level 1:colcon.colcon_core.environment:checking '/home/metin/Downloads/drone_ws-main/install/kontrol' for CMake module files
[3.375s] Level 1:colcon.colcon_core.environment:checking '/home/metin/Downloads/drone_ws-main/install/kontrol' for CMake config files
[3.376s] Level 1:colcon.colcon_core.environment:checking '/home/metin/Downloads/drone_ws-main/install/kontrol/lib'
[3.376s] Level 1:colcon.colcon_core.environment:checking '/home/metin/Downloads/drone_ws-main/install/kontrol/bin'
[3.376s] Level 1:colcon.colcon_core.environment:checking '/home/metin/Downloads/drone_ws-main/install/kontrol/lib/pkgconfig/kontrol.pc'
[3.377s] Level 1:colcon.colcon_core.environment:checking '/home/metin/Downloads/drone_ws-main/install/kontrol/lib/python3.10/site-packages'
[3.377s] Level 1:colcon.colcon_core.shell:create_environment_hook('kontrol', 'pythonpath')
[3.395s] INFO:colcon.colcon_core.shell:Creating environment hook '/home/metin/Downloads/drone_ws-main/install/kontrol/share/kontrol/hook/pythonpath.ps1'
[3.395s] INFO:colcon.colcon_core.shell:Creating environment descriptor '/home/metin/Downloads/drone_ws-main/install/kontrol/share/kontrol/hook/pythonpath.dsv'
[3.396s] INFO:colcon.colcon_core.shell:Creating environment hook '/home/metin/Downloads/drone_ws-main/install/kontrol/share/kontrol/hook/pythonpath.sh'
[3.397s] Level 1:colcon.colcon_core.environment:checking '/home/metin/Downloads/drone_ws-main/install/kontrol/bin'
[3.397s] Level 1:colcon.colcon_core.environment:create_environment_scripts_only(kontrol)
[3.419s] INFO:colcon.colcon_core.shell:Creating package script '/home/metin/Downloads/drone_ws-main/install/kontrol/share/kontrol/package.ps1'
[3.420s] INFO:colcon.colcon_core.shell:Creating package descriptor '/home/metin/Downloads/drone_ws-main/install/kontrol/share/kontrol/package.dsv'
[3.421s] INFO:colcon.colcon_core.shell:Creating package script '/home/metin/Downloads/drone_ws-main/install/kontrol/share/kontrol/package.sh'
[3.421s] INFO:colcon.colcon_core.shell:Creating package script '/home/metin/Downloads/drone_ws-main/install/kontrol/share/kontrol/package.bash'
[3.422s] INFO:colcon.colcon_core.shell:Creating package script '/home/metin/Downloads/drone_ws-main/install/kontrol/share/kontrol/package.zsh'
[3.424s] Level 1:colcon.colcon_core.environment:create_file_with_runtime_dependencies(/home/metin/Downloads/drone_ws-main/install/kontrol/share/colcon-core/packages/kontrol)
[3.424s] DEBUG:colcon.colcon_parallel_executor.executor.parallel:closing loop
[3.425s] DEBUG:colcon.colcon_parallel_executor.executor.parallel:loop closed
[3.425s] DEBUG:colcon.colcon_parallel_executor.executor.parallel:run_until_complete finished with '0'
[3.425s] DEBUG:colcon.colcon_core.event_reactor:joining thread
[3.462s] INFO:colcon.colcon_core.plugin_system:Skipping extension 'colcon_notification.desktop_notification.terminal_notifier': Not used on non-Darwin systems
[3.462s] INFO:colcon.colcon_core.plugin_system:Skipping extension 'colcon_notification.desktop_notification.win32': Not used on non-Windows systems
[3.462s] INFO:colcon.colcon_notification.desktop_notification:Sending desktop notification using 'notify2'
[3.475s] DEBUG:colcon.colcon_core.event_reactor:joined thread
[3.498s] INFO:colcon.colcon_core.shell:Creating prefix script '/home/metin/Downloads/drone_ws-main/install/local_setup.ps1'
[3.499s] INFO:colcon.colcon_core.shell:Creating prefix util module '/home/metin/Downloads/drone_ws-main/install/_local_setup_util_ps1.py'
[3.501s] INFO:colcon.colcon_core.shell:Creating prefix chain script '/home/metin/Downloads/drone_ws-main/install/setup.ps1'
[3.521s] INFO:colcon.colcon_core.shell:Creating prefix script '/home/metin/Downloads/drone_ws-main/install/local_setup.sh'
[3.522s] INFO:colcon.colcon_core.shell:Creating prefix util module '/home/metin/Downloads/drone_ws-main/install/_local_setup_util_sh.py'
[3.523s] INFO:colcon.colcon_core.shell:Creating prefix chain script '/home/metin/Downloads/drone_ws-main/install/setup.sh'
[3.544s] INFO:colcon.colcon_core.shell:Creating prefix script '/home/metin/Downloads/drone_ws-main/install/local_setup.bash'
[3.546s] INFO:colcon.colcon_core.shell:Creating prefix chain script '/home/metin/Downloads/drone_ws-main/install/setup.bash'
[3.569s] INFO:colcon.colcon_core.shell:Creating prefix script '/home/metin/Downloads/drone_ws-main/install/local_setup.zsh'
[3.570s] INFO:colcon.colcon_core.shell:Creating prefix chain script '/home/metin/Downloads/drone_ws-main/install/setup.zsh'
