[0.758s] Invoking command in '/home/sema/Desktop/drone_ws/src/kontrol': PYTHONPATH=/home/sema/Desktop/drone_ws/build/kontrol/prefix_override:/home/sema/Desktop/drone_ws/install/kontrol/lib/python3.10/site-packages:${PYTHONPATH} /usr/bin/python3 setup.py egg_info --egg-base ../../build/kontrol build --build-base /home/sema/Desktop/drone_ws/build/kontrol/build install --record /home/sema/Desktop/drone_ws/build/kontrol/install.log --single-version-externally-managed
[1.002s] running egg_info
[1.003s] writing ../../build/kontrol/kontrol.egg-info/PKG-INFO
[1.003s] writing dependency_links to ../../build/kontrol/kontrol.egg-info/dependency_links.txt
[1.003s] writing entry points to ../../build/kontrol/kontrol.egg-info/entry_points.txt
[1.004s] writing requirements to ../../build/kontrol/kontrol.egg-info/requires.txt
[1.004s] writing top-level names to ../../build/kontrol/kontrol.egg-info/top_level.txt
[1.005s] reading manifest file '../../build/kontrol/kontrol.egg-info/SOURCES.txt'
[1.023s] adding license file 'LICENSE'
[1.026s] writing manifest file '../../build/kontrol/kontrol.egg-info/SOURCES.txt'
[1.026s] running build
[1.027s] running build_py
[1.027s] running install
[1.028s] /usr/lib/python3/dist-packages/setuptools/command/install.py:34: SetuptoolsDeprecationWarning: setup.py install is deprecated. Use build and pip and other standards-based tools.
[1.028s]   warnings.warn(
[1.029s] running install_lib
[1.033s] running install_data
[1.034s] running install_egg_info
[1.037s] removing '/home/sema/Desktop/drone_ws/install/kontrol/lib/python3.10/site-packages/kontrol-0.0.0-py3.10.egg-info' (and everything under it)
[1.038s] Copying ../../build/kontrol/kontrol.egg-info to /home/sema/Desktop/drone_ws/install/kontrol/lib/python3.10/site-packages/kontrol-0.0.0-py3.10.egg-info
[1.039s] running install_scripts
[1.066s] Installing alici script to /home/sema/Desktop/drone_ws/install/kontrol/lib/kontrol
[1.066s] Installing kumanda script to /home/sema/Desktop/drone_ws/install/kontrol/lib/kontrol
[1.066s] writing list of installed files to '/home/sema/Desktop/drone_ws/build/kontrol/install.log'
[1.088s] Invoked command in '/home/sema/Desktop/drone_ws/src/kontrol' returned '0': PYTHONPATH=/home/sema/Desktop/drone_ws/build/kontrol/prefix_override:/home/sema/Desktop/drone_ws/install/kontrol/lib/python3.10/site-packages:${PYTHONPATH} /usr/bin/python3 setup.py egg_info --egg-base ../../build/kontrol build --build-base /home/sema/Desktop/drone_ws/build/kontrol/build install --record /home/sema/Desktop/drone_ws/build/kontrol/install.log --single-version-externally-managed
