[0.814s] Invoking command in '/home/sema/Desktop/drone_ws/src/kontrol': PYTHONPATH=/home/sema/Desktop/drone_ws/build/kontrol/prefix_override:/home/sema/Desktop/drone_ws/install/kontrol/lib/python3.10/site-packages:${PYTHONPATH} /usr/bin/python3 setup.py egg_info --egg-base ../../build/kontrol build --build-base /home/sema/Desktop/drone_ws/build/kontrol/build install --record /home/sema/Desktop/drone_ws/build/kontrol/install.log --single-version-externally-managed
[1.075s] running egg_info
[1.076s] writing ../../build/kontrol/kontrol.egg-info/PKG-INFO
[1.076s] writing dependency_links to ../../build/kontrol/kontrol.egg-info/dependency_links.txt
[1.076s] writing entry points to ../../build/kontrol/kontrol.egg-info/entry_points.txt
[1.076s] writing requirements to ../../build/kontrol/kontrol.egg-info/requires.txt
[1.077s] writing top-level names to ../../build/kontrol/kontrol.egg-info/top_level.txt
[1.078s] reading manifest file '../../build/kontrol/kontrol.egg-info/SOURCES.txt'
[1.078s] adding license file 'LICENSE'
[1.079s] writing manifest file '../../build/kontrol/kontrol.egg-info/SOURCES.txt'
[1.079s] running build
[1.079s] running build_py
[1.079s] copying kontrol/ui.py -> /home/sema/Desktop/drone_ws/build/kontrol/build/lib/kontrol
[1.079s] copying kontrol/alici.py -> /home/sema/Desktop/drone_ws/build/kontrol/build/lib/kontrol
[1.079s] running install
[1.079s] /usr/lib/python3/dist-packages/setuptools/command/install.py:34: SetuptoolsDeprecationWarning: setup.py install is deprecated. Use build and pip and other standards-based tools.
[1.080s]   warnings.warn(
[1.080s] running install_lib
[1.081s] copying /home/sema/Desktop/drone_ws/build/kontrol/build/lib/kontrol/ui.py -> /home/sema/Desktop/drone_ws/install/kontrol/lib/python3.10/site-packages/kontrol
[1.081s] copying /home/sema/Desktop/drone_ws/build/kontrol/build/lib/kontrol/alici.py -> /home/sema/Desktop/drone_ws/install/kontrol/lib/python3.10/site-packages/kontrol
[1.083s] byte-compiling /home/sema/Desktop/drone_ws/install/kontrol/lib/python3.10/site-packages/kontrol/ui.py to ui.cpython-310.pyc
[1.084s] byte-compiling /home/sema/Desktop/drone_ws/install/kontrol/lib/python3.10/site-packages/kontrol/alici.py to alici.cpython-310.pyc
[1.085s] running install_data
[1.085s] running install_egg_info
[1.087s] removing '/home/sema/Desktop/drone_ws/install/kontrol/lib/python3.10/site-packages/kontrol-0.0.0-py3.10.egg-info' (and everything under it)
[1.088s] Copying ../../build/kontrol/kontrol.egg-info to /home/sema/Desktop/drone_ws/install/kontrol/lib/python3.10/site-packages/kontrol-0.0.0-py3.10.egg-info
[1.089s] running install_scripts
[1.119s] Installing alici script to /home/sema/Desktop/drone_ws/install/kontrol/lib/kontrol
[1.119s] Installing kumanda script to /home/sema/Desktop/drone_ws/install/kontrol/lib/kontrol
[1.120s] writing list of installed files to '/home/sema/Desktop/drone_ws/build/kontrol/install.log'
[1.159s] Invoked command in '/home/sema/Desktop/drone_ws/src/kontrol' returned '0': PYTHONPATH=/home/sema/Desktop/drone_ws/build/kontrol/prefix_override:/home/sema/Desktop/drone_ws/install/kontrol/lib/python3.10/site-packages:${PYTHONPATH} /usr/bin/python3 setup.py egg_info --egg-base ../../build/kontrol build --build-base /home/sema/Desktop/drone_ws/build/kontrol/build install --record /home/sema/Desktop/drone_ws/build/kontrol/install.log --single-version-externally-managed
