[4.268s] Invoking command in '/home/sema/Desktop/drone_ws/src/kontrol': PYTHONPATH=/home/sema/Desktop/drone_ws/build/kontrol/prefix_override:/home/sema/Desktop/drone_ws/install/kontrol/lib/python3.10/site-packages:${PYTHONPATH} /usr/bin/python3 setup.py egg_info --egg-base ../../build/kontrol build --build-base /home/sema/Desktop/drone_ws/build/kontrol/build install --record /home/sema/Desktop/drone_ws/build/kontrol/install.log --single-version-externally-managed
[5.207s] running egg_info
[5.268s] writing ../../build/kontrol/kontrol.egg-info/PKG-INFO
[5.270s] writing dependency_links to ../../build/kontrol/kontrol.egg-info/dependency_links.txt
[5.271s] writing entry points to ../../build/kontrol/kontrol.egg-info/entry_points.txt
[5.273s] writing requirements to ../../build/kontrol/kontrol.egg-info/requires.txt
[5.274s] writing top-level names to ../../build/kontrol/kontrol.egg-info/top_level.txt
[5.402s] reading manifest file '../../build/kontrol/kontrol.egg-info/SOURCES.txt'
[5.404s] adding license file 'LICENSE'
[5.407s] writing manifest file '../../build/kontrol/kontrol.egg-info/SOURCES.txt'
[5.407s] running build
[5.408s] running build_py
[5.408s] copying kontrol/__init__.py -> /home/sema/Desktop/drone_ws/build/kontrol/build/lib/kontrol
[5.408s] copying kontrol/start.py -> /home/sema/Desktop/drone_ws/build/kontrol/build/lib/kontrol
[5.409s] copying kontrol/arayüz.py -> /home/sema/Desktop/drone_ws/build/kontrol/build/lib/kontrol
[5.409s] copying kontrol/kumanda.py -> /home/sema/Desktop/drone_ws/build/kontrol/build/lib/kontrol
[5.409s] copying kontrol/alici.py -> /home/sema/Desktop/drone_ws/build/kontrol/build/lib/kontrol
[5.409s] copying kontrol/main.py -> /home/sema/Desktop/drone_ws/build/kontrol/build/lib/kontrol
[5.410s] copying kontrol/takeoff.py -> /home/sema/Desktop/drone_ws/build/kontrol/build/lib/kontrol
[5.412s] running install
[5.416s] /home/sema/.local/lib/python3.10/site-packages/setuptools/_distutils/cmd.py:66: SetuptoolsDeprecationWarning: setup.py install is deprecated.
[5.417s] !!
[5.418s] 
[5.418s]         ********************************************************************************
[5.418s]         Please avoid running ``setup.py`` directly.
[5.419s]         Instead, use pypa/build, pypa/installer or other
[5.419s]         standards-based tools.
[5.419s] 
[5.419s]         See https://blog.ganssle.io/articles/2021/10/setup-py-deprecated.html for details.
[5.419s]         ********************************************************************************
[5.420s] 
[5.420s] !!
[5.420s]   self.initialize_options()
[5.437s] running install_lib
[5.502s] copying /home/sema/Desktop/drone_ws/build/kontrol/build/lib/kontrol/alici.py -> /home/sema/Desktop/drone_ws/install/kontrol/lib/python3.10/site-packages/kontrol
[5.505s] byte-compiling /home/sema/Desktop/drone_ws/install/kontrol/lib/python3.10/site-packages/kontrol/alici.py to alici.cpython-310.pyc
[5.512s] running install_data
[5.573s] copying resource/kontrol -> /home/sema/Desktop/drone_ws/install/kontrol/share/ament_index/resource_index/packages
[5.573s] copying package.xml -> /home/sema/Desktop/drone_ws/install/kontrol/share/kontrol
[5.574s] running install_egg_info
[5.641s] removing '/home/sema/Desktop/drone_ws/install/kontrol/lib/python3.10/site-packages/kontrol-0.0.0-py3.10.egg-info' (and everything under it)
[5.643s] Copying ../../build/kontrol/kontrol.egg-info to /home/sema/Desktop/drone_ws/install/kontrol/lib/python3.10/site-packages/kontrol-0.0.0-py3.10.egg-info
[5.646s] running install_scripts
[6.356s] Installing alici script to /home/sema/Desktop/drone_ws/install/kontrol/lib/kontrol
[6.357s] Installing kumanda script to /home/sema/Desktop/drone_ws/install/kontrol/lib/kontrol
[6.357s] Installing takeoff script to /home/sema/Desktop/drone_ws/install/kontrol/lib/kontrol
[6.359s] writing list of installed files to '/home/sema/Desktop/drone_ws/build/kontrol/install.log'
[6.553s] Invoked command in '/home/sema/Desktop/drone_ws/src/kontrol' returned '0': PYTHONPATH=/home/sema/Desktop/drone_ws/build/kontrol/prefix_override:/home/sema/Desktop/drone_ws/install/kontrol/lib/python3.10/site-packages:${PYTHONPATH} /usr/bin/python3 setup.py egg_info --egg-base ../../build/kontrol build --build-base /home/sema/Desktop/drone_ws/build/kontrol/build install --record /home/sema/Desktop/drone_ws/build/kontrol/install.log --single-version-externally-managed
