[1.216s] Invoking command in '/home/sema/Desktop/drone_ws/src/kontrol': PYTHONPATH=/home/sema/Desktop/drone_ws/build/kontrol/prefix_override:/home/sema/Desktop/drone_ws/install/kontrol/lib/python3.10/site-packages:${PYTHONPATH} /usr/bin/python3 setup.py egg_info --egg-base ../../build/kontrol build --build-base /home/sema/Desktop/drone_ws/build/kontrol/build install --record /home/sema/Desktop/drone_ws/build/kontrol/install.log --single-version-externally-managed
[1.423s] running egg_info
[1.425s] writing ../../build/kontrol/kontrol.egg-info/PKG-INFO
[1.425s] writing dependency_links to ../../build/kontrol/kontrol.egg-info/dependency_links.txt
[1.425s] writing entry points to ../../build/kontrol/kontrol.egg-info/entry_points.txt
[1.425s] writing requirements to ../../build/kontrol/kontrol.egg-info/requires.txt
[1.425s] writing top-level names to ../../build/kontrol/kontrol.egg-info/top_level.txt
[1.427s] reading manifest file '../../build/kontrol/kontrol.egg-info/SOURCES.txt'
[1.478s] adding license file 'LICENSE'
[1.478s] writing manifest file '../../build/kontrol/kontrol.egg-info/SOURCES.txt'
[1.478s] running build
[1.478s] running build_py
[1.478s] copying kontrol/alici.py -> /home/sema/Desktop/drone_ws/build/kontrol/build/lib/kontrol
[1.479s] running install
[1.536s] /usr/lib/python3/dist-packages/setuptools/command/install.py:34: SetuptoolsDeprecationWarning: setup.py install is deprecated. Use build and pip and other standards-based tools.
[1.536s]   warnings.warn(
[1.536s] running install_lib
[1.537s] copying /home/sema/Desktop/drone_ws/build/kontrol/build/lib/kontrol/alici.py -> /home/sema/Desktop/drone_ws/install/kontrol/lib/python3.10/site-packages/kontrol
[1.538s] byte-compiling /home/sema/Desktop/drone_ws/install/kontrol/lib/python3.10/site-packages/kontrol/alici.py to alici.cpython-310.pyc
[1.539s] running install_data
[1.539s] running install_egg_info
[1.541s] removing '/home/sema/Desktop/drone_ws/install/kontrol/lib/python3.10/site-packages/kontrol-0.0.0-py3.10.egg-info' (and everything under it)
[1.541s] Copying ../../build/kontrol/kontrol.egg-info to /home/sema/Desktop/drone_ws/install/kontrol/lib/python3.10/site-packages/kontrol-0.0.0-py3.10.egg-info
[1.541s] running install_scripts
[1.562s] Installing alici script to /home/sema/Desktop/drone_ws/install/kontrol/lib/kontrol
[1.562s] Installing kumanda script to /home/sema/Desktop/drone_ws/install/kontrol/lib/kontrol
[1.563s] writing list of installed files to '/home/sema/Desktop/drone_ws/build/kontrol/install.log'
[1.579s] Invoked command in '/home/sema/Desktop/drone_ws/src/kontrol' returned '0': PYTHONPATH=/home/sema/Desktop/drone_ws/build/kontrol/prefix_override:/home/sema/Desktop/drone_ws/install/kontrol/lib/python3.10/site-packages:${PYTHONPATH} /usr/bin/python3 setup.py egg_info --egg-base ../../build/kontrol build --build-base /home/sema/Desktop/drone_ws/build/kontrol/build install --record /home/sema/Desktop/drone_ws/build/kontrol/install.log --single-version-externally-managed
