[0.665s] Invoking command in '/home/sema/Desktop/drone_ws/src/kontrol': PYTHONPATH=/home/sema/Desktop/drone_ws/build/kontrol/prefix_override:/home/sema/Desktop/drone_ws/install/kontrol/lib/python3.10/site-packages:${PYTHONPATH} /usr/bin/python3 setup.py egg_info --egg-base ../../build/kontrol build --build-base /home/sema/Desktop/drone_ws/build/kontrol/build install --record /home/sema/Desktop/drone_ws/build/kontrol/install.log --single-version-externally-managed
[0.879s] running egg_info
[0.880s] writing ../../build/kontrol/kontrol.egg-info/PKG-INFO
[0.880s] writing dependency_links to ../../build/kontrol/kontrol.egg-info/dependency_links.txt
[0.880s] writing entry points to ../../build/kontrol/kontrol.egg-info/entry_points.txt
[0.880s] writing requirements to ../../build/kontrol/kontrol.egg-info/requires.txt
[0.881s] writing top-level names to ../../build/kontrol/kontrol.egg-info/top_level.txt
[0.882s] reading manifest file '../../build/kontrol/kontrol.egg-info/SOURCES.txt'
[0.883s] adding license file 'LICENSE'
[0.883s] writing manifest file '../../build/kontrol/kontrol.egg-info/SOURCES.txt'
[0.883s] running build
[0.883s] running build_py
[0.883s] copying kontrol/alici.py -> /home/sema/Desktop/drone_ws/build/kontrol/build/lib/kontrol
[0.884s] running install
[0.884s] /usr/lib/python3/dist-packages/setuptools/command/install.py:34: SetuptoolsDeprecationWarning: setup.py install is deprecated. Use build and pip and other standards-based tools.
[0.884s]   warnings.warn(
[0.884s] running install_lib
[0.885s] copying /home/sema/Desktop/drone_ws/build/kontrol/build/lib/kontrol/alici.py -> /home/sema/Desktop/drone_ws/install/kontrol/lib/python3.10/site-packages/kontrol
[0.886s] byte-compiling /home/sema/Desktop/drone_ws/install/kontrol/lib/python3.10/site-packages/kontrol/alici.py to alici.cpython-310.pyc
[0.886s] running install_data
[0.887s] running install_egg_info
[0.888s] removing '/home/sema/Desktop/drone_ws/install/kontrol/lib/python3.10/site-packages/kontrol-0.0.0-py3.10.egg-info' (and everything under it)
[0.888s] Copying ../../build/kontrol/kontrol.egg-info to /home/sema/Desktop/drone_ws/install/kontrol/lib/python3.10/site-packages/kontrol-0.0.0-py3.10.egg-info
[0.889s] running install_scripts
[0.906s] Installing alici script to /home/sema/Desktop/drone_ws/install/kontrol/lib/kontrol
[0.906s] Installing kumanda script to /home/sema/Desktop/drone_ws/install/kontrol/lib/kontrol
[0.906s] writing list of installed files to '/home/sema/Desktop/drone_ws/build/kontrol/install.log'
[0.939s] Invoked command in '/home/sema/Desktop/drone_ws/src/kontrol' returned '0': PYTHONPATH=/home/sema/Desktop/drone_ws/build/kontrol/prefix_override:/home/sema/Desktop/drone_ws/install/kontrol/lib/python3.10/site-packages:${PYTHONPATH} /usr/bin/python3 setup.py egg_info --egg-base ../../build/kontrol build --build-base /home/sema/Desktop/drone_ws/build/kontrol/build install --record /home/sema/Desktop/drone_ws/build/kontrol/install.log --single-version-externally-managed
