[0.766s] Invoking command in '/home/sema/Desktop/drone_ws/src/kontrol': PYTHONPATH=/home/sema/Desktop/drone_ws/build/kontrol/prefix_override:/home/sema/Desktop/drone_ws/install/kontrol/lib/python3.10/site-packages:${PYTHONPATH} /usr/bin/python3 setup.py egg_info --egg-base ../../build/kontrol build --build-base /home/sema/Desktop/drone_ws/build/kontrol/build install --record /home/sema/Desktop/drone_ws/build/kontrol/install.log --single-version-externally-managed
[0.953s] running egg_info
[0.967s] writing ../../build/kontrol/kontrol.egg-info/PKG-INFO
[0.968s] writing dependency_links to ../../build/kontrol/kontrol.egg-info/dependency_links.txt
[0.968s] writing entry points to ../../build/kontrol/kontrol.egg-info/entry_points.txt
[0.968s] writing requirements to ../../build/kontrol/kontrol.egg-info/requires.txt
[0.968s] writing top-level names to ../../build/kontrol/kontrol.egg-info/top_level.txt
[0.995s] reading manifest file '../../build/kontrol/kontrol.egg-info/SOURCES.txt'
[0.996s] adding license file 'LICENSE'
[0.996s] writing manifest file '../../build/kontrol/kontrol.egg-info/SOURCES.txt'
[0.996s] running build
[0.996s] running build_py
[0.996s] copying kontrol/__init__.py -> /home/sema/Desktop/drone_ws/build/kontrol/build/lib/kontrol
[0.996s] copying kontrol/ui.py -> /home/sema/Desktop/drone_ws/build/kontrol/build/lib/kontrol
[0.997s] copying kontrol/kumanda.py -> /home/sema/Desktop/drone_ws/build/kontrol/build/lib/kontrol
[0.997s] copying kontrol/alici.py -> /home/sema/Desktop/drone_ws/build/kontrol/build/lib/kontrol
[0.997s] running install
[0.997s] /home/sema/.local/lib/python3.10/site-packages/setuptools/_distutils/cmd.py:66: SetuptoolsDeprecationWarning: setup.py install is deprecated.
[0.997s] !!
[0.997s] 
[0.998s]         ********************************************************************************
[0.998s]         Please avoid running ``setup.py`` directly.
[0.998s]         Instead, use pypa/build, pypa/installer or other
[0.998s]         standards-based tools.
[0.998s] 
[0.998s]         See https://blog.ganssle.io/articles/2021/10/setup-py-deprecated.html for details.
[0.998s]         ********************************************************************************
[0.998s] 
[0.998s] !!
[0.998s]   self.initialize_options()
[1.003s] running install_lib
[1.018s] copying /home/sema/Desktop/drone_ws/build/kontrol/build/lib/kontrol/ui.py -> /home/sema/Desktop/drone_ws/install/kontrol/lib/python3.10/site-packages/kontrol
[1.019s] byte-compiling /home/sema/Desktop/drone_ws/install/kontrol/lib/python3.10/site-packages/kontrol/ui.py to ui.cpython-310.pyc
[1.019s] running install_data
[1.035s] copying resource/kontrol -> /home/sema/Desktop/drone_ws/install/kontrol/share/ament_index/resource_index/packages
[1.035s] copying package.xml -> /home/sema/Desktop/drone_ws/install/kontrol/share/kontrol
[1.035s] running install_egg_info
[1.051s] removing '/home/sema/Desktop/drone_ws/install/kontrol/lib/python3.10/site-packages/kontrol-0.0.0-py3.10.egg-info' (and everything under it)
[1.051s] Copying ../../build/kontrol/kontrol.egg-info to /home/sema/Desktop/drone_ws/install/kontrol/lib/python3.10/site-packages/kontrol-0.0.0-py3.10.egg-info
[1.051s] running install_scripts
[1.180s] Installing alici script to /home/sema/Desktop/drone_ws/install/kontrol/lib/kontrol
[1.180s] Installing kumanda script to /home/sema/Desktop/drone_ws/install/kontrol/lib/kontrol
[1.181s] writing list of installed files to '/home/sema/Desktop/drone_ws/build/kontrol/install.log'
[1.198s] Invoked command in '/home/sema/Desktop/drone_ws/src/kontrol' returned '0': PYTHONPATH=/home/sema/Desktop/drone_ws/build/kontrol/prefix_override:/home/sema/Desktop/drone_ws/install/kontrol/lib/python3.10/site-packages:${PYTHONPATH} /usr/bin/python3 setup.py egg_info --egg-base ../../build/kontrol build --build-base /home/sema/Desktop/drone_ws/build/kontrol/build install --record /home/sema/Desktop/drone_ws/build/kontrol/install.log --single-version-externally-managed
