[0.854s] Invoking command in '/home/sema/Desktop/drone_ws/src/packets/kontrol': PYTHONPATH=/home/sema/Desktop/drone_ws/build/kontrol/prefix_override:/home/sema/Desktop/drone_ws/install/kontrol/lib/python3.10/site-packages:${PYTHONPATH} /usr/bin/python3 setup.py egg_info --egg-base ../../../build/kontrol build --build-base /home/sema/Desktop/drone_ws/build/kontrol/build install --record /home/sema/Desktop/drone_ws/build/kontrol/install.log --single-version-externally-managed
[1.061s] running egg_info
[1.076s] writing ../../../build/kontrol/kontrol.egg-info/PKG-INFO
[1.076s] writing dependency_links to ../../../build/kontrol/kontrol.egg-info/dependency_links.txt
[1.076s] writing entry points to ../../../build/kontrol/kontrol.egg-info/entry_points.txt
[1.076s] writing requirements to ../../../build/kontrol/kontrol.egg-info/requires.txt
[1.076s] writing top-level names to ../../../build/kontrol/kontrol.egg-info/top_level.txt
[1.105s] reading manifest file '../../../build/kontrol/kontrol.egg-info/SOURCES.txt'
[1.105s] adding license file 'LICENSE'
[1.106s] writing manifest file '../../../build/kontrol/kontrol.egg-info/SOURCES.txt'
[1.106s] running build
[1.106s] running build_py
[1.106s] copying kontrol/__init__.py -> /home/sema/Desktop/drone_ws/build/kontrol/build/lib/kontrol
[1.106s] copying kontrol/start.py -> /home/sema/Desktop/drone_ws/build/kontrol/build/lib/kontrol
[1.106s] copying kontrol/arayüz.py -> /home/sema/Desktop/drone_ws/build/kontrol/build/lib/kontrol
[1.106s] copying kontrol/kumanda.py -> /home/sema/Desktop/drone_ws/build/kontrol/build/lib/kontrol
[1.107s] copying kontrol/alici.py -> /home/sema/Desktop/drone_ws/build/kontrol/build/lib/kontrol
[1.107s] copying kontrol/main.py -> /home/sema/Desktop/drone_ws/build/kontrol/build/lib/kontrol
[1.107s] copying kontrol/takeoff.py -> /home/sema/Desktop/drone_ws/build/kontrol/build/lib/kontrol
[1.107s] running install
[1.107s] /home/sema/.local/lib/python3.10/site-packages/setuptools/_distutils/cmd.py:66: SetuptoolsDeprecationWarning: setup.py install is deprecated.
[1.107s] !!
[1.107s] 
[1.108s]         ********************************************************************************
[1.108s]         Please avoid running ``setup.py`` directly.
[1.108s]         Instead, use pypa/build, pypa/installer or other
[1.108s]         standards-based tools.
[1.108s] 
[1.108s]         See https://blog.ganssle.io/articles/2021/10/setup-py-deprecated.html for details.
[1.108s]         ********************************************************************************
[1.108s] 
[1.108s] !!
[1.108s]   self.initialize_options()
[1.114s] running install_lib
[1.133s] copying /home/sema/Desktop/drone_ws/build/kontrol/build/lib/kontrol/kumanda.py -> /home/sema/Desktop/drone_ws/install/kontrol/lib/python3.10/site-packages/kontrol
[1.133s] copying /home/sema/Desktop/drone_ws/build/kontrol/build/lib/kontrol/alici.py -> /home/sema/Desktop/drone_ws/install/kontrol/lib/python3.10/site-packages/kontrol
[1.133s] byte-compiling /home/sema/Desktop/drone_ws/install/kontrol/lib/python3.10/site-packages/kontrol/kumanda.py to kumanda.cpython-310.pyc
[1.135s] byte-compiling /home/sema/Desktop/drone_ws/install/kontrol/lib/python3.10/site-packages/kontrol/alici.py to alici.cpython-310.pyc
[1.138s] running install_data
[1.154s] copying resource/kontrol -> /home/sema/Desktop/drone_ws/install/kontrol/share/ament_index/resource_index/packages
[1.154s] copying package.xml -> /home/sema/Desktop/drone_ws/install/kontrol/share/kontrol
[1.154s] running install_egg_info
[1.170s] removing '/home/sema/Desktop/drone_ws/install/kontrol/lib/python3.10/site-packages/kontrol-0.0.0-py3.10.egg-info' (and everything under it)
[1.170s] Copying ../../../build/kontrol/kontrol.egg-info to /home/sema/Desktop/drone_ws/install/kontrol/lib/python3.10/site-packages/kontrol-0.0.0-py3.10.egg-info
[1.171s] running install_scripts
[1.310s] Installing alici script to /home/sema/Desktop/drone_ws/install/kontrol/lib/kontrol
[1.310s] Installing kumanda script to /home/sema/Desktop/drone_ws/install/kontrol/lib/kontrol
[1.310s] Installing takeoff script to /home/sema/Desktop/drone_ws/install/kontrol/lib/kontrol
[1.310s] writing list of installed files to '/home/sema/Desktop/drone_ws/build/kontrol/install.log'
[1.339s] Invoked command in '/home/sema/Desktop/drone_ws/src/packets/kontrol' returned '0': PYTHONPATH=/home/sema/Desktop/drone_ws/build/kontrol/prefix_override:/home/sema/Desktop/drone_ws/install/kontrol/lib/python3.10/site-packages:${PYTHONPATH} /usr/bin/python3 setup.py egg_info --egg-base ../../../build/kontrol build --build-base /home/sema/Desktop/drone_ws/build/kontrol/build install --record /home/sema/Desktop/drone_ws/build/kontrol/install.log --single-version-externally-managed
