running egg_info
creating ../../build/kontrol/kontrol.egg-info
writing ../../build/kontrol/kontrol.egg-info/PKG-INFO
writing dependency_links to ../../build/kontrol/kontrol.egg-info/dependency_links.txt
writing entry points to ../../build/kontrol/kontrol.egg-info/entry_points.txt
writing requirements to ../../build/kontrol/kontrol.egg-info/requires.txt
writing top-level names to ../../build/kontrol/kontrol.egg-info/top_level.txt
writing manifest file '../../build/kontrol/kontrol.egg-info/SOURCES.txt'
reading manifest file '../../build/kontrol/kontrol.egg-info/SOURCES.txt'
adding license file 'LICENSE'
writing manifest file '../../build/kontrol/kontrol.egg-info/SOURCES.txt'
running build
running build_py
creating /home/sema/Desktop/drone_ws/build/kontrol/build
creating /home/sema/Desktop/drone_ws/build/kontrol/build/lib
creating /home/sema/Desktop/drone_ws/build/kontrol/build/lib/kontrol
copying kontrol/__init__.py -> /home/sema/Desktop/drone_ws/build/kontrol/build/lib/kontrol
copying kontrol/kumanda.py -> /home/sema/Desktop/drone_ws/build/kontrol/build/lib/kontrol
running install
/usr/lib/python3/dist-packages/setuptools/command/install.py:34: SetuptoolsDeprecationWarning: setup.py install is deprecated. Use build and pip and other standards-based tools.
  warnings.warn(
running install_lib
creating /home/sema/Desktop/drone_ws/install/kontrol/lib/python3.10/site-packages/kontrol
copying /home/sema/Desktop/drone_ws/build/kontrol/build/lib/kontrol/__init__.py -> /home/sema/Desktop/drone_ws/install/kontrol/lib/python3.10/site-packages/kontrol
copying /home/sema/Desktop/drone_ws/build/kontrol/build/lib/kontrol/kumanda.py -> /home/sema/Desktop/drone_ws/install/kontrol/lib/python3.10/site-packages/kontrol
byte-compiling /home/sema/Desktop/drone_ws/install/kontrol/lib/python3.10/site-packages/kontrol/__init__.py to __init__.cpython-310.pyc
byte-compiling /home/sema/Desktop/drone_ws/install/kontrol/lib/python3.10/site-packages/kontrol/kumanda.py to kumanda.cpython-310.pyc
running install_data
creating /home/sema/Desktop/drone_ws/install/kontrol/share/ament_index
creating /home/sema/Desktop/drone_ws/install/kontrol/share/ament_index/resource_index
creating /home/sema/Desktop/drone_ws/install/kontrol/share/ament_index/resource_index/packages
copying resource/kontrol -> /home/sema/Desktop/drone_ws/install/kontrol/share/ament_index/resource_index/packages
copying package.xml -> /home/sema/Desktop/drone_ws/install/kontrol/share/kontrol
running install_egg_info
Copying ../../build/kontrol/kontrol.egg-info to /home/sema/Desktop/drone_ws/install/kontrol/lib/python3.10/site-packages/kontrol-0.0.0-py3.10.egg-info
running install_scripts
Installing kumanda script to /home/sema/Desktop/drone_ws/install/kontrol/lib/kontrol
writing list of installed files to '/home/sema/Desktop/drone_ws/build/kontrol/install.log'
