[0.623s] Invoking command in '/home/sema/Desktop/drone_ws/src/kontrol': PYTHONPATH=/home/sema/Desktop/drone_ws/build/kontrol/prefix_override:/home/sema/Desktop/drone_ws/install/kontrol/lib/python3.10/site-packages:${PYTHONPATH} /usr/bin/python3 setup.py egg_info --egg-base ../../build/kontrol build --build-base /home/sema/Desktop/drone_ws/build/kontrol/build install --record /home/sema/Desktop/drone_ws/build/kontrol/install.log --single-version-externally-managed
[0.818s] running egg_info
[0.819s] writing ../../build/kontrol/kontrol.egg-info/PKG-INFO
[0.819s] writing dependency_links to ../../build/kontrol/kontrol.egg-info/dependency_links.txt
[0.819s] writing entry points to ../../build/kontrol/kontrol.egg-info/entry_points.txt
[0.820s] writing requirements to ../../build/kontrol/kontrol.egg-info/requires.txt
[0.820s] writing top-level names to ../../build/kontrol/kontrol.egg-info/top_level.txt
[0.821s] reading manifest file '../../build/kontrol/kontrol.egg-info/SOURCES.txt'
[0.860s] adding license file 'LICENSE'
[0.861s] writing manifest file '../../build/kontrol/kontrol.egg-info/SOURCES.txt'
[0.861s] running build
[0.862s] running build_py
[0.862s] copying kontrol/kumanda.py -> /home/sema/Desktop/drone_ws/build/kontrol/build/lib/kontrol
[0.862s] running install
[0.862s] /usr/lib/python3/dist-packages/setuptools/command/install.py:34: SetuptoolsDeprecationWarning: setup.py install is deprecated. Use build and pip and other standards-based tools.
[0.862s]   warnings.warn(
[0.863s] running install_lib
[0.864s] copying /home/sema/Desktop/drone_ws/build/kontrol/build/lib/kontrol/kumanda.py -> /home/sema/Desktop/drone_ws/install/kontrol/lib/python3.10/site-packages/kontrol
[0.864s] byte-compiling /home/sema/Desktop/drone_ws/install/kontrol/lib/python3.10/site-packages/kontrol/kumanda.py to kumanda.cpython-310.pyc
[0.865s] running install_data
[0.865s] running install_egg_info
[0.867s] removing '/home/sema/Desktop/drone_ws/install/kontrol/lib/python3.10/site-packages/kontrol-0.0.0-py3.10.egg-info' (and everything under it)
[0.867s] Copying ../../build/kontrol/kontrol.egg-info to /home/sema/Desktop/drone_ws/install/kontrol/lib/python3.10/site-packages/kontrol-0.0.0-py3.10.egg-info
[0.868s] running install_scripts
[0.884s] Installing kumanda script to /home/sema/Desktop/drone_ws/install/kontrol/lib/kontrol
[0.885s] writing list of installed files to '/home/sema/Desktop/drone_ws/build/kontrol/install.log'
[0.901s] Invoked command in '/home/sema/Desktop/drone_ws/src/kontrol' returned '0': PYTHONPATH=/home/sema/Desktop/drone_ws/build/kontrol/prefix_override:/home/sema/Desktop/drone_ws/install/kontrol/lib/python3.10/site-packages:${PYTHONPATH} /usr/bin/python3 setup.py egg_info --egg-base ../../build/kontrol build --build-base /home/sema/Desktop/drone_ws/build/kontrol/build install --record /home/sema/Desktop/drone_ws/build/kontrol/install.log --single-version-externally-managed
