/home/sema/Desktop/drone_ws/install/kontrol/lib/python3.10/site-packages/kontrol/__init__.py
/home/sema/Desktop/drone_ws/install/kontrol/lib/python3.10/site-packages/kontrol/kumanda.py
/home/sema/Desktop/drone_ws/install/kontrol/lib/python3.10/site-packages/kontrol/alici.py
/home/sema/Desktop/drone_ws/install/kontrol/lib/python3.10/site-packages/kontrol/takeoff.py
/home/sema/Desktop/drone_ws/install/kontrol/lib/python3.10/site-packages/kontrol/__pycache__/__init__.cpython-310.pyc
/home/sema/Desktop/drone_ws/install/kontrol/lib/python3.10/site-packages/kontrol/__pycache__/kumanda.cpython-310.pyc
/home/sema/Desktop/drone_ws/install/kontrol/lib/python3.10/site-packages/kontrol/__pycache__/alici.cpython-310.pyc
/home/sema/Desktop/drone_ws/install/kontrol/lib/python3.10/site-packages/kontrol/__pycache__/takeoff.cpython-310.pyc
/home/sema/Desktop/drone_ws/install/kontrol/share/ament_index/resource_index/packages/kontrol
/home/sema/Desktop/drone_ws/install/kontrol/share/kontrol/package.xml
/home/sema/Desktop/drone_ws/install/kontrol/lib/python3.10/site-packages/kontrol-0.0.0-py3.10.egg-info/entry_points.txt
/home/sema/Desktop/drone_ws/install/kontrol/lib/python3.10/site-packages/kontrol-0.0.0-py3.10.egg-info/top_level.txt
/home/sema/Desktop/drone_ws/install/kontrol/lib/python3.10/site-packages/kontrol-0.0.0-py3.10.egg-info/dependency_links.txt
/home/sema/Desktop/drone_ws/install/kontrol/lib/python3.10/site-packages/kontrol-0.0.0-py3.10.egg-info/requires.txt
/home/sema/Desktop/drone_ws/install/kontrol/lib/python3.10/site-packages/kontrol-0.0.0-py3.10.egg-info/SOURCES.txt
/home/sema/Desktop/drone_ws/install/kontrol/lib/python3.10/site-packages/kontrol-0.0.0-py3.10.egg-info/zip-safe
/home/sema/Desktop/drone_ws/install/kontrol/lib/python3.10/site-packages/kontrol-0.0.0-py3.10.egg-info/PKG-INFO
/home/sema/Desktop/drone_ws/install/kontrol/lib/kontrol/alici
/home/sema/Desktop/drone_ws/install/kontrol/lib/kontrol/kumanda
/home/sema/Desktop/drone_ws/install/kontrol/lib/kontrol/takeoff
