[0.749s] Invoking command in '/home/sema/Desktop/drone_ws/src/kontrol': PYTHONPATH=/home/sema/Desktop/drone_ws/build/kontrol/prefix_override:/home/sema/Desktop/drone_ws/install/kontrol/lib/python3.10/site-packages:${PYTHONPATH} /usr/bin/python3 setup.py egg_info --egg-base ../../build/kontrol build --build-base /home/sema/Desktop/drone_ws/build/kontrol/build install --record /home/sema/Desktop/drone_ws/build/kontrol/install.log --single-version-externally-managed
[0.935s] running egg_info
[0.948s] writing ../../build/kontrol/kontrol.egg-info/PKG-INFO
[0.948s] writing dependency_links to ../../build/kontrol/kontrol.egg-info/dependency_links.txt
[0.949s] writing entry points to ../../build/kontrol/kontrol.egg-info/entry_points.txt
[0.949s] writing requirements to ../../build/kontrol/kontrol.egg-info/requires.txt
[0.949s] writing top-level names to ../../build/kontrol/kontrol.egg-info/top_level.txt
[0.977s] reading manifest file '../../build/kontrol/kontrol.egg-info/SOURCES.txt'
[0.977s] adding license file 'LICENSE'
[0.977s] writing manifest file '../../build/kontrol/kontrol.egg-info/SOURCES.txt'
[0.977s] running build
[0.977s] running build_py
[0.978s] copying kontrol/__init__.py -> /home/sema/Desktop/drone_ws/build/kontrol/build/lib/kontrol
[0.978s] copying kontrol/ui.py -> /home/sema/Desktop/drone_ws/build/kontrol/build/lib/kontrol
[0.978s] copying kontrol/kumanda.py -> /home/sema/Desktop/drone_ws/build/kontrol/build/lib/kontrol
[0.978s] copying kontrol/alici.py -> /home/sema/Desktop/drone_ws/build/kontrol/build/lib/kontrol
[0.978s] running install
[0.978s] /home/sema/.local/lib/python3.10/site-packages/setuptools/_distutils/cmd.py:66: SetuptoolsDeprecationWarning: setup.py install is deprecated.
[0.978s] !!
[0.979s] 
[0.979s]         ********************************************************************************
[0.979s]         Please avoid running ``setup.py`` directly.
[0.979s]         Instead, use pypa/build, pypa/installer or other
[0.979s]         standards-based tools.
[0.979s] 
[0.979s]         See https://blog.ganssle.io/articles/2021/10/setup-py-deprecated.html for details.
[0.979s]         ********************************************************************************
[0.979s] 
[0.979s] !!
[0.979s]   self.initialize_options()
[0.984s] running install_lib
[0.996s] copying /home/sema/Desktop/drone_ws/build/kontrol/build/lib/kontrol/alici.py -> /home/sema/Desktop/drone_ws/install/kontrol/lib/python3.10/site-packages/kontrol
[0.997s] byte-compiling /home/sema/Desktop/drone_ws/install/kontrol/lib/python3.10/site-packages/kontrol/alici.py to alici.cpython-310.pyc
[0.998s] running install_data
[1.012s] copying resource/kontrol -> /home/sema/Desktop/drone_ws/install/kontrol/share/ament_index/resource_index/packages
[1.012s] copying package.xml -> /home/sema/Desktop/drone_ws/install/kontrol/share/kontrol
[1.012s] running install_egg_info
[1.028s] removing '/home/sema/Desktop/drone_ws/install/kontrol/lib/python3.10/site-packages/kontrol-0.0.0-py3.10.egg-info' (and everything under it)
[1.028s] Copying ../../build/kontrol/kontrol.egg-info to /home/sema/Desktop/drone_ws/install/kontrol/lib/python3.10/site-packages/kontrol-0.0.0-py3.10.egg-info
[1.029s] running install_scripts
[1.155s] Installing alici script to /home/sema/Desktop/drone_ws/install/kontrol/lib/kontrol
[1.155s] Installing kumanda script to /home/sema/Desktop/drone_ws/install/kontrol/lib/kontrol
[1.156s] writing list of installed files to '/home/sema/Desktop/drone_ws/build/kontrol/install.log'
[1.175s] Invoked command in '/home/sema/Desktop/drone_ws/src/kontrol' returned '0': PYTHONPATH=/home/sema/Desktop/drone_ws/build/kontrol/prefix_override:/home/sema/Desktop/drone_ws/install/kontrol/lib/python3.10/site-packages:${PYTHONPATH} /usr/bin/python3 setup.py egg_info --egg-base ../../build/kontrol build --build-base /home/sema/Desktop/drone_ws/build/kontrol/build install --record /home/sema/Desktop/drone_ws/build/kontrol/install.log --single-version-externally-managed
